
-------------------------------------------------------------------------------------------------
Scraping de partidos de la jornada
-------------------------------------------------------------------------------------------------

-------------------------------------------------------------------------------------------------
Partidos de la jornada intento 1. Partidos restantes: 65
-------------------------------------------------------------------------------------------------

Procesando batch 0 de URLs
Scrapeados datos de partido jugado: 4477738, 2-2
Scrapeados datos de partido jugado: 4477735, 3-0
Scrapeados datos de partido jugado: 4477736, 1-0
Scrapeados datos de partido jugado: 4477731, 0-1
Scrapeados datos de partido jugado: 4477733, 3-2
Scrapeados datos de partido jugado: 4477730, 0-1
Scrapeados datos de partido jugado: 4477737, 1-1
Scrapeados datos de partido jugado: 4477734, 0-2
Scrapeados datos de partido jugado: 4477732, 0-3
Scrapeados datos de partido jugado: 4428528, 4-1

Procesando batch 1 de URLs
Scrapeados datos de partido jugado: 4428529, 1-1
Scrapeados datos de partido jugado: 4428530, 2-3
Scrapeados datos de partido jugado: 4428526, 1-2
Scrapeados datos de partido jugado: 4428531, 0-1
Scrapeados datos de partido jugado: 4428534, 1-1
Scrapeados datos de partido jugado: 4428527, 0-2
Scrapeados datos de partido jugado: 4428525, 1-1
Scrapeados datos de partido jugado: 4428532, 1-1
Scrapeados datos de partido jugado: 4428533, 0-2
Scrapeados datos de partido jugado: 4437351, 4-0

Procesando batch 2 de URLs
Scrapeados datos de partido jugado: 4437348, 0-0
Scrapeados datos de partido jugado: 4437352, 1-0
Scrapeados datos de partido jugado: 4437349, 1-3
Scrapeados datos de partido jugado: 4437350, 3-2
Scrapeados datos de partido jugado: 4437347, 1-1
Scrapeados datos de partido jugado: 4437354, 4-0
Scrapeados datos de partido jugado: 4437353, 2-1
Scrapeados datos de partido jugado: 4437355, 2-1
Scrapeados datos de partido jugado: 4477740, 2-0
Scrapeados datos de partido jugado: 4477744, 1-0

Procesando batch 3 de URLs
Scrapeados datos de partido jugado: 4477741, 0-2
Scrapeados datos de partido jugado: 4477743, 2-3
Scrapeados datos de partido jugado: 4477745, 1-2
Scrapeados datos de partido jugado: 4477747, 0-1
Scrapeados datos de partido jugado: 4477746, 0-2
Scrapeados datos de partido jugado: 4477748, 2-3
Scrapeados datos de partido jugado: 4477742, 2-0
Scrapeados datos de partido jugado: 4428258, 2-0
Scrapeados datos de partido jugado: 4428251, 0-0
Scrapeados datos de partido jugado: 4428250, 3-0

Procesando batch 4 de URLs
Scrapeados datos de partido jugado: 4428252, 3-2
Scrapeados datos de partido jugado: 4428254, 1-1
Scrapeados datos de partido jugado: 4428249, 4-0
Scrapeados datos de partido jugado: 4428257, 1-0
Scrapeados datos de partido jugado: 4428256, 3-1
Scrapeados datos de partido jugado: 4428255, 1-1
Scrapeados datos de partido jugado: 4428253, 1-1
Scrapeados datos de partido jugado: 4429870, 3-1
Scrapeados datos de partido jugado: 4429874, 4-0
Scrapeados datos de partido jugado: 4429873, 1-1

Procesando batch 5 de URLs
Scrapeados datos de partido jugado: 4429868, 1-0
Scrapeados datos de partido jugado: 4429875, 1-1
Scrapeados datos de partido jugado: 4429876, 2-1
Scrapeados datos de partido jugado: 4429869, 0-1
Scrapeados datos de partido jugado: 4429871, 0-1
Scrapeados datos de partido jugado: 4429872, 1-1
Scrapeados datos de partido jugado: 4440745, 0-2
Scrapeados datos de partido jugado: 4440743, 1-1
Scrapeados datos de partido jugado: 4440739, 0-2
Scrapeados datos de partido jugado: 4440741, 2-3

Procesando batch 6 de URLs
Scrapeados datos de partido jugado: 4440737, 2-1
Scrapeados datos de partido jugado: 4440742, 1-1
Scrapeados datos de partido jugado: 4440738, 0-3
Scrapeados datos de partido jugado: 4440744, 1-1
Scrapeados datos de partido jugado: 4440740, 1-4

-------------------------------------------------------------------------------------------------
Scraping de partidos: datos de 65 partidos jugados distintos
-------------------------------------------------------------------------------------------------

-------------------------------------------------------------------------------------------------
Estadísticas de scraping
-------------------------------------------------------------------------------------------------

Páginas únicas scrapeadas: 65

Asyncio semaphore: 10

Tamaño del chunk: 10

Páginas fallidas: 121

-------------------------------------------------------------------------------------------------
Reintento 1
-------------------------------------------------------------------------------------------------
· URLFailReason.EMPTY | https://www.transfermarkt.es/terrassa-fc_torrent-cf/index/spielbericht/4477738 | Contenido vacío (<1000 caracteres)
· URLFailReason.EMPTY | https://www.transfermarkt.es/rcd-mallorca-b_cd-ibiza-islas-pitiusas/index/spielbericht/4477731 | Contenido vacío (<1000 caracteres)
· URLFailReason.EMPTY | https://www.transfermarkt.es/ce-sabadell-fc_cd-atletico-baleares/index/spielbericht/4477733 | Contenido vacío (<1000 caracteres)
· URLFailReason.EMPTY | https://www.transfermarkt.es/cd-laredo_ud-llanera/index/spielbericht/4437348 | Contenido vacío (<1000 caracteres)
· URLFailReason.EMPTY | https://www.transfermarkt.es/sd-compostela_cd-guijuelo/index/spielbericht/4437352 | Contenido vacío (<1000 caracteres)
· URLFailReason.EMPTY | https://www.transfermarkt.es/gimnastica-de-torrelavega_bergantinos-fc/index/spielbericht/4437349 | Contenido vacío (<1000 caracteres)
· URLFailReason.EMPTY | https://www.transfermarkt.es/real-avila-cf_coruxo-fc/index/spielbericht/4437350 | Contenido vacío (<1000 caracteres)
· URLFailReason.EMPTY | https://www.transfermarkt.es/salamanca-cf-uds_cd-numancia/index/spielbericht/4437347 | Contenido vacío (<1000 caracteres)
· URLFailReason.EMPTY | https://www.transfermarkt.es/rc-deportivo-fabril_um-escobedo/index/spielbericht/4437354 | Contenido vacío (<1000 caracteres)
· URLFailReason.EMPTY | https://www.transfermarkt.es/up-langreo_marino-de-luanco/index/spielbericht/4437355 | Contenido vacío (<1000 caracteres)
· URLFailReason.EMPTY | https://www.transfermarkt.es/cf-talavera-de-la-reina_ad-union-adarve/index/spielbericht/4477740 | Contenido vacío (<1000 caracteres)
· URLFailReason.EMPTY | https://www.transfermarkt.es/ca-osasuna-promesas_gimnastica-segoviana-cf/index/spielbericht/4428252 | Contenido vacío (<1000 caracteres)
· URLFailReason.EMPTY | https://www.transfermarkt.es/unionistas-de-salamanca-cf_cd-lugo/index/spielbericht/4428254 | Contenido vacío (<1000 caracteres)
· URLFailReason.EMPTY | https://www.transfermarkt.es/cd-arenteiro_gimnastic-de-tarragona/index/spielbericht/4428249 | Contenido vacío (<1000 caracteres)
· URLFailReason.EMPTY | https://www.transfermarkt.es/sd-tarazona_sestao-river/index/spielbericht/4428257 | Contenido vacío (<1000 caracteres)
· URLFailReason.EMPTY | https://www.transfermarkt.es/rc-celta-fortuna_sd-amorebieta/index/spielbericht/4428256 | Contenido vacío (<1000 caracteres)
· URLFailReason.EMPTY | https://www.transfermarkt.es/real-union-club_barakaldo-cf/index/spielbericht/4428255 | Contenido vacío (<1000 caracteres)
· URLFailReason.EMPTY | https://www.transfermarkt.es/fc-barcelona-atletic_real-sociedad-b/index/spielbericht/4428253 | Contenido vacío (<1000 caracteres)
· URLFailReason.EMPTY | https://www.transfermarkt.es/deportiva-minera_fc-la-union-atletico/index/spielbericht/4429870 | Contenido vacío (<1000 caracteres)
· URLFailReason.EMPTY | https://www.transfermarkt.es/cd-estepona-fs_real-balompedica-linense/index/spielbericht/4429874 | Contenido vacío (<1000 caracteres)
· URLFailReason.EMPTY | https://www.transfermarkt.es/ucam-murcia-cf_cf-villanovense/index/spielbericht/4429873 | Contenido vacío (<1000 caracteres)
· URLFailReason.EMPTY | https://www.transfermarkt.es/ud-almeria-b_xerez-cd/index/spielbericht/4429868 | Contenido vacío (<1000 caracteres)
· URLFailReason.EMPTY | https://www.transfermarkt.es/cd-don-benito_recreativo-granada/index/spielbericht/4429871 | Contenido vacío (<1000 caracteres)
· URLFailReason.EMPTY | https://www.transfermarkt.es/rz-deportivo-aragon_cd-calahorra/index/spielbericht/4440741 | Contenido vacío (<1000 caracteres)

-------------------------------------------------------------------------------------------------
Reintento 2
-------------------------------------------------------------------------------------------------
· URLFailReason.EMPTY | https://www.transfermarkt.es/terrassa-fc_torrent-cf/index/spielbericht/4477738 | Contenido vacío (<1000 caracteres)
· URLFailReason.EMPTY | https://www.transfermarkt.es/rcd-mallorca-b_cd-ibiza-islas-pitiusas/index/spielbericht/4477731 | Contenido vacío (<1000 caracteres)
· URLFailReason.EMPTY | https://www.transfermarkt.es/ce-sabadell-fc_cd-atletico-baleares/index/spielbericht/4477733 | Contenido vacío (<1000 caracteres)
· URLFailReason.EMPTY | https://www.transfermarkt.es/cd-laredo_ud-llanera/index/spielbericht/4437348 | Contenido vacío (<1000 caracteres)
· URLFailReason.EMPTY | https://www.transfermarkt.es/sd-compostela_cd-guijuelo/index/spielbericht/4437352 | Contenido vacío (<1000 caracteres)
· URLFailReason.EMPTY | https://www.transfermarkt.es/gimnastica-de-torrelavega_bergantinos-fc/index/spielbericht/4437349 | Contenido vacío (<1000 caracteres)
· URLFailReason.EMPTY | https://www.transfermarkt.es/real-avila-cf_coruxo-fc/index/spielbericht/4437350 | Contenido vacío (<1000 caracteres)
· URLFailReason.EMPTY | https://www.transfermarkt.es/salamanca-cf-uds_cd-numancia/index/spielbericht/4437347 | Contenido vacío (<1000 caracteres)
· URLFailReason.EMPTY | https://www.transfermarkt.es/rc-deportivo-fabril_um-escobedo/index/spielbericht/4437354 | Contenido vacío (<1000 caracteres)
· URLFailReason.EMPTY | https://www.transfermarkt.es/up-langreo_marino-de-luanco/index/spielbericht/4437355 | Contenido vacío (<1000 caracteres)
· URLFailReason.EMPTY | https://www.transfermarkt.es/cf-talavera-de-la-reina_ad-union-adarve/index/spielbericht/4477740 | Contenido vacío (<1000 caracteres)
· URLFailReason.EMPTY | https://www.transfermarkt.es/ca-osasuna-promesas_gimnastica-segoviana-cf/index/spielbericht/4428252 | Contenido vacío (<1000 caracteres)
· URLFailReason.EMPTY | https://www.transfermarkt.es/unionistas-de-salamanca-cf_cd-lugo/index/spielbericht/4428254 | Contenido vacío (<1000 caracteres)
· URLFailReason.EMPTY | https://www.transfermarkt.es/cd-arenteiro_gimnastic-de-tarragona/index/spielbericht/4428249 | Contenido vacío (<1000 caracteres)
· URLFailReason.EMPTY | https://www.transfermarkt.es/sd-tarazona_sestao-river/index/spielbericht/4428257 | Contenido vacío (<1000 caracteres)
· URLFailReason.EMPTY | https://www.transfermarkt.es/rc-celta-fortuna_sd-amorebieta/index/spielbericht/4428256 | Contenido vacío (<1000 caracteres)
· URLFailReason.EMPTY | https://www.transfermarkt.es/real-union-club_barakaldo-cf/index/spielbericht/4428255 | Contenido vacío (<1000 caracteres)
· URLFailReason.EMPTY | https://www.transfermarkt.es/fc-barcelona-atletic_real-sociedad-b/index/spielbericht/4428253 | Contenido vacío (<1000 caracteres)
· URLFailReason.EMPTY | https://www.transfermarkt.es/deportiva-minera_fc-la-union-atletico/index/spielbericht/4429870 | Contenido vacío (<1000 caracteres)
· URLFailReason.EMPTY | https://www.transfermarkt.es/cd-estepona-fs_real-balompedica-linense/index/spielbericht/4429874 | Contenido vacío (<1000 caracteres)
· URLFailReason.EMPTY | https://www.transfermarkt.es/ucam-murcia-cf_cf-villanovense/index/spielbericht/4429873 | Contenido vacío (<1000 caracteres)
· URLFailReason.EMPTY | https://www.transfermarkt.es/ud-almeria-b_xerez-cd/index/spielbericht/4429868 | Contenido vacío (<1000 caracteres)
· URLFailReason.EMPTY | https://www.transfermarkt.es/cd-don-benito_recreativo-granada/index/spielbericht/4429871 | Contenido vacío (<1000 caracteres)
· URLFailReason.EMPTY | https://www.transfermarkt.es/rz-deportivo-aragon_cd-calahorra/index/spielbericht/4440741 | Contenido vacío (<1000 caracteres)

-------------------------------------------------------------------------------------------------
Reintento 3
-------------------------------------------------------------------------------------------------
· URLFailReason.EMPTY | https://www.transfermarkt.es/terrassa-fc_torrent-cf/index/spielbericht/4477738 | Contenido vacío (<1000 caracteres)
· URLFailReason.EMPTY | https://www.transfermarkt.es/rcd-mallorca-b_cd-ibiza-islas-pitiusas/index/spielbericht/4477731 | Contenido vacío (<1000 caracteres)
· URLFailReason.EMPTY | https://www.transfermarkt.es/ce-sabadell-fc_cd-atletico-baleares/index/spielbericht/4477733 | Contenido vacío (<1000 caracteres)
· URLFailReason.EMPTY | https://www.transfermarkt.es/cd-laredo_ud-llanera/index/spielbericht/4437348 | Contenido vacío (<1000 caracteres)
· URLFailReason.EMPTY | https://www.transfermarkt.es/sd-compostela_cd-guijuelo/index/spielbericht/4437352 | Contenido vacío (<1000 caracteres)
· URLFailReason.EMPTY | https://www.transfermarkt.es/gimnastica-de-torrelavega_bergantinos-fc/index/spielbericht/4437349 | Contenido vacío (<1000 caracteres)
· URLFailReason.EMPTY | https://www.transfermarkt.es/real-avila-cf_coruxo-fc/index/spielbericht/4437350 | Contenido vacío (<1000 caracteres)
· URLFailReason.EMPTY | https://www.transfermarkt.es/salamanca-cf-uds_cd-numancia/index/spielbericht/4437347 | Contenido vacío (<1000 caracteres)
· URLFailReason.EMPTY | https://www.transfermarkt.es/rc-deportivo-fabril_um-escobedo/index/spielbericht/4437354 | Contenido vacío (<1000 caracteres)
· URLFailReason.EMPTY | https://www.transfermarkt.es/up-langreo_marino-de-luanco/index/spielbericht/4437355 | Contenido vacío (<1000 caracteres)
· URLFailReason.EMPTY | https://www.transfermarkt.es/cf-talavera-de-la-reina_ad-union-adarve/index/spielbericht/4477740 | Contenido vacío (<1000 caracteres)
· URLFailReason.EMPTY | https://www.transfermarkt.es/ca-osasuna-promesas_gimnastica-segoviana-cf/index/spielbericht/4428252 | Contenido vacío (<1000 caracteres)
· URLFailReason.EMPTY | https://www.transfermarkt.es/unionistas-de-salamanca-cf_cd-lugo/index/spielbericht/4428254 | Contenido vacío (<1000 caracteres)
· URLFailReason.EMPTY | https://www.transfermarkt.es/cd-arenteiro_gimnastic-de-tarragona/index/spielbericht/4428249 | Contenido vacío (<1000 caracteres)
· URLFailReason.EMPTY | https://www.transfermarkt.es/sd-tarazona_sestao-river/index/spielbericht/4428257 | Contenido vacío (<1000 caracteres)
· URLFailReason.EMPTY | https://www.transfermarkt.es/rc-celta-fortuna_sd-amorebieta/index/spielbericht/4428256 | Contenido vacío (<1000 caracteres)
· URLFailReason.EMPTY | https://www.transfermarkt.es/real-union-club_barakaldo-cf/index/spielbericht/4428255 | Contenido vacío (<1000 caracteres)
· URLFailReason.EMPTY | https://www.transfermarkt.es/fc-barcelona-atletic_real-sociedad-b/index/spielbericht/4428253 | Contenido vacío (<1000 caracteres)
· URLFailReason.EMPTY | https://www.transfermarkt.es/deportiva-minera_fc-la-union-atletico/index/spielbericht/4429870 | Contenido vacío (<1000 caracteres)
· URLFailReason.EMPTY | https://www.transfermarkt.es/cd-estepona-fs_real-balompedica-linense/index/spielbericht/4429874 | Contenido vacío (<1000 caracteres)
· URLFailReason.EMPTY | https://www.transfermarkt.es/ucam-murcia-cf_cf-villanovense/index/spielbericht/4429873 | Contenido vacío (<1000 caracteres)
· URLFailReason.EMPTY | https://www.transfermarkt.es/ud-almeria-b_xerez-cd/index/spielbericht/4429868 | Contenido vacío (<1000 caracteres)
· URLFailReason.EMPTY | https://www.transfermarkt.es/cd-don-benito_recreativo-granada/index/spielbericht/4429871 | Contenido vacío (<1000 caracteres)
· URLFailReason.EMPTY | https://www.transfermarkt.es/rz-deportivo-aragon_cd-calahorra/index/spielbericht/4440741 | Contenido vacío (<1000 caracteres)

-------------------------------------------------------------------------------------------------
Reintento 4
-------------------------------------------------------------------------------------------------
· URLFailReason.EMPTY | https://www.transfermarkt.es/terrassa-fc_torrent-cf/index/spielbericht/4477738 | Contenido vacío (<1000 caracteres)
· URLFailReason.EMPTY | https://www.transfermarkt.es/rcd-mallorca-b_cd-ibiza-islas-pitiusas/index/spielbericht/4477731 | Contenido vacío (<1000 caracteres)
· URLFailReason.EMPTY | https://www.transfermarkt.es/ce-sabadell-fc_cd-atletico-baleares/index/spielbericht/4477733 | Contenido vacío (<1000 caracteres)
· URLFailReason.EMPTY | https://www.transfermarkt.es/cd-laredo_ud-llanera/index/spielbericht/4437348 | Contenido vacío (<1000 caracteres)
· URLFailReason.EMPTY | https://www.transfermarkt.es/sd-compostela_cd-guijuelo/index/spielbericht/4437352 | Contenido vacío (<1000 caracteres)
· URLFailReason.EMPTY | https://www.transfermarkt.es/gimnastica-de-torrelavega_bergantinos-fc/index/spielbericht/4437349 | Contenido vacío (<1000 caracteres)
· URLFailReason.EMPTY | https://www.transfermarkt.es/real-avila-cf_coruxo-fc/index/spielbericht/4437350 | Contenido vacío (<1000 caracteres)
· URLFailReason.EMPTY | https://www.transfermarkt.es/salamanca-cf-uds_cd-numancia/index/spielbericht/4437347 | Contenido vacío (<1000 caracteres)
· URLFailReason.EMPTY | https://www.transfermarkt.es/rc-deportivo-fabril_um-escobedo/index/spielbericht/4437354 | Contenido vacío (<1000 caracteres)
· URLFailReason.EMPTY | https://www.transfermarkt.es/up-langreo_marino-de-luanco/index/spielbericht/4437355 | Contenido vacío (<1000 caracteres)
· URLFailReason.EMPTY | https://www.transfermarkt.es/cf-talavera-de-la-reina_ad-union-adarve/index/spielbericht/4477740 | Contenido vacío (<1000 caracteres)
· URLFailReason.EMPTY | https://www.transfermarkt.es/ca-osasuna-promesas_gimnastica-segoviana-cf/index/spielbericht/4428252 | Contenido vacío (<1000 caracteres)
· URLFailReason.EMPTY | https://www.transfermarkt.es/unionistas-de-salamanca-cf_cd-lugo/index/spielbericht/4428254 | Contenido vacío (<1000 caracteres)
· URLFailReason.EMPTY | https://www.transfermarkt.es/cd-arenteiro_gimnastic-de-tarragona/index/spielbericht/4428249 | Contenido vacío (<1000 caracteres)
· URLFailReason.EMPTY | https://www.transfermarkt.es/sd-tarazona_sestao-river/index/spielbericht/4428257 | Contenido vacío (<1000 caracteres)
· URLFailReason.EMPTY | https://www.transfermarkt.es/rc-celta-fortuna_sd-amorebieta/index/spielbericht/4428256 | Contenido vacío (<1000 caracteres)
· URLFailReason.EMPTY | https://www.transfermarkt.es/real-union-club_barakaldo-cf/index/spielbericht/4428255 | Contenido vacío (<1000 caracteres)
· URLFailReason.EMPTY | https://www.transfermarkt.es/fc-barcelona-atletic_real-sociedad-b/index/spielbericht/4428253 | Contenido vacío (<1000 caracteres)
· URLFailReason.EMPTY | https://www.transfermarkt.es/deportiva-minera_fc-la-union-atletico/index/spielbericht/4429870 | Contenido vacío (<1000 caracteres)
· URLFailReason.EMPTY | https://www.transfermarkt.es/cd-estepona-fs_real-balompedica-linense/index/spielbericht/4429874 | Contenido vacío (<1000 caracteres)
· URLFailReason.EMPTY | https://www.transfermarkt.es/ucam-murcia-cf_cf-villanovense/index/spielbericht/4429873 | Contenido vacío (<1000 caracteres)
· URLFailReason.EMPTY | https://www.transfermarkt.es/ud-almeria-b_xerez-cd/index/spielbericht/4429868 | Contenido vacío (<1000 caracteres)
· URLFailReason.EMPTY | https://www.transfermarkt.es/cd-don-benito_recreativo-granada/index/spielbericht/4429871 | Contenido vacío (<1000 caracteres)
· URLFailReason.EMPTY | https://www.transfermarkt.es/rz-deportivo-aragon_cd-calahorra/index/spielbericht/4440741 | Contenido vacío (<1000 caracteres)

-------------------------------------------------------------------------------------------------
Reintento 5
-------------------------------------------------------------------------------------------------
· URLFailReason.EMPTY | https://www.transfermarkt.es/unionistas-de-salamanca-cf_cd-lugo/index/spielbericht/4428254 | Contenido vacío (<1000 caracteres)

-------------------------------------------------------------------------------------------------
Reintento 6
-------------------------------------------------------------------------------------------------

-------------------------------------------------------------------------------------------------
Reintento 7
-------------------------------------------------------------------------------------------------

-------------------------------------------------------------------------------------------------
Fichero JSON
-------------------------------------------------------------------------------------------------
Fichero creado: c:\Users\alexl\OneDrive - Universidade de Santiago de Compostela\TFG\Scraping\extraccion\jornada\resultados\datos_partidos_jornada.json

-------------------------------------------------------------------------------------------------
Fichero JSON
-------------------------------------------------------------------------------------------------
Fichero creado: c:\Users\alexl\OneDrive - Universidade de Santiago de Compostela\TFG\Scraping\extraccion\jornada\resultados\24-06-25_23-01datos_partidos_jornada.json

Tiempo total de ejecución: 19 minutos y 12.41 segundos
