
-------------------------------------------------------------------------------------------------
Scraping de partidos de la jornada
-------------------------------------------------------------------------------------------------

-------------------------------------------------------------------------------------------------
Partidos de la jornada intento 1. Partidos restantes: 65
-------------------------------------------------------------------------------------------------

Procesando batch 0 de URLs
Scrapeados datos de partido jugado: 4437434, 0-0
Scrapeados datos de partido jugado: 4437435, 0-0
Scrapeados datos de partido jugado: 4437439, 0-2
Scrapeados datos de partido jugado: 4437436, 0-2
Scrapeados datos de partido jugado: 4437438, 0-1
Scrapeados datos de partido jugado: 4437432, 1-2
Scrapeados datos de partido jugado: 4437431, 1-0
Scrapeados datos de partido jugado: 4437433, 1-1
Scrapeados datos de partido jugado: 4437437, 3-3
Scrapeados datos de partido jugado: 4429954, 0-0

Procesando batch 1 de URLs
Scrapeados datos de partido jugado: 4429957, 0-2
Scrapeados datos de partido jugado: 4429950, 1-2
Scrapeados datos de partido jugado: 4429951, 0-1
Scrapeados datos de partido jugado: 4429953, 1-0
Scrapeados datos de partido jugado: 4429955, 0-1
Scrapeados datos de partido jugado: 4429952, 0-1
Scrapeados datos de partido jugado: 4429949, 0-2
Scrapeados datos de partido jugado: 4429956, 2-2
Scrapeados datos de partido jugado: 4479608, 1-3
Scrapeados datos de partido jugado: 4479615, 2-0

Procesando batch 2 de URLs
Scrapeados datos de partido jugado: 4479607, 2-3
Scrapeados datos de partido jugado: 4479610, 0-0
Scrapeados datos de partido jugado: 4479611, 2-0
Scrapeados datos de partido jugado: 4479614, 4-1
Scrapeados datos de partido jugado: 4479612, 1-0
Scrapeados datos de partido jugado: 4479613, 0-1
Scrapeados datos de partido jugado: 4479609, 2-3
Scrapeados datos de partido jugado: 4479343, 0-1
Scrapeados datos de partido jugado: 4479336, 2-1
Scrapeados datos de partido jugado: 4479335, 0-2

Procesando batch 3 de URLs
Scrapeados datos de partido jugado: 4479337, 0-2
Scrapeados datos de partido jugado: 4479342, 3-0
Scrapeados datos de partido jugado: 4479340, 4-0
Scrapeados datos de partido jugado: 4479339, 1-1
Scrapeados datos de partido jugado: 4479341, 0-1
Scrapeados datos de partido jugado: 4479338, 2-2
Scrapeados datos de partido jugado: 4428623, 2-2
Scrapeados datos de partido jugado: 4428619, 2-2
Scrapeados datos de partido jugado: 4428616, 0-1
Scrapeados datos de partido jugado: 4428624, 1-1

Procesando batch 4 de URLs
Scrapeados datos de partido jugado: 4428620, 1-2
Scrapeados datos de partido jugado: 4428615, 2-1
Scrapeados datos de partido jugado: 4428621, 1-0
Scrapeados datos de partido jugado: 4428617, 0-0
Scrapeados datos de partido jugado: 4428618, 2-2
Scrapeados datos de partido jugado: 4428622, 0-1
Scrapeados datos de partido jugado: 4427965, 1-0
Scrapeados datos de partido jugado: 4427961, 0-1
Scrapeados datos de partido jugado: 4427968, 1-2
Scrapeados datos de partido jugado: 4427960, 3-0

Procesando batch 5 de URLs
Scrapeados datos de partido jugado: 4427964, 2-2
Scrapeados datos de partido jugado: 4427966, 1-1
Scrapeados datos de partido jugado: 4427959, 0-0
Scrapeados datos de partido jugado: 4427963, 1-1
Scrapeados datos de partido jugado: 4427967, 3-0
Scrapeados datos de partido jugado: 4427962, 2-3
Scrapeados datos de partido jugado: 4440872, 1-3
Scrapeados datos de partido jugado: 4440875, 1-1
Scrapeados datos de partido jugado: 4440873, 2-0
Scrapeados datos de partido jugado: 4440871, 2-0

Procesando batch 6 de URLs
Scrapeados datos de partido jugado: 4440869, 1-1
Scrapeados datos de partido jugado: 4440877, 2-0
Scrapeados datos de partido jugado: 4440876, 0-1
Scrapeados datos de partido jugado: 4440870, 0-0
Scrapeados datos de partido jugado: 4440874, 2-4

-------------------------------------------------------------------------------------------------
Scraping de partidos: datos de 65 partidos jugados distintos
-------------------------------------------------------------------------------------------------

-------------------------------------------------------------------------------------------------
Estadísticas de scraping
-------------------------------------------------------------------------------------------------

Páginas únicas scrapeadas: 65

Asyncio semaphore: 10

Tamaño del chunk: 10

Páginas fallidas: 101

-------------------------------------------------------------------------------------------------
Reintento 1
-------------------------------------------------------------------------------------------------
· URLFailReason.EMPTY | https://www.transfermarkt.es/cd-atletico-paso_ud-melilla/index/spielbericht/4479607 | Contenido vacío (<1000 caracteres)
· URLFailReason.EMPTY | https://www.transfermarkt.es/getafe-cf-b_cp-cacereno/index/spielbericht/4479610 | Contenido vacío (<1000 caracteres)
· URLFailReason.EMPTY | https://www.transfermarkt.es/cda-navalcarnero_ud-san-sebastian-de-los-reyes/index/spielbericht/4479611 | Contenido vacío (<1000 caracteres)
· URLFailReason.EMPTY | https://www.transfermarkt.es/cd-coria_ad-union-adarve/index/spielbericht/4479612 | Contenido vacío (<1000 caracteres)
· URLFailReason.EMPTY | https://www.transfermarkt.es/cd-mostoles-urjc_cf-talavera-de-la-reina/index/spielbericht/4479609 | Contenido vacío (<1000 caracteres)
· URLFailReason.EMPTY | https://www.transfermarkt.es/cd-ibiza-islas-pitiusas_cd-atletico-baleares/index/spielbericht/4479343 | Contenido vacío (<1000 caracteres)
· URLFailReason.EMPTY | https://www.transfermarkt.es/elche-ilicitano_scr-penya-deportiva/index/spielbericht/4479336 | Contenido vacío (<1000 caracteres)
· URLFailReason.EMPTY | https://www.transfermarkt.es/rcd-mallorca-b_ce-europa/index/spielbericht/4479335 | Contenido vacío (<1000 caracteres)
· URLFailReason.EMPTY | https://www.transfermarkt.es/ud-alzira_terrassa-fc/index/spielbericht/4479337 | Contenido vacío (<1000 caracteres)
· URLFailReason.EMPTY | https://www.transfermarkt.es/lleida-cf_ce-andratx/index/spielbericht/4479342 | Contenido vacío (<1000 caracteres)
· URLFailReason.EMPTY | https://www.transfermarkt.es/ue-cornella_rcd-espanyol-b/index/spielbericht/4479341 | Contenido vacío (<1000 caracteres)
· URLFailReason.EMPTY | https://www.transfermarkt.es/ue-olot_cf-badalona-futur/index/spielbericht/4479338 | Contenido vacío (<1000 caracteres)
· URLFailReason.EMPTY | https://www.transfermarkt.es/antequera-cf_ad-ceuta-fc/index/spielbericht/4428619 | Contenido vacío (<1000 caracteres)
· URLFailReason.EMPTY | https://www.transfermarkt.es/yeclano-deportivo-_merida-ad/index/spielbericht/4428624 | Contenido vacío (<1000 caracteres)
· URLFailReason.EMPTY | https://www.transfermarkt.es/atletico-sanluqueno-cf_ad-alcorcon/index/spielbericht/4428620 | Contenido vacío (<1000 caracteres)
· URLFailReason.EMPTY | https://www.transfermarkt.es/hercules-cf_cd-alcoyano/index/spielbericht/4428621 | Contenido vacío (<1000 caracteres)
· URLFailReason.EMPTY | https://www.transfermarkt.es/cf-intercity_villarreal-cf-b/index/spielbericht/4428618 | Contenido vacío (<1000 caracteres)
· URLFailReason.EMPTY | https://www.transfermarkt.es/gimnastic-de-tarragona_zamora-cf/index/spielbericht/4427965 | Contenido vacío (<1000 caracteres)
· URLFailReason.EMPTY | https://www.transfermarkt.es/sd-amorebieta_barakaldo-cf/index/spielbericht/4427964 | Contenido vacío (<1000 caracteres)
· URLFailReason.EMPTY | https://www.transfermarkt.es/bilbao-athletic_sd-tarazona/index/spielbericht/4427963 | Contenido vacío (<1000 caracteres)

-------------------------------------------------------------------------------------------------
Reintento 2
-------------------------------------------------------------------------------------------------
· URLFailReason.EMPTY | https://www.transfermarkt.es/cd-atletico-paso_ud-melilla/index/spielbericht/4479607 | Contenido vacío (<1000 caracteres)
· URLFailReason.EMPTY | https://www.transfermarkt.es/getafe-cf-b_cp-cacereno/index/spielbericht/4479610 | Contenido vacío (<1000 caracteres)
· URLFailReason.EMPTY | https://www.transfermarkt.es/cda-navalcarnero_ud-san-sebastian-de-los-reyes/index/spielbericht/4479611 | Contenido vacío (<1000 caracteres)
· URLFailReason.EMPTY | https://www.transfermarkt.es/cd-coria_ad-union-adarve/index/spielbericht/4479612 | Contenido vacío (<1000 caracteres)
· URLFailReason.EMPTY | https://www.transfermarkt.es/cd-mostoles-urjc_cf-talavera-de-la-reina/index/spielbericht/4479609 | Contenido vacío (<1000 caracteres)
· URLFailReason.EMPTY | https://www.transfermarkt.es/cd-ibiza-islas-pitiusas_cd-atletico-baleares/index/spielbericht/4479343 | Contenido vacío (<1000 caracteres)
· URLFailReason.EMPTY | https://www.transfermarkt.es/elche-ilicitano_scr-penya-deportiva/index/spielbericht/4479336 | Contenido vacío (<1000 caracteres)
· URLFailReason.EMPTY | https://www.transfermarkt.es/rcd-mallorca-b_ce-europa/index/spielbericht/4479335 | Contenido vacío (<1000 caracteres)
· URLFailReason.EMPTY | https://www.transfermarkt.es/ud-alzira_terrassa-fc/index/spielbericht/4479337 | Contenido vacío (<1000 caracteres)
· URLFailReason.EMPTY | https://www.transfermarkt.es/lleida-cf_ce-andratx/index/spielbericht/4479342 | Contenido vacío (<1000 caracteres)
· URLFailReason.EMPTY | https://www.transfermarkt.es/ue-cornella_rcd-espanyol-b/index/spielbericht/4479341 | Contenido vacío (<1000 caracteres)
· URLFailReason.EMPTY | https://www.transfermarkt.es/ue-olot_cf-badalona-futur/index/spielbericht/4479338 | Contenido vacío (<1000 caracteres)
· URLFailReason.EMPTY | https://www.transfermarkt.es/antequera-cf_ad-ceuta-fc/index/spielbericht/4428619 | Contenido vacío (<1000 caracteres)
· URLFailReason.EMPTY | https://www.transfermarkt.es/yeclano-deportivo-_merida-ad/index/spielbericht/4428624 | Contenido vacío (<1000 caracteres)
· URLFailReason.EMPTY | https://www.transfermarkt.es/atletico-sanluqueno-cf_ad-alcorcon/index/spielbericht/4428620 | Contenido vacío (<1000 caracteres)
· URLFailReason.EMPTY | https://www.transfermarkt.es/hercules-cf_cd-alcoyano/index/spielbericht/4428621 | Contenido vacío (<1000 caracteres)
· URLFailReason.EMPTY | https://www.transfermarkt.es/cf-intercity_villarreal-cf-b/index/spielbericht/4428618 | Contenido vacío (<1000 caracteres)
· URLFailReason.EMPTY | https://www.transfermarkt.es/gimnastic-de-tarragona_zamora-cf/index/spielbericht/4427965 | Contenido vacío (<1000 caracteres)
· URLFailReason.EMPTY | https://www.transfermarkt.es/sd-amorebieta_barakaldo-cf/index/spielbericht/4427964 | Contenido vacío (<1000 caracteres)
· URLFailReason.EMPTY | https://www.transfermarkt.es/bilbao-athletic_sd-tarazona/index/spielbericht/4427963 | Contenido vacío (<1000 caracteres)

-------------------------------------------------------------------------------------------------
Reintento 3
-------------------------------------------------------------------------------------------------
· URLFailReason.EMPTY | https://www.transfermarkt.es/cd-atletico-paso_ud-melilla/index/spielbericht/4479607 | Contenido vacío (<1000 caracteres)
· URLFailReason.EMPTY | https://www.transfermarkt.es/getafe-cf-b_cp-cacereno/index/spielbericht/4479610 | Contenido vacío (<1000 caracteres)
· URLFailReason.EMPTY | https://www.transfermarkt.es/cda-navalcarnero_ud-san-sebastian-de-los-reyes/index/spielbericht/4479611 | Contenido vacío (<1000 caracteres)
· URLFailReason.EMPTY | https://www.transfermarkt.es/cd-coria_ad-union-adarve/index/spielbericht/4479612 | Contenido vacío (<1000 caracteres)
· URLFailReason.EMPTY | https://www.transfermarkt.es/cd-mostoles-urjc_cf-talavera-de-la-reina/index/spielbericht/4479609 | Contenido vacío (<1000 caracteres)
· URLFailReason.EMPTY | https://www.transfermarkt.es/cd-ibiza-islas-pitiusas_cd-atletico-baleares/index/spielbericht/4479343 | Contenido vacío (<1000 caracteres)
· URLFailReason.EMPTY | https://www.transfermarkt.es/elche-ilicitano_scr-penya-deportiva/index/spielbericht/4479336 | Contenido vacío (<1000 caracteres)
· URLFailReason.EMPTY | https://www.transfermarkt.es/rcd-mallorca-b_ce-europa/index/spielbericht/4479335 | Contenido vacío (<1000 caracteres)
· URLFailReason.EMPTY | https://www.transfermarkt.es/ud-alzira_terrassa-fc/index/spielbericht/4479337 | Contenido vacío (<1000 caracteres)
· URLFailReason.EMPTY | https://www.transfermarkt.es/lleida-cf_ce-andratx/index/spielbericht/4479342 | Contenido vacío (<1000 caracteres)
· URLFailReason.EMPTY | https://www.transfermarkt.es/ue-cornella_rcd-espanyol-b/index/spielbericht/4479341 | Contenido vacío (<1000 caracteres)
· URLFailReason.EMPTY | https://www.transfermarkt.es/ue-olot_cf-badalona-futur/index/spielbericht/4479338 | Contenido vacío (<1000 caracteres)
· URLFailReason.EMPTY | https://www.transfermarkt.es/antequera-cf_ad-ceuta-fc/index/spielbericht/4428619 | Contenido vacío (<1000 caracteres)
· URLFailReason.EMPTY | https://www.transfermarkt.es/yeclano-deportivo-_merida-ad/index/spielbericht/4428624 | Contenido vacío (<1000 caracteres)
· URLFailReason.EMPTY | https://www.transfermarkt.es/atletico-sanluqueno-cf_ad-alcorcon/index/spielbericht/4428620 | Contenido vacío (<1000 caracteres)
· URLFailReason.EMPTY | https://www.transfermarkt.es/hercules-cf_cd-alcoyano/index/spielbericht/4428621 | Contenido vacío (<1000 caracteres)
· URLFailReason.EMPTY | https://www.transfermarkt.es/cf-intercity_villarreal-cf-b/index/spielbericht/4428618 | Contenido vacío (<1000 caracteres)
· URLFailReason.EMPTY | https://www.transfermarkt.es/gimnastic-de-tarragona_zamora-cf/index/spielbericht/4427965 | Contenido vacío (<1000 caracteres)
· URLFailReason.EMPTY | https://www.transfermarkt.es/sd-amorebieta_barakaldo-cf/index/spielbericht/4427964 | Contenido vacío (<1000 caracteres)
· URLFailReason.EMPTY | https://www.transfermarkt.es/bilbao-athletic_sd-tarazona/index/spielbericht/4427963 | Contenido vacío (<1000 caracteres)

-------------------------------------------------------------------------------------------------
Reintento 4
-------------------------------------------------------------------------------------------------
· URLFailReason.EMPTY | https://www.transfermarkt.es/cd-atletico-paso_ud-melilla/index/spielbericht/4479607 | Contenido vacío (<1000 caracteres)
· URLFailReason.EMPTY | https://www.transfermarkt.es/getafe-cf-b_cp-cacereno/index/spielbericht/4479610 | Contenido vacío (<1000 caracteres)
· URLFailReason.EMPTY | https://www.transfermarkt.es/cda-navalcarnero_ud-san-sebastian-de-los-reyes/index/spielbericht/4479611 | Contenido vacío (<1000 caracteres)
· URLFailReason.EMPTY | https://www.transfermarkt.es/cd-coria_ad-union-adarve/index/spielbericht/4479612 | Contenido vacío (<1000 caracteres)
· URLFailReason.EMPTY | https://www.transfermarkt.es/cd-mostoles-urjc_cf-talavera-de-la-reina/index/spielbericht/4479609 | Contenido vacío (<1000 caracteres)
· URLFailReason.EMPTY | https://www.transfermarkt.es/cd-ibiza-islas-pitiusas_cd-atletico-baleares/index/spielbericht/4479343 | Contenido vacío (<1000 caracteres)
· URLFailReason.EMPTY | https://www.transfermarkt.es/elche-ilicitano_scr-penya-deportiva/index/spielbericht/4479336 | Contenido vacío (<1000 caracteres)
· URLFailReason.EMPTY | https://www.transfermarkt.es/rcd-mallorca-b_ce-europa/index/spielbericht/4479335 | Contenido vacío (<1000 caracteres)
· URLFailReason.EMPTY | https://www.transfermarkt.es/ud-alzira_terrassa-fc/index/spielbericht/4479337 | Contenido vacío (<1000 caracteres)
· URLFailReason.EMPTY | https://www.transfermarkt.es/lleida-cf_ce-andratx/index/spielbericht/4479342 | Contenido vacío (<1000 caracteres)
· URLFailReason.EMPTY | https://www.transfermarkt.es/ue-cornella_rcd-espanyol-b/index/spielbericht/4479341 | Contenido vacío (<1000 caracteres)
· URLFailReason.EMPTY | https://www.transfermarkt.es/ue-olot_cf-badalona-futur/index/spielbericht/4479338 | Contenido vacío (<1000 caracteres)
· URLFailReason.EMPTY | https://www.transfermarkt.es/antequera-cf_ad-ceuta-fc/index/spielbericht/4428619 | Contenido vacío (<1000 caracteres)
· URLFailReason.EMPTY | https://www.transfermarkt.es/yeclano-deportivo-_merida-ad/index/spielbericht/4428624 | Contenido vacío (<1000 caracteres)
· URLFailReason.EMPTY | https://www.transfermarkt.es/atletico-sanluqueno-cf_ad-alcorcon/index/spielbericht/4428620 | Contenido vacío (<1000 caracteres)
· URLFailReason.EMPTY | https://www.transfermarkt.es/hercules-cf_cd-alcoyano/index/spielbericht/4428621 | Contenido vacío (<1000 caracteres)
· URLFailReason.EMPTY | https://www.transfermarkt.es/cf-intercity_villarreal-cf-b/index/spielbericht/4428618 | Contenido vacío (<1000 caracteres)
· URLFailReason.EMPTY | https://www.transfermarkt.es/gimnastic-de-tarragona_zamora-cf/index/spielbericht/4427965 | Contenido vacío (<1000 caracteres)
· URLFailReason.EMPTY | https://www.transfermarkt.es/sd-amorebieta_barakaldo-cf/index/spielbericht/4427964 | Contenido vacío (<1000 caracteres)
· URLFailReason.EMPTY | https://www.transfermarkt.es/bilbao-athletic_sd-tarazona/index/spielbericht/4427963 | Contenido vacío (<1000 caracteres)

-------------------------------------------------------------------------------------------------
Reintento 5
-------------------------------------------------------------------------------------------------

-------------------------------------------------------------------------------------------------
Reintento 6
-------------------------------------------------------------------------------------------------

-------------------------------------------------------------------------------------------------
Reintento 7
-------------------------------------------------------------------------------------------------

-------------------------------------------------------------------------------------------------
Fichero JSON
-------------------------------------------------------------------------------------------------
Fichero creado: c:\Users\alexl\OneDrive - Universidade de Santiago de Compostela\TFG\Scraping\extraccion\jornada\resultados\datos_partidos_jornada.json

-------------------------------------------------------------------------------------------------
Fichero JSON
-------------------------------------------------------------------------------------------------
Fichero creado: c:\Users\alexl\OneDrive - Universidade de Santiago de Compostela\TFG\Scraping\extraccion\jornada\resultados\25-06-25_16-59datos_partidos_jornada.json

Tiempo total de ejecución: 16 minutos y 7.16 segundos
