
-------------------------------------------------------------------------------------------------
Scraping de partidos de la jornada
-------------------------------------------------------------------------------------------------

-------------------------------------------------------------------------------------------------
Partidos de la jornada intento 1. Partidos restantes: 65
-------------------------------------------------------------------------------------------------

Procesando batch 0 de URLs
Scrapeados datos de partido jugado: 4479620, 3-0
Scrapeados datos de partido jugado: 4479619, 1-0
Scrapeados datos de partido jugado: 4479624, 3-1
Scrapeados datos de partido jugado: 4479617, 2-3
Scrapeados datos de partido jugado: 4479616, 0-0
Scrapeados datos de partido jugado: 4479622, 0-1
Scrapeados datos de partido jugado: 4479623, 0-1
Scrapeados datos de partido jugado: 4479618, 2-1
Scrapeados datos de partido jugado: 4479621, 1-2
Scrapeados datos de partido jugado: 4428628, 1-1

Procesando batch 1 de URLs
Scrapeados datos de partido jugado: 4428629, 1-0
Scrapeados datos de partido jugado: 4428626, 0-1
Scrapeados datos de partido jugado: 4428630, 1-3
Scrapeados datos de partido jugado: 4428633, 1-1
Scrapeados datos de partido jugado: 4428625, 1-2
Scrapeados datos de partido jugado: 4428631, 2-1
Scrapeados datos de partido jugado: 4428632, 2-1
Scrapeados datos de partido jugado: 4428627, 0-0
Scrapeados datos de partido jugado: 4428634, 1-1
Scrapeados datos de partido jugado: 4430000, 1-1

Procesando batch 2 de URLs
Scrapeados datos de partido jugado: 4429998, 1-3
Scrapeados datos de partido jugado: 4429996, 2-1
Scrapeados datos de partido jugado: 4429999, 1-0
Scrapeados datos de partido jugado: 4430003, 0-1
Scrapeados datos de partido jugado: 4429995, 0-1
Scrapeados datos de partido jugado: 4430001, 0-2
Scrapeados datos de partido jugado: 4430002, 0-0
Scrapeados datos de partido jugado: 4429997, 0-1
Scrapeados datos de partido jugado: 4437460, 2-3
Scrapeados datos de partido jugado: 4437461, 4-3

Procesando batch 3 de URLs
Scrapeados datos de partido jugado: 4437459, 2-2
Scrapeados datos de partido jugado: 4437462, 0-1
Scrapeados datos de partido jugado: 4437463, 3-1
Scrapeados datos de partido jugado: 4437466, 0-0
Scrapeados datos de partido jugado: 4437467, 2-2
Scrapeados datos de partido jugado: 4437464, 0-1
Scrapeados datos de partido jugado: 4437465, 1-0
Scrapeados datos de partido jugado: 4427998, 1-0
Scrapeados datos de partido jugado: 4427990, 2-1
Scrapeados datos de partido jugado: 4427989, 2-0

Procesando batch 4 de URLs
Scrapeados datos de partido jugado: 4427994, 1-0
Scrapeados datos de partido jugado: 4427991, 2-1
Scrapeados datos de partido jugado: 4427992, 3-0
Scrapeados datos de partido jugado: 4427993, 2-0
Scrapeados datos de partido jugado: 4427997, 2-0
Scrapeados datos de partido jugado: 4427995, 0-1
Scrapeados datos de partido jugado: 4427996, 2-2
Scrapeados datos de partido jugado: 4479355, 0-1
Scrapeados datos de partido jugado: 4479349, 2-2
Scrapeados datos de partido jugado: 4479351, 1-2

Procesando batch 5 de URLs
Scrapeados datos de partido jugado: 4479356, 1-0
Scrapeados datos de partido jugado: 4479350, 2-1
Scrapeados datos de partido jugado: 4479353, 0-1
Scrapeados datos de partido jugado: 4479357, 3-1
Scrapeados datos de partido jugado: 4479354, 1-1
Scrapeados datos de partido jugado: 4479352, 0-1
Scrapeados datos de partido jugado: 4440889, 1-6
Scrapeados datos de partido jugado: 4440892, 0-4
Scrapeados datos de partido jugado: 4440887, 1-3
Scrapeados datos de partido jugado: 4440886, 0-0

Procesando batch 6 de URLs
Scrapeados datos de partido jugado: 4440893, 0-1
Scrapeados datos de partido jugado: 4440885, 1-0
Scrapeados datos de partido jugado: 4440890, 3-1
Scrapeados datos de partido jugado: 4440888, 2-2
Scrapeados datos de partido jugado: 4440891, 2-1

-------------------------------------------------------------------------------------------------
Scraping de partidos: datos de 65 partidos jugados distintos
-------------------------------------------------------------------------------------------------

-------------------------------------------------------------------------------------------------
Estadísticas de scraping
-------------------------------------------------------------------------------------------------

Páginas únicas scrapeadas: 65

Asyncio semaphore: 10

Tamaño del chunk: 10

Páginas fallidas: 107

-------------------------------------------------------------------------------------------------
Reintento 1
-------------------------------------------------------------------------------------------------
· URLFailReason.EMPTY | https://www.transfermarkt.es/cd-coria_real-madrid-c/index/spielbericht/4479619 | Contenido vacío (<1000 caracteres)
· URLFailReason.EMPTY | https://www.transfermarkt.es/ad-ceuta-fc_real-madrid-castilla/index/spielbericht/4428631 | Contenido vacío (<1000 caracteres)
· URLFailReason.EMPTY | https://www.transfermarkt.es/deportiva-minera_cadiz-cf-mirandilla/index/spielbericht/4430000 | Contenido vacío (<1000 caracteres)
· URLFailReason.EMPTY | https://www.transfermarkt.es/coruxo-fc_real-aviles-industrial/index/spielbericht/4437459 | Contenido vacío (<1000 caracteres)
· URLFailReason.EMPTY | https://www.transfermarkt.es/salamanca-cf-uds_um-escobedo/index/spielbericht/4437462 | Contenido vacío (<1000 caracteres)
· URLFailReason.EMPTY | https://www.transfermarkt.es/real-valladolid-promesas_pontevedra-cf/index/spielbericht/4437466 | Contenido vacío (<1000 caracteres)
· URLFailReason.EMPTY | https://www.transfermarkt.es/sd-compostela_cd-numancia/index/spielbericht/4437467 | Contenido vacío (<1000 caracteres)
· URLFailReason.EMPTY | https://www.transfermarkt.es/gimnastica-de-torrelavega_up-langreo/index/spielbericht/4437464 | Contenido vacío (<1000 caracteres)
· URLFailReason.EMPTY | https://www.transfermarkt.es/unionistas-de-salamanca-cf_gimnastic-de-tarragona/index/spielbericht/4427998 | Contenido vacío (<1000 caracteres)
· URLFailReason.EMPTY | https://www.transfermarkt.es/barakaldo-cf_ca-osasuna-promesas/index/spielbericht/4427990 | Contenido vacío (<1000 caracteres)
· URLFailReason.EMPTY | https://www.transfermarkt.es/sd-ponferradina_sd-tarazona/index/spielbericht/4427989 | Contenido vacío (<1000 caracteres)
· URLFailReason.EMPTY | https://www.transfermarkt.es/gimnastica-segoviana-cf_cd-lugo/index/spielbericht/4427994 | Contenido vacío (<1000 caracteres)
· URLFailReason.EMPTY | https://www.transfermarkt.es/real-sociedad-b_ourense-cf/index/spielbericht/4427991 | Contenido vacío (<1000 caracteres)
· URLFailReason.EMPTY | https://www.transfermarkt.es/zamora-cf_cd-arenteiro/index/spielbericht/4427992 | Contenido vacío (<1000 caracteres)
· URLFailReason.EMPTY | https://www.transfermarkt.es/sestao-river_rc-celta-fortuna/index/spielbericht/4427993 | Contenido vacío (<1000 caracteres)
· URLFailReason.EMPTY | https://www.transfermarkt.es/fc-barcelona-atletic_bilbao-athletic/index/spielbericht/4427996 | Contenido vacío (<1000 caracteres)
· URLFailReason.EMPTY | https://www.transfermarkt.es/ue-sant-andreu_rcd-espanyol-b/index/spielbericht/4479351 | Contenido vacío (<1000 caracteres)
· URLFailReason.EMPTY | https://www.transfermarkt.es/deportivo-alaves-b_cd-teruel/index/spielbericht/4440893 | Contenido vacío (<1000 caracteres)
· URLFailReason.EMPTY | https://www.transfermarkt.es/sd-logrones_cd-calahorra/index/spielbericht/4440885 | Contenido vacío (<1000 caracteres)
· URLFailReason.EMPTY | https://www.transfermarkt.es/real-sociedad-c_cd-izarra/index/spielbericht/4440890 | Contenido vacío (<1000 caracteres)
· URLFailReason.EMPTY | https://www.transfermarkt.es/ud-barbastro_cd-tudelano/index/spielbericht/4440888 | Contenido vacío (<1000 caracteres)
· URLFailReason.EMPTY | https://www.transfermarkt.es/cd-alfaro_gernika-club/index/spielbericht/4440891 | Contenido vacío (<1000 caracteres)

-------------------------------------------------------------------------------------------------
Reintento 2
-------------------------------------------------------------------------------------------------
· URLFailReason.EMPTY | https://www.transfermarkt.es/cd-coria_real-madrid-c/index/spielbericht/4479619 | Contenido vacío (<1000 caracteres)
· URLFailReason.EMPTY | https://www.transfermarkt.es/deportiva-minera_cadiz-cf-mirandilla/index/spielbericht/4430000 | Contenido vacío (<1000 caracteres)
· URLFailReason.EMPTY | https://www.transfermarkt.es/coruxo-fc_real-aviles-industrial/index/spielbericht/4437459 | Contenido vacío (<1000 caracteres)
· URLFailReason.EMPTY | https://www.transfermarkt.es/salamanca-cf-uds_um-escobedo/index/spielbericht/4437462 | Contenido vacío (<1000 caracteres)
· URLFailReason.EMPTY | https://www.transfermarkt.es/real-valladolid-promesas_pontevedra-cf/index/spielbericht/4437466 | Contenido vacío (<1000 caracteres)
· URLFailReason.EMPTY | https://www.transfermarkt.es/sd-compostela_cd-numancia/index/spielbericht/4437467 | Contenido vacío (<1000 caracteres)
· URLFailReason.EMPTY | https://www.transfermarkt.es/gimnastica-de-torrelavega_up-langreo/index/spielbericht/4437464 | Contenido vacío (<1000 caracteres)
· URLFailReason.EMPTY | https://www.transfermarkt.es/unionistas-de-salamanca-cf_gimnastic-de-tarragona/index/spielbericht/4427998 | Contenido vacío (<1000 caracteres)
· URLFailReason.EMPTY | https://www.transfermarkt.es/barakaldo-cf_ca-osasuna-promesas/index/spielbericht/4427990 | Contenido vacío (<1000 caracteres)
· URLFailReason.EMPTY | https://www.transfermarkt.es/sd-ponferradina_sd-tarazona/index/spielbericht/4427989 | Contenido vacío (<1000 caracteres)
· URLFailReason.EMPTY | https://www.transfermarkt.es/gimnastica-segoviana-cf_cd-lugo/index/spielbericht/4427994 | Contenido vacío (<1000 caracteres)
· URLFailReason.EMPTY | https://www.transfermarkt.es/real-sociedad-b_ourense-cf/index/spielbericht/4427991 | Contenido vacío (<1000 caracteres)
· URLFailReason.EMPTY | https://www.transfermarkt.es/zamora-cf_cd-arenteiro/index/spielbericht/4427992 | Contenido vacío (<1000 caracteres)
· URLFailReason.EMPTY | https://www.transfermarkt.es/sestao-river_rc-celta-fortuna/index/spielbericht/4427993 | Contenido vacío (<1000 caracteres)
· URLFailReason.EMPTY | https://www.transfermarkt.es/fc-barcelona-atletic_bilbao-athletic/index/spielbericht/4427996 | Contenido vacío (<1000 caracteres)
· URLFailReason.EMPTY | https://www.transfermarkt.es/ue-sant-andreu_rcd-espanyol-b/index/spielbericht/4479351 | Contenido vacío (<1000 caracteres)
· URLFailReason.EMPTY | https://www.transfermarkt.es/deportivo-alaves-b_cd-teruel/index/spielbericht/4440893 | Contenido vacío (<1000 caracteres)
· URLFailReason.EMPTY | https://www.transfermarkt.es/sd-logrones_cd-calahorra/index/spielbericht/4440885 | Contenido vacío (<1000 caracteres)
· URLFailReason.EMPTY | https://www.transfermarkt.es/real-sociedad-c_cd-izarra/index/spielbericht/4440890 | Contenido vacío (<1000 caracteres)
· URLFailReason.EMPTY | https://www.transfermarkt.es/ud-barbastro_cd-tudelano/index/spielbericht/4440888 | Contenido vacío (<1000 caracteres)
· URLFailReason.EMPTY | https://www.transfermarkt.es/cd-alfaro_gernika-club/index/spielbericht/4440891 | Contenido vacío (<1000 caracteres)

-------------------------------------------------------------------------------------------------
Reintento 3
-------------------------------------------------------------------------------------------------
· URLFailReason.EMPTY | https://www.transfermarkt.es/cd-coria_real-madrid-c/index/spielbericht/4479619 | Contenido vacío (<1000 caracteres)
· URLFailReason.EMPTY | https://www.transfermarkt.es/coruxo-fc_real-aviles-industrial/index/spielbericht/4437459 | Contenido vacío (<1000 caracteres)
· URLFailReason.EMPTY | https://www.transfermarkt.es/salamanca-cf-uds_um-escobedo/index/spielbericht/4437462 | Contenido vacío (<1000 caracteres)
· URLFailReason.EMPTY | https://www.transfermarkt.es/real-valladolid-promesas_pontevedra-cf/index/spielbericht/4437466 | Contenido vacío (<1000 caracteres)
· URLFailReason.EMPTY | https://www.transfermarkt.es/sd-compostela_cd-numancia/index/spielbericht/4437467 | Contenido vacío (<1000 caracteres)
· URLFailReason.EMPTY | https://www.transfermarkt.es/gimnastica-de-torrelavega_up-langreo/index/spielbericht/4437464 | Contenido vacío (<1000 caracteres)
· URLFailReason.EMPTY | https://www.transfermarkt.es/unionistas-de-salamanca-cf_gimnastic-de-tarragona/index/spielbericht/4427998 | Contenido vacío (<1000 caracteres)
· URLFailReason.EMPTY | https://www.transfermarkt.es/barakaldo-cf_ca-osasuna-promesas/index/spielbericht/4427990 | Contenido vacío (<1000 caracteres)
· URLFailReason.EMPTY | https://www.transfermarkt.es/sd-ponferradina_sd-tarazona/index/spielbericht/4427989 | Contenido vacío (<1000 caracteres)
· URLFailReason.EMPTY | https://www.transfermarkt.es/gimnastica-segoviana-cf_cd-lugo/index/spielbericht/4427994 | Contenido vacío (<1000 caracteres)
· URLFailReason.EMPTY | https://www.transfermarkt.es/real-sociedad-b_ourense-cf/index/spielbericht/4427991 | Contenido vacío (<1000 caracteres)
· URLFailReason.EMPTY | https://www.transfermarkt.es/zamora-cf_cd-arenteiro/index/spielbericht/4427992 | Contenido vacío (<1000 caracteres)
· URLFailReason.EMPTY | https://www.transfermarkt.es/sestao-river_rc-celta-fortuna/index/spielbericht/4427993 | Contenido vacío (<1000 caracteres)
· URLFailReason.EMPTY | https://www.transfermarkt.es/fc-barcelona-atletic_bilbao-athletic/index/spielbericht/4427996 | Contenido vacío (<1000 caracteres)
· URLFailReason.EMPTY | https://www.transfermarkt.es/ue-sant-andreu_rcd-espanyol-b/index/spielbericht/4479351 | Contenido vacío (<1000 caracteres)
· URLFailReason.EMPTY | https://www.transfermarkt.es/deportivo-alaves-b_cd-teruel/index/spielbericht/4440893 | Contenido vacío (<1000 caracteres)
· URLFailReason.EMPTY | https://www.transfermarkt.es/sd-logrones_cd-calahorra/index/spielbericht/4440885 | Contenido vacío (<1000 caracteres)
· URLFailReason.EMPTY | https://www.transfermarkt.es/real-sociedad-c_cd-izarra/index/spielbericht/4440890 | Contenido vacío (<1000 caracteres)
· URLFailReason.EMPTY | https://www.transfermarkt.es/ud-barbastro_cd-tudelano/index/spielbericht/4440888 | Contenido vacío (<1000 caracteres)
· URLFailReason.EMPTY | https://www.transfermarkt.es/cd-alfaro_gernika-club/index/spielbericht/4440891 | Contenido vacío (<1000 caracteres)

-------------------------------------------------------------------------------------------------
Reintento 4
-------------------------------------------------------------------------------------------------
· URLFailReason.EMPTY | https://www.transfermarkt.es/coruxo-fc_real-aviles-industrial/index/spielbericht/4437459 | Contenido vacío (<1000 caracteres)
· URLFailReason.EMPTY | https://www.transfermarkt.es/salamanca-cf-uds_um-escobedo/index/spielbericht/4437462 | Contenido vacío (<1000 caracteres)
· URLFailReason.EMPTY | https://www.transfermarkt.es/real-valladolid-promesas_pontevedra-cf/index/spielbericht/4437466 | Contenido vacío (<1000 caracteres)
· URLFailReason.EMPTY | https://www.transfermarkt.es/sd-compostela_cd-numancia/index/spielbericht/4437467 | Contenido vacío (<1000 caracteres)
· URLFailReason.EMPTY | https://www.transfermarkt.es/gimnastica-de-torrelavega_up-langreo/index/spielbericht/4437464 | Contenido vacío (<1000 caracteres)
· URLFailReason.EMPTY | https://www.transfermarkt.es/unionistas-de-salamanca-cf_gimnastic-de-tarragona/index/spielbericht/4427998 | Contenido vacío (<1000 caracteres)
· URLFailReason.EMPTY | https://www.transfermarkt.es/barakaldo-cf_ca-osasuna-promesas/index/spielbericht/4427990 | Contenido vacío (<1000 caracteres)
· URLFailReason.EMPTY | https://www.transfermarkt.es/sd-ponferradina_sd-tarazona/index/spielbericht/4427989 | Contenido vacío (<1000 caracteres)
· URLFailReason.EMPTY | https://www.transfermarkt.es/gimnastica-segoviana-cf_cd-lugo/index/spielbericht/4427994 | Contenido vacío (<1000 caracteres)
· URLFailReason.EMPTY | https://www.transfermarkt.es/real-sociedad-b_ourense-cf/index/spielbericht/4427991 | Contenido vacío (<1000 caracteres)
· URLFailReason.EMPTY | https://www.transfermarkt.es/zamora-cf_cd-arenteiro/index/spielbericht/4427992 | Contenido vacío (<1000 caracteres)
· URLFailReason.EMPTY | https://www.transfermarkt.es/sestao-river_rc-celta-fortuna/index/spielbericht/4427993 | Contenido vacío (<1000 caracteres)
· URLFailReason.EMPTY | https://www.transfermarkt.es/fc-barcelona-atletic_bilbao-athletic/index/spielbericht/4427996 | Contenido vacío (<1000 caracteres)
· URLFailReason.EMPTY | https://www.transfermarkt.es/ue-sant-andreu_rcd-espanyol-b/index/spielbericht/4479351 | Contenido vacío (<1000 caracteres)
· URLFailReason.EMPTY | https://www.transfermarkt.es/deportivo-alaves-b_cd-teruel/index/spielbericht/4440893 | Contenido vacío (<1000 caracteres)
· URLFailReason.EMPTY | https://www.transfermarkt.es/sd-logrones_cd-calahorra/index/spielbericht/4440885 | Contenido vacío (<1000 caracteres)
· URLFailReason.EMPTY | https://www.transfermarkt.es/real-sociedad-c_cd-izarra/index/spielbericht/4440890 | Contenido vacío (<1000 caracteres)
· URLFailReason.EMPTY | https://www.transfermarkt.es/ud-barbastro_cd-tudelano/index/spielbericht/4440888 | Contenido vacío (<1000 caracteres)
· URLFailReason.EMPTY | https://www.transfermarkt.es/cd-alfaro_gernika-club/index/spielbericht/4440891 | Contenido vacío (<1000 caracteres)

-------------------------------------------------------------------------------------------------
Reintento 5
-------------------------------------------------------------------------------------------------

-------------------------------------------------------------------------------------------------
Reintento 6
-------------------------------------------------------------------------------------------------

-------------------------------------------------------------------------------------------------
Reintento 7
-------------------------------------------------------------------------------------------------

-------------------------------------------------------------------------------------------------
Fichero JSON
-------------------------------------------------------------------------------------------------
Fichero creado: c:\Users\alexl\OneDrive - Universidade de Santiago de Compostela\TFG\Scraping\extraccion\jornada\resultados\datos_partidos_jornada.json

-------------------------------------------------------------------------------------------------
Fichero JSON
-------------------------------------------------------------------------------------------------
Fichero creado: c:\Users\alexl\OneDrive - Universidade de Santiago de Compostela\TFG\Scraping\extraccion\jornada\resultados\25-06-25_17-19datos_partidos_jornada.json

Tiempo total de ejecución: 15 minutos y 45.84 segundos
