
-------------------------------------------------------------------------------------------------
Scraping de partidos de la jornada
-------------------------------------------------------------------------------------------------

-------------------------------------------------------------------------------------------------
Partidos de la jornada intento 1. Partidos restantes: 65
-------------------------------------------------------------------------------------------------

Procesando batch 0 de URLs
Scrapeados datos de partido jugado: 4428551, 2-1
Scrapeados datos de partido jugado: 4428552, 0-1
Scrapeados datos de partido jugado: 4428548, 1-2
Scrapeados datos de partido jugado: 4428554, 1-1
Scrapeados datos de partido jugado: 4428547, 2-0
Scrapeados datos de partido jugado: 4428553, 0-0
Scrapeados datos de partido jugado: 4428549, 1-0
Scrapeados datos de partido jugado: 4428546, 1-0
Scrapeados datos de partido jugado: 4428545, 1-0
Scrapeados datos de partido jugado: 4428550, 2-2

Procesando batch 1 de URLs
Scrapeados datos de partido jugado: 4479277, 0-2
Scrapeados datos de partido jugado: 4479273, 1-1
Scrapeados datos de partido jugado: 4479272, 0-0
Scrapeados datos de partido jugado: 4479276, 1-1
Scrapeados datos de partido jugado: 4479280, 1-2
Scrapeados datos de partido jugado: 4479279, 0-3
Scrapeados datos de partido jugado: 4479274, 1-1
Scrapeados datos de partido jugado: 4479278, 0-0
Scrapeados datos de partido jugado: 4479275, 0-0
Scrapeados datos de partido jugado: 4440757, 1-2

Procesando batch 2 de URLs
Scrapeados datos de partido jugado: 4440758, 2-4
Scrapeados datos de partido jugado: 4440761, 1-1
Scrapeados datos de partido jugado: 4440759, 0-3
Scrapeados datos de partido jugado: 4440763, 2-0
Scrapeados datos de partido jugado: 4440756, 1-0
Scrapeados datos de partido jugado: 4440755, 1-2
Scrapeados datos de partido jugado: 4440762, 0-1
Scrapeados datos de partido jugado: 4440760, 2-1
Scrapeados datos de partido jugado: 4437367, 1-2
Scrapeados datos de partido jugado: 4437374, 1-1

Procesando batch 3 de URLs
Scrapeados datos de partido jugado: 4437368, 2-0
Scrapeados datos de partido jugado: 4437373, 0-2
Scrapeados datos de partido jugado: 4437370, 1-0
Scrapeados datos de partido jugado: 4437369, 1-0
Scrapeados datos de partido jugado: 4437371, 1-1
Scrapeados datos de partido jugado: 4437372, 1-0
Scrapeados datos de partido jugado: 4437366, 1-3
Scrapeados datos de partido jugado: 4429893, 0-1
Scrapeados datos de partido jugado: 4429892, 2-2
Scrapeados datos de partido jugado: 4429890, 4-1

Procesando batch 4 de URLs
Scrapeados datos de partido jugado: 4429891, 1-1
Scrapeados datos de partido jugado: 4429887, 1-3
Scrapeados datos de partido jugado: 4429894, 0-0
Scrapeados datos de partido jugado: 4429888, 1-0
Scrapeados datos de partido jugado: 4429886, 1-0
Scrapeados datos de partido jugado: 4429889, 1-0
Scrapeados datos de partido jugado: 4428189, 0-0
Scrapeados datos de partido jugado: 4428190, 4-1
Scrapeados datos de partido jugado: 4428198, 1-0
Scrapeados datos de partido jugado: 4428194, 0-1

Procesando batch 5 de URLs
Scrapeados datos de partido jugado: 4428197, 1-2
Scrapeados datos de partido jugado: 4428192, 0-2
Scrapeados datos de partido jugado: 4428193, 1-1
Scrapeados datos de partido jugado: 4428191, 2-0
Scrapeados datos de partido jugado: 4428196, 3-0
Scrapeados datos de partido jugado: 4428195, 2-2
Scrapeados datos de partido jugado: 4479545, 2-1
Scrapeados datos de partido jugado: 4479547, 2-0
Scrapeados datos de partido jugado: 4479550, 2-2
Scrapeados datos de partido jugado: 4479551, 1-2

Procesando batch 6 de URLs
Scrapeados datos de partido jugado: 4479544, 2-1
Scrapeados datos de partido jugado: 4479549, 1-0
Scrapeados datos de partido jugado: 4479546, 0-0
Scrapeados datos de partido jugado: 4479548, 0-0
Scrapeados datos de partido jugado: 4479552, 3-0

-------------------------------------------------------------------------------------------------
Scraping de partidos: datos de 65 partidos jugados distintos
-------------------------------------------------------------------------------------------------

-------------------------------------------------------------------------------------------------
Estadísticas de scraping
-------------------------------------------------------------------------------------------------

Páginas únicas scrapeadas: 65

Asyncio semaphore: 10

Tamaño del chunk: 10

Páginas fallidas: 138

-------------------------------------------------------------------------------------------------
Reintento 1
-------------------------------------------------------------------------------------------------
· URLFailReason.EMPTY | https://www.transfermarkt.es/marbella-fc_cf-intercity/index/spielbericht/4428551 | Contenido vacío (<1000 caracteres)
· URLFailReason.EMPTY | https://www.transfermarkt.es/villarreal-cf-b_real-murcia-cf/index/spielbericht/4428552 | Contenido vacío (<1000 caracteres)
· URLFailReason.EMPTY | https://www.transfermarkt.es/hercules-cf_atletico-de-madrid-b/index/spielbericht/4428548 | Contenido vacío (<1000 caracteres)
· URLFailReason.EMPTY | https://www.transfermarkt.es/real-madrid-castilla_algeciras-cf/index/spielbericht/4428554 | Contenido vacío (<1000 caracteres)
· URLFailReason.EMPTY | https://www.transfermarkt.es/sevilla-atletico_ad-ceuta-fc/index/spielbericht/4428553 | Contenido vacío (<1000 caracteres)
· URLFailReason.EMPTY | https://www.transfermarkt.es/antequera-cf_atletico-sanluqueno-cf/index/spielbericht/4428546 | Contenido vacío (<1000 caracteres)
· URLFailReason.EMPTY | https://www.transfermarkt.es/cf-fuenlabrada_ud-ibiza/index/spielbericht/4428545 | Contenido vacío (<1000 caracteres)
· URLFailReason.EMPTY | https://www.transfermarkt.es/merida-ad_cd-alcoyano/index/spielbericht/4428550 | Contenido vacío (<1000 caracteres)
· URLFailReason.EMPTY | https://www.transfermarkt.es/rz-deportivo-aragon_arenas-club/index/spielbericht/4440758 | Contenido vacío (<1000 caracteres)
· URLFailReason.EMPTY | https://www.transfermarkt.es/gernika-club_utebo-fc/index/spielbericht/4440761 | Contenido vacío (<1000 caracteres)
· URLFailReason.EMPTY | https://www.transfermarkt.es/deportivo-alaves-b_sd-logrones/index/spielbericht/4440759 | Contenido vacío (<1000 caracteres)
· URLFailReason.EMPTY | https://www.transfermarkt.es/sd-ejea_cd-tudelano/index/spielbericht/4440763 | Contenido vacío (<1000 caracteres)
· URLFailReason.EMPTY | https://www.transfermarkt.es/cd-subiza_cd-teruel/index/spielbericht/4440755 | Contenido vacío (<1000 caracteres)
· URLFailReason.EMPTY | https://www.transfermarkt.es/cd-izarra_sd-eibar-b/index/spielbericht/4440762 | Contenido vacío (<1000 caracteres)
· URLFailReason.EMPTY | https://www.transfermarkt.es/gimnastica-de-torrelavega_salamanca-cf-uds/index/spielbericht/4437367 | Contenido vacío (<1000 caracteres)
· URLFailReason.EMPTY | https://www.transfermarkt.es/marino-de-luanco_um-escobedo/index/spielbericht/4437374 | Contenido vacío (<1000 caracteres)
· URLFailReason.EMPTY | https://www.transfermarkt.es/rc-deportivo-fabril_cd-guijuelo/index/spielbericht/4437372 | Contenido vacío (<1000 caracteres)
· URLFailReason.EMPTY | https://www.transfermarkt.es/cd-laredo_cd-numancia/index/spielbericht/4437366 | Contenido vacío (<1000 caracteres)
· URLFailReason.EMPTY | https://www.transfermarkt.es/cadiz-cf-mirandilla_real-balompedica-linense/index/spielbericht/4429893 | Contenido vacío (<1000 caracteres)
· URLFailReason.EMPTY | https://www.transfermarkt.es/zamora-cf_sestao-river/index/spielbericht/4428197 | Contenido vacío (<1000 caracteres)
· URLFailReason.EMPTY | https://www.transfermarkt.es/bilbao-athletic_ourense-cf/index/spielbericht/4428192 | Contenido vacío (<1000 caracteres)
· URLFailReason.EMPTY | https://www.transfermarkt.es/fc-andorra_real-sociedad-b/index/spielbericht/4428193 | Contenido vacío (<1000 caracteres)
· URLFailReason.EMPTY | https://www.transfermarkt.es/cultural-leonesa_sd-ponferradina/index/spielbericht/4428191 | Contenido vacío (<1000 caracteres)
· URLFailReason.EMPTY | https://www.transfermarkt.es/fc-barcelona-atletic_barakaldo-cf/index/spielbericht/4428195 | Contenido vacío (<1000 caracteres)
· URLFailReason.EMPTY | https://www.transfermarkt.es/getafe-cf-b_cd-tenerife-b/index/spielbericht/4479547 | Contenido vacío (<1000 caracteres)
· URLFailReason.EMPTY | https://www.transfermarkt.es/cp-cacereno_real-madrid-c/index/spielbericht/4479550 | Contenido vacío (<1000 caracteres)
· URLFailReason.EMPTY | https://www.transfermarkt.es/ud-san-sebastian-de-los-reyes_ad-union-adarve/index/spielbericht/4479551 | Contenido vacío (<1000 caracteres)

-------------------------------------------------------------------------------------------------
Reintento 2
-------------------------------------------------------------------------------------------------
· URLFailReason.EMPTY | https://www.transfermarkt.es/marbella-fc_cf-intercity/index/spielbericht/4428551 | Contenido vacío (<1000 caracteres)
· URLFailReason.EMPTY | https://www.transfermarkt.es/villarreal-cf-b_real-murcia-cf/index/spielbericht/4428552 | Contenido vacío (<1000 caracteres)
· URLFailReason.EMPTY | https://www.transfermarkt.es/hercules-cf_atletico-de-madrid-b/index/spielbericht/4428548 | Contenido vacío (<1000 caracteres)
· URLFailReason.EMPTY | https://www.transfermarkt.es/real-madrid-castilla_algeciras-cf/index/spielbericht/4428554 | Contenido vacío (<1000 caracteres)
· URLFailReason.EMPTY | https://www.transfermarkt.es/sevilla-atletico_ad-ceuta-fc/index/spielbericht/4428553 | Contenido vacío (<1000 caracteres)
· URLFailReason.EMPTY | https://www.transfermarkt.es/antequera-cf_atletico-sanluqueno-cf/index/spielbericht/4428546 | Contenido vacío (<1000 caracteres)
· URLFailReason.EMPTY | https://www.transfermarkt.es/cf-fuenlabrada_ud-ibiza/index/spielbericht/4428545 | Contenido vacío (<1000 caracteres)
· URLFailReason.EMPTY | https://www.transfermarkt.es/merida-ad_cd-alcoyano/index/spielbericht/4428550 | Contenido vacío (<1000 caracteres)
· URLFailReason.EMPTY | https://www.transfermarkt.es/rz-deportivo-aragon_arenas-club/index/spielbericht/4440758 | Contenido vacío (<1000 caracteres)
· URLFailReason.EMPTY | https://www.transfermarkt.es/gernika-club_utebo-fc/index/spielbericht/4440761 | Contenido vacío (<1000 caracteres)
· URLFailReason.EMPTY | https://www.transfermarkt.es/deportivo-alaves-b_sd-logrones/index/spielbericht/4440759 | Contenido vacío (<1000 caracteres)
· URLFailReason.EMPTY | https://www.transfermarkt.es/sd-ejea_cd-tudelano/index/spielbericht/4440763 | Contenido vacío (<1000 caracteres)
· URLFailReason.EMPTY | https://www.transfermarkt.es/cd-subiza_cd-teruel/index/spielbericht/4440755 | Contenido vacío (<1000 caracteres)
· URLFailReason.EMPTY | https://www.transfermarkt.es/cd-izarra_sd-eibar-b/index/spielbericht/4440762 | Contenido vacío (<1000 caracteres)
· URLFailReason.EMPTY | https://www.transfermarkt.es/gimnastica-de-torrelavega_salamanca-cf-uds/index/spielbericht/4437367 | Contenido vacío (<1000 caracteres)
· URLFailReason.EMPTY | https://www.transfermarkt.es/marino-de-luanco_um-escobedo/index/spielbericht/4437374 | Contenido vacío (<1000 caracteres)
· URLFailReason.EMPTY | https://www.transfermarkt.es/rc-deportivo-fabril_cd-guijuelo/index/spielbericht/4437372 | Contenido vacío (<1000 caracteres)
· URLFailReason.EMPTY | https://www.transfermarkt.es/cd-laredo_cd-numancia/index/spielbericht/4437366 | Contenido vacío (<1000 caracteres)
· URLFailReason.EMPTY | https://www.transfermarkt.es/cadiz-cf-mirandilla_real-balompedica-linense/index/spielbericht/4429893 | Contenido vacío (<1000 caracteres)
· URLFailReason.EMPTY | https://www.transfermarkt.es/zamora-cf_sestao-river/index/spielbericht/4428197 | Contenido vacío (<1000 caracteres)
· URLFailReason.EMPTY | https://www.transfermarkt.es/bilbao-athletic_ourense-cf/index/spielbericht/4428192 | Contenido vacío (<1000 caracteres)
· URLFailReason.EMPTY | https://www.transfermarkt.es/fc-andorra_real-sociedad-b/index/spielbericht/4428193 | Contenido vacío (<1000 caracteres)
· URLFailReason.EMPTY | https://www.transfermarkt.es/cultural-leonesa_sd-ponferradina/index/spielbericht/4428191 | Contenido vacío (<1000 caracteres)
· URLFailReason.EMPTY | https://www.transfermarkt.es/fc-barcelona-atletic_barakaldo-cf/index/spielbericht/4428195 | Contenido vacío (<1000 caracteres)
· URLFailReason.EMPTY | https://www.transfermarkt.es/getafe-cf-b_cd-tenerife-b/index/spielbericht/4479547 | Contenido vacío (<1000 caracteres)
· URLFailReason.EMPTY | https://www.transfermarkt.es/cp-cacereno_real-madrid-c/index/spielbericht/4479550 | Contenido vacío (<1000 caracteres)
· URLFailReason.EMPTY | https://www.transfermarkt.es/ud-san-sebastian-de-los-reyes_ad-union-adarve/index/spielbericht/4479551 | Contenido vacío (<1000 caracteres)

-------------------------------------------------------------------------------------------------
Reintento 3
-------------------------------------------------------------------------------------------------
· URLFailReason.EMPTY | https://www.transfermarkt.es/marbella-fc_cf-intercity/index/spielbericht/4428551 | Contenido vacío (<1000 caracteres)
· URLFailReason.EMPTY | https://www.transfermarkt.es/villarreal-cf-b_real-murcia-cf/index/spielbericht/4428552 | Contenido vacío (<1000 caracteres)
· URLFailReason.EMPTY | https://www.transfermarkt.es/hercules-cf_atletico-de-madrid-b/index/spielbericht/4428548 | Contenido vacío (<1000 caracteres)
· URLFailReason.EMPTY | https://www.transfermarkt.es/real-madrid-castilla_algeciras-cf/index/spielbericht/4428554 | Contenido vacío (<1000 caracteres)
· URLFailReason.EMPTY | https://www.transfermarkt.es/sevilla-atletico_ad-ceuta-fc/index/spielbericht/4428553 | Contenido vacío (<1000 caracteres)
· URLFailReason.EMPTY | https://www.transfermarkt.es/antequera-cf_atletico-sanluqueno-cf/index/spielbericht/4428546 | Contenido vacío (<1000 caracteres)
· URLFailReason.EMPTY | https://www.transfermarkt.es/cf-fuenlabrada_ud-ibiza/index/spielbericht/4428545 | Contenido vacío (<1000 caracteres)
· URLFailReason.EMPTY | https://www.transfermarkt.es/merida-ad_cd-alcoyano/index/spielbericht/4428550 | Contenido vacío (<1000 caracteres)
· URLFailReason.EMPTY | https://www.transfermarkt.es/rz-deportivo-aragon_arenas-club/index/spielbericht/4440758 | Contenido vacío (<1000 caracteres)
· URLFailReason.EMPTY | https://www.transfermarkt.es/gernika-club_utebo-fc/index/spielbericht/4440761 | Contenido vacío (<1000 caracteres)
· URLFailReason.EMPTY | https://www.transfermarkt.es/deportivo-alaves-b_sd-logrones/index/spielbericht/4440759 | Contenido vacío (<1000 caracteres)
· URLFailReason.EMPTY | https://www.transfermarkt.es/sd-ejea_cd-tudelano/index/spielbericht/4440763 | Contenido vacío (<1000 caracteres)
· URLFailReason.EMPTY | https://www.transfermarkt.es/cd-subiza_cd-teruel/index/spielbericht/4440755 | Contenido vacío (<1000 caracteres)
· URLFailReason.EMPTY | https://www.transfermarkt.es/cd-izarra_sd-eibar-b/index/spielbericht/4440762 | Contenido vacío (<1000 caracteres)
· URLFailReason.EMPTY | https://www.transfermarkt.es/gimnastica-de-torrelavega_salamanca-cf-uds/index/spielbericht/4437367 | Contenido vacío (<1000 caracteres)
· URLFailReason.EMPTY | https://www.transfermarkt.es/marino-de-luanco_um-escobedo/index/spielbericht/4437374 | Contenido vacío (<1000 caracteres)
· URLFailReason.EMPTY | https://www.transfermarkt.es/rc-deportivo-fabril_cd-guijuelo/index/spielbericht/4437372 | Contenido vacío (<1000 caracteres)
· URLFailReason.EMPTY | https://www.transfermarkt.es/cd-laredo_cd-numancia/index/spielbericht/4437366 | Contenido vacío (<1000 caracteres)
· URLFailReason.EMPTY | https://www.transfermarkt.es/cadiz-cf-mirandilla_real-balompedica-linense/index/spielbericht/4429893 | Contenido vacío (<1000 caracteres)
· URLFailReason.EMPTY | https://www.transfermarkt.es/zamora-cf_sestao-river/index/spielbericht/4428197 | Contenido vacío (<1000 caracteres)
· URLFailReason.EMPTY | https://www.transfermarkt.es/bilbao-athletic_ourense-cf/index/spielbericht/4428192 | Contenido vacío (<1000 caracteres)
· URLFailReason.EMPTY | https://www.transfermarkt.es/fc-andorra_real-sociedad-b/index/spielbericht/4428193 | Contenido vacío (<1000 caracteres)
· URLFailReason.EMPTY | https://www.transfermarkt.es/cultural-leonesa_sd-ponferradina/index/spielbericht/4428191 | Contenido vacío (<1000 caracteres)
· URLFailReason.EMPTY | https://www.transfermarkt.es/fc-barcelona-atletic_barakaldo-cf/index/spielbericht/4428195 | Contenido vacío (<1000 caracteres)
· URLFailReason.EMPTY | https://www.transfermarkt.es/getafe-cf-b_cd-tenerife-b/index/spielbericht/4479547 | Contenido vacío (<1000 caracteres)
· URLFailReason.EMPTY | https://www.transfermarkt.es/cp-cacereno_real-madrid-c/index/spielbericht/4479550 | Contenido vacío (<1000 caracteres)
· URLFailReason.EMPTY | https://www.transfermarkt.es/ud-san-sebastian-de-los-reyes_ad-union-adarve/index/spielbericht/4479551 | Contenido vacío (<1000 caracteres)

-------------------------------------------------------------------------------------------------
Reintento 4
-------------------------------------------------------------------------------------------------
· URLFailReason.EMPTY | https://www.transfermarkt.es/marbella-fc_cf-intercity/index/spielbericht/4428551 | Contenido vacío (<1000 caracteres)
· URLFailReason.EMPTY | https://www.transfermarkt.es/villarreal-cf-b_real-murcia-cf/index/spielbericht/4428552 | Contenido vacío (<1000 caracteres)
· URLFailReason.EMPTY | https://www.transfermarkt.es/hercules-cf_atletico-de-madrid-b/index/spielbericht/4428548 | Contenido vacío (<1000 caracteres)
· URLFailReason.EMPTY | https://www.transfermarkt.es/real-madrid-castilla_algeciras-cf/index/spielbericht/4428554 | Contenido vacío (<1000 caracteres)
· URLFailReason.EMPTY | https://www.transfermarkt.es/sevilla-atletico_ad-ceuta-fc/index/spielbericht/4428553 | Contenido vacío (<1000 caracteres)
· URLFailReason.EMPTY | https://www.transfermarkt.es/antequera-cf_atletico-sanluqueno-cf/index/spielbericht/4428546 | Contenido vacío (<1000 caracteres)
· URLFailReason.EMPTY | https://www.transfermarkt.es/cf-fuenlabrada_ud-ibiza/index/spielbericht/4428545 | Contenido vacío (<1000 caracteres)
· URLFailReason.EMPTY | https://www.transfermarkt.es/merida-ad_cd-alcoyano/index/spielbericht/4428550 | Contenido vacío (<1000 caracteres)
· URLFailReason.EMPTY | https://www.transfermarkt.es/rz-deportivo-aragon_arenas-club/index/spielbericht/4440758 | Contenido vacío (<1000 caracteres)
· URLFailReason.EMPTY | https://www.transfermarkt.es/gernika-club_utebo-fc/index/spielbericht/4440761 | Contenido vacío (<1000 caracteres)
· URLFailReason.EMPTY | https://www.transfermarkt.es/deportivo-alaves-b_sd-logrones/index/spielbericht/4440759 | Contenido vacío (<1000 caracteres)
· URLFailReason.EMPTY | https://www.transfermarkt.es/sd-ejea_cd-tudelano/index/spielbericht/4440763 | Contenido vacío (<1000 caracteres)
· URLFailReason.EMPTY | https://www.transfermarkt.es/cd-subiza_cd-teruel/index/spielbericht/4440755 | Contenido vacío (<1000 caracteres)
· URLFailReason.EMPTY | https://www.transfermarkt.es/cd-izarra_sd-eibar-b/index/spielbericht/4440762 | Contenido vacío (<1000 caracteres)
· URLFailReason.EMPTY | https://www.transfermarkt.es/gimnastica-de-torrelavega_salamanca-cf-uds/index/spielbericht/4437367 | Contenido vacío (<1000 caracteres)
· URLFailReason.EMPTY | https://www.transfermarkt.es/marino-de-luanco_um-escobedo/index/spielbericht/4437374 | Contenido vacío (<1000 caracteres)
· URLFailReason.EMPTY | https://www.transfermarkt.es/rc-deportivo-fabril_cd-guijuelo/index/spielbericht/4437372 | Contenido vacío (<1000 caracteres)
· URLFailReason.EMPTY | https://www.transfermarkt.es/cd-laredo_cd-numancia/index/spielbericht/4437366 | Contenido vacío (<1000 caracteres)
· URLFailReason.EMPTY | https://www.transfermarkt.es/cadiz-cf-mirandilla_real-balompedica-linense/index/spielbericht/4429893 | Contenido vacío (<1000 caracteres)
· URLFailReason.EMPTY | https://www.transfermarkt.es/zamora-cf_sestao-river/index/spielbericht/4428197 | Contenido vacío (<1000 caracteres)
· URLFailReason.EMPTY | https://www.transfermarkt.es/bilbao-athletic_ourense-cf/index/spielbericht/4428192 | Contenido vacío (<1000 caracteres)
· URLFailReason.EMPTY | https://www.transfermarkt.es/fc-andorra_real-sociedad-b/index/spielbericht/4428193 | Contenido vacío (<1000 caracteres)
· URLFailReason.EMPTY | https://www.transfermarkt.es/cultural-leonesa_sd-ponferradina/index/spielbericht/4428191 | Contenido vacío (<1000 caracteres)
· URLFailReason.EMPTY | https://www.transfermarkt.es/fc-barcelona-atletic_barakaldo-cf/index/spielbericht/4428195 | Contenido vacío (<1000 caracteres)
· URLFailReason.EMPTY | https://www.transfermarkt.es/getafe-cf-b_cd-tenerife-b/index/spielbericht/4479547 | Contenido vacío (<1000 caracteres)
· URLFailReason.EMPTY | https://www.transfermarkt.es/cp-cacereno_real-madrid-c/index/spielbericht/4479550 | Contenido vacío (<1000 caracteres)
· URLFailReason.EMPTY | https://www.transfermarkt.es/ud-san-sebastian-de-los-reyes_ad-union-adarve/index/spielbericht/4479551 | Contenido vacío (<1000 caracteres)

-------------------------------------------------------------------------------------------------
Reintento 5
-------------------------------------------------------------------------------------------------

-------------------------------------------------------------------------------------------------
Reintento 6
-------------------------------------------------------------------------------------------------

-------------------------------------------------------------------------------------------------
Reintento 7
-------------------------------------------------------------------------------------------------

-------------------------------------------------------------------------------------------------
Fichero JSON
-------------------------------------------------------------------------------------------------
Fichero creado: c:\Users\alexl\OneDrive - Universidade de Santiago de Compostela\TFG\Scraping\extraccion\jornada\resultados\datos_partidos_jornada.json

-------------------------------------------------------------------------------------------------
Fichero JSON
-------------------------------------------------------------------------------------------------
Fichero creado: c:\Users\alexl\OneDrive - Universidade de Santiago de Compostela\TFG\Scraping\extraccion\jornada\resultados\25-06-25_13-41datos_partidos_jornada.json

Tiempo total de ejecución: 16 minutos y 21.23 segundos
