
-------------------------------------------------------------------------------------------------
Scraping de partidos de la jornada
-------------------------------------------------------------------------------------------------

-------------------------------------------------------------------------------------------------
Partidos de la jornada intento 1. Partidos restantes: 20
-------------------------------------------------------------------------------------------------

Procesando batch 0 de URLs
Scrapeados datos de partido jugado: 4428830, 1-1
Scrapeados datos de partido jugado: 4428825, 4-1
Scrapeados datos de partido jugado: 4428828, 0-3
Scrapeados datos de partido jugado: 4428827, 2-3
Scrapeados datos de partido jugado: 4428829, 2-2
Scrapeados datos de partido jugado: 4428826, 0-0
Scrapeados datos de partido jugado: 4428831, 1-2
Scrapeados datos de partido jugado: 4428832, 5-0
Scrapeados datos de partido jugado: 4428833, 2-0
Scrapeados datos de partido jugado: 4428834, 2-1

Procesando batch 1 de URLs
Scrapeados datos de partido jugado: 4428171, 1-1
Scrapeados datos de partido jugado: 4428175, 0-2
Scrapeados datos de partido jugado: 4428170, 1-0
Scrapeados datos de partido jugado: 4428173, 2-0
Scrapeados datos de partido jugado: 4428174, 2-0
Scrapeados datos de partido jugado: 4428172, 2-1
Scrapeados datos de partido jugado: 4428169, 4-2
Scrapeados datos de partido jugado: 4428178, 1-1
Scrapeados datos de partido jugado: 4428176, 1-0
Scrapeados datos de partido jugado: 4428177, 1-1

-------------------------------------------------------------------------------------------------
Scraping de partidos: datos de 20 partidos jugados distintos
-------------------------------------------------------------------------------------------------

-------------------------------------------------------------------------------------------------
Estadísticas de scraping
-------------------------------------------------------------------------------------------------

Páginas únicas scrapeadas: 20

Asyncio semaphore: 10

Tamaño del chunk: 10

Páginas fallidas: 0

-------------------------------------------------------------------------------------------------
Reintento 1
-------------------------------------------------------------------------------------------------

-------------------------------------------------------------------------------------------------
Reintento 2
-------------------------------------------------------------------------------------------------

-------------------------------------------------------------------------------------------------
Reintento 3
-------------------------------------------------------------------------------------------------

-------------------------------------------------------------------------------------------------
Reintento 4
-------------------------------------------------------------------------------------------------

-------------------------------------------------------------------------------------------------
Reintento 5
-------------------------------------------------------------------------------------------------

-------------------------------------------------------------------------------------------------
Reintento 6
-------------------------------------------------------------------------------------------------

-------------------------------------------------------------------------------------------------
Reintento 7
-------------------------------------------------------------------------------------------------

-------------------------------------------------------------------------------------------------
Fichero JSON
-------------------------------------------------------------------------------------------------
Fichero creado: c:\Users\alexl\OneDrive - Universidade de Santiago de Compostela\TFG\Scraping\extraccion\jornada\resultados\datos_partidos_jornada.json

-------------------------------------------------------------------------------------------------
Fichero JSON
-------------------------------------------------------------------------------------------------
Fichero creado: c:\Users\alexl\OneDrive - Universidade de Santiago de Compostela\TFG\Scraping\extraccion\jornada\resultados\26-06-25_12-50datos_partidos_jornada.json

Tiempo total de ejecución: 0 minutos y 26.08 segundos
