
-------------------------------------------------------------------------------------------------
Scraping de partidos de la jornada
-------------------------------------------------------------------------------------------------

-------------------------------------------------------------------------------------------------
Partidos de la jornada intento 1. Partidos restantes: 65
-------------------------------------------------------------------------------------------------

Procesando batch 0 de URLs
Scrapeados datos de partido jugado: 4440642, 1-1
Scrapeados datos de partido jugado: 4440640, 1-2
Scrapeados datos de partido jugado: 4440641, 1-1
Scrapeados datos de partido jugado: 4440646, 0-0
Scrapeados datos de partido jugado: 4440639, 0-0
Scrapeados datos de partido jugado: 4440638, 3-0
Scrapeados datos de partido jugado: 4440643, 3-1
Scrapeados datos de partido jugado: 4440644, 0-0
Scrapeados datos de partido jugado: 4440645, 2-1
Scrapeados datos de partido jugado: 4479731, 2-1

Procesando batch 1 de URLs
Scrapeados datos de partido jugado: 4479734, 2-2
Scrapeados datos de partido jugado: 4479735, 1-2
Scrapeados datos de partido jugado: 4479737, 0-2
Scrapeados datos de partido jugado: 4479732, 1-1
Scrapeados datos de partido jugado: 4479733, 1-0
Scrapeados datos de partido jugado: 4479736, 1-0
Scrapeados datos de partido jugado: 4479738, 0-2
Scrapeados datos de partido jugado: 4479739, 1-0
Scrapeados datos de partido jugado: 4428082, 0-1
Scrapeados datos de partido jugado: 4428084, 0-2

Procesando batch 2 de URLs
Scrapeados datos de partido jugado: 4428080, 1-1
Scrapeados datos de partido jugado: 4428081, 2-2
Scrapeados datos de partido jugado: 4428088, 1-1
Scrapeados datos de partido jugado: 4428079, 1-0
Scrapeados datos de partido jugado: 4428085, 1-1
Scrapeados datos de partido jugado: 4428086, 0-0
Scrapeados datos de partido jugado: 4428087, 0-1
Scrapeados datos de partido jugado: 4428083, 1-1
Scrapeados datos de partido jugado: 4428735, 0-0
Scrapeados datos de partido jugado: 4428742, 1-0

Procesando batch 3 de URLs
Scrapeados datos de partido jugado: 4428740, 1-1
Scrapeados datos de partido jugado: 4428736, 0-0
Scrapeados datos de partido jugado: 4428741, 0-0
Scrapeados datos de partido jugado: 4428744, 1-3
Scrapeados datos de partido jugado: 4428739, 0-2
Scrapeados datos de partido jugado: 4428743, 0-2
Scrapeados datos de partido jugado: 4428737, 0-1
Scrapeados datos de partido jugado: 4428738, 2-1
Scrapeados datos de partido jugado: 4430094, 3-2
Scrapeados datos de partido jugado: 4430097, 2-1

Procesando batch 4 de URLs
Scrapeados datos de partido jugado: 4430101, 1-2
Scrapeados datos de partido jugado: 4430096, 0-1
Scrapeados datos de partido jugado: 4430098, 1-1
Scrapeados datos de partido jugado: 4430095, 0-1
Scrapeados datos de partido jugado: 4430099, 0-2
Scrapeados datos de partido jugado: 4430100, 2-2
Scrapeados datos de partido jugado: 4430102, 0-1
Scrapeados datos de partido jugado: 4479470, 3-0
Scrapeados datos de partido jugado: 4479471, 1-0
Scrapeados datos de partido jugado: 4479475, 0-3

Procesando batch 5 de URLs
Scrapeados datos de partido jugado: 4479474, 4-2
Scrapeados datos de partido jugado: 4479473, 1-1
Scrapeados datos de partido jugado: 4479478, 3-2
Scrapeados datos de partido jugado: 4479472, 4-0
Scrapeados datos de partido jugado: 4479476, 3-0
Scrapeados datos de partido jugado: 4479477, 1-0
Scrapeados datos de partido jugado: 4440996, 3-0
Scrapeados datos de partido jugado: 4440999, 1-0
Scrapeados datos de partido jugado: 4440998, 1-2
Scrapeados datos de partido jugado: 4440997, 0-0

Procesando batch 6 de URLs
Scrapeados datos de partido jugado: 4440995, 2-1
Scrapeados datos de partido jugado: 4441002, 2-2
Scrapeados datos de partido jugado: 4441001, 2-1
Scrapeados datos de partido jugado: 4441003, 2-2
Scrapeados datos de partido jugado: 4441000, 3-1

-------------------------------------------------------------------------------------------------
Scraping de partidos: datos de 65 partidos jugados distintos
-------------------------------------------------------------------------------------------------

-------------------------------------------------------------------------------------------------
Estadísticas de scraping
-------------------------------------------------------------------------------------------------

Páginas únicas scrapeadas: 65

Asyncio semaphore: 10

Tamaño del chunk: 10

Páginas fallidas: 42

-------------------------------------------------------------------------------------------------
Reintento 1
-------------------------------------------------------------------------------------------------
· URLFailReason.EMPTY | https://www.transfermarkt.es/cd-coria_ud-melilla/index/spielbericht/4479734 | Contenido vacío (<1000 caracteres)
· URLFailReason.EMPTY | https://www.transfermarkt.es/cd-illescas_cd-guadalajara/index/spielbericht/4479735 | Contenido vacío (<1000 caracteres)
· URLFailReason.EMPTY | https://www.transfermarkt.es/cf-rayo-majadahonda_cp-cacereno/index/spielbericht/4479737 | Contenido vacío (<1000 caracteres)
· URLFailReason.EMPTY | https://www.transfermarkt.es/getafe-cf-b_colonia-moscardo/index/spielbericht/4479732 | Contenido vacío (<1000 caracteres)
· URLFailReason.EMPTY | https://www.transfermarkt.es/cda-navalcarnero_cd-atletico-paso/index/spielbericht/4479733 | Contenido vacío (<1000 caracteres)
· URLFailReason.EMPTY | https://www.transfermarkt.es/ub-conquense_cf-talavera-de-la-reina/index/spielbericht/4479736 | Contenido vacío (<1000 caracteres)
· URLFailReason.EMPTY | https://www.transfermarkt.es/cd-union-sur-yaiza_ud-san-sebastian-de-los-reyes/index/spielbericht/4479738 | Contenido vacío (<1000 caracteres)
· URLFailReason.EMPTY | https://www.transfermarkt.es/sestao-river_sd-tarazona/index/spielbericht/4428084 | Contenido vacío (<1000 caracteres)

-------------------------------------------------------------------------------------------------
Reintento 2
-------------------------------------------------------------------------------------------------
· URLFailReason.EMPTY | https://www.transfermarkt.es/cd-coria_ud-melilla/index/spielbericht/4479734 | Contenido vacío (<1000 caracteres)
· URLFailReason.EMPTY | https://www.transfermarkt.es/cd-illescas_cd-guadalajara/index/spielbericht/4479735 | Contenido vacío (<1000 caracteres)
· URLFailReason.EMPTY | https://www.transfermarkt.es/cf-rayo-majadahonda_cp-cacereno/index/spielbericht/4479737 | Contenido vacío (<1000 caracteres)
· URLFailReason.EMPTY | https://www.transfermarkt.es/getafe-cf-b_colonia-moscardo/index/spielbericht/4479732 | Contenido vacío (<1000 caracteres)
· URLFailReason.EMPTY | https://www.transfermarkt.es/cda-navalcarnero_cd-atletico-paso/index/spielbericht/4479733 | Contenido vacío (<1000 caracteres)
· URLFailReason.EMPTY | https://www.transfermarkt.es/ub-conquense_cf-talavera-de-la-reina/index/spielbericht/4479736 | Contenido vacío (<1000 caracteres)
· URLFailReason.EMPTY | https://www.transfermarkt.es/cd-union-sur-yaiza_ud-san-sebastian-de-los-reyes/index/spielbericht/4479738 | Contenido vacío (<1000 caracteres)
· URLFailReason.EMPTY | https://www.transfermarkt.es/sestao-river_sd-tarazona/index/spielbericht/4428084 | Contenido vacío (<1000 caracteres)

-------------------------------------------------------------------------------------------------
Reintento 3
-------------------------------------------------------------------------------------------------
· URLFailReason.EMPTY | https://www.transfermarkt.es/cd-coria_ud-melilla/index/spielbericht/4479734 | Contenido vacío (<1000 caracteres)
· URLFailReason.EMPTY | https://www.transfermarkt.es/cd-illescas_cd-guadalajara/index/spielbericht/4479735 | Contenido vacío (<1000 caracteres)
· URLFailReason.EMPTY | https://www.transfermarkt.es/cf-rayo-majadahonda_cp-cacereno/index/spielbericht/4479737 | Contenido vacío (<1000 caracteres)
· URLFailReason.EMPTY | https://www.transfermarkt.es/getafe-cf-b_colonia-moscardo/index/spielbericht/4479732 | Contenido vacío (<1000 caracteres)
· URLFailReason.EMPTY | https://www.transfermarkt.es/cda-navalcarnero_cd-atletico-paso/index/spielbericht/4479733 | Contenido vacío (<1000 caracteres)
· URLFailReason.EMPTY | https://www.transfermarkt.es/ub-conquense_cf-talavera-de-la-reina/index/spielbericht/4479736 | Contenido vacío (<1000 caracteres)
· URLFailReason.EMPTY | https://www.transfermarkt.es/cd-union-sur-yaiza_ud-san-sebastian-de-los-reyes/index/spielbericht/4479738 | Contenido vacío (<1000 caracteres)
· URLFailReason.EMPTY | https://www.transfermarkt.es/sestao-river_sd-tarazona/index/spielbericht/4428084 | Contenido vacío (<1000 caracteres)

-------------------------------------------------------------------------------------------------
Reintento 4
-------------------------------------------------------------------------------------------------
· URLFailReason.EMPTY | https://www.transfermarkt.es/cd-coria_ud-melilla/index/spielbericht/4479734 | Contenido vacío (<1000 caracteres)
· URLFailReason.EMPTY | https://www.transfermarkt.es/cd-illescas_cd-guadalajara/index/spielbericht/4479735 | Contenido vacío (<1000 caracteres)
· URLFailReason.EMPTY | https://www.transfermarkt.es/cf-rayo-majadahonda_cp-cacereno/index/spielbericht/4479737 | Contenido vacío (<1000 caracteres)
· URLFailReason.EMPTY | https://www.transfermarkt.es/getafe-cf-b_colonia-moscardo/index/spielbericht/4479732 | Contenido vacío (<1000 caracteres)
· URLFailReason.EMPTY | https://www.transfermarkt.es/cda-navalcarnero_cd-atletico-paso/index/spielbericht/4479733 | Contenido vacío (<1000 caracteres)
· URLFailReason.EMPTY | https://www.transfermarkt.es/ub-conquense_cf-talavera-de-la-reina/index/spielbericht/4479736 | Contenido vacío (<1000 caracteres)
· URLFailReason.EMPTY | https://www.transfermarkt.es/cd-union-sur-yaiza_ud-san-sebastian-de-los-reyes/index/spielbericht/4479738 | Contenido vacío (<1000 caracteres)
· URLFailReason.EMPTY | https://www.transfermarkt.es/sestao-river_sd-tarazona/index/spielbericht/4428084 | Contenido vacío (<1000 caracteres)

-------------------------------------------------------------------------------------------------
Reintento 5
-------------------------------------------------------------------------------------------------
· URLFailReason.EMPTY | https://www.transfermarkt.es/sestao-river_sd-tarazona/index/spielbericht/4428084 | Contenido vacío (<1000 caracteres)

-------------------------------------------------------------------------------------------------
Reintento 6
-------------------------------------------------------------------------------------------------

-------------------------------------------------------------------------------------------------
Reintento 7
-------------------------------------------------------------------------------------------------

-------------------------------------------------------------------------------------------------
Fichero JSON
-------------------------------------------------------------------------------------------------
Fichero creado: c:\Users\alexl\OneDrive - Universidade de Santiago de Compostela\TFG\Scraping\extraccion\jornada\resultados\datos_partidos_jornada.json

-------------------------------------------------------------------------------------------------
Fichero JSON
-------------------------------------------------------------------------------------------------
Fichero creado: c:\Users\alexl\OneDrive - Universidade de Santiago de Compostela\TFG\Scraping\extraccion\jornada\resultados\26-06-25_00-15datos_partidos_jornada.json

Tiempo total de ejecución: 9 minutos y 13.32 segundos
