
-------------------------------------------------------------------------------------------------
Scraping de partidos de la jornada
-------------------------------------------------------------------------------------------------

-------------------------------------------------------------------------------------------------
Partidos de la jornada intento 1. Partidos restantes: 20
-------------------------------------------------------------------------------------------------

Procesando batch 0 de URLs
Scrapeados datos de partido jugado: 4428135, 2-0
Scrapeados datos de partido jugado: 4428137, 0-0
Scrapeados datos de partido jugado: 4428129, 1-1
Scrapeados datos de partido jugado: 4428138, 0-4
Scrapeados datos de partido jugado: 4428134, 1-0
Scrapeados datos de partido jugado: 4428130, 3-0
Scrapeados datos de partido jugado: 4428136, 2-0
Scrapeados datos de partido jugado: 4428133, 0-0
Scrapeados datos de partido jugado: 4428132, 1-0
Scrapeados datos de partido jugado: 4428131, 1-0

Procesando batch 1 de URLs
Scrapeados datos de partido jugado: 4428802, 0-0
Scrapeados datos de partido jugado: 4428797, 2-0
Scrapeados datos de partido jugado: 4428801, 2-2
Scrapeados datos de partido jugado: 4428799, 1-0
Scrapeados datos de partido jugado: 4428796, 2-0
Scrapeados datos de partido jugado: 4428800, 2-2
Scrapeados datos de partido jugado: 4428803, 0-3
Scrapeados datos de partido jugado: 4428795, 3-2
Scrapeados datos de partido jugado: 4428798, 0-1
Scrapeados datos de partido jugado: 4428804, 2-1

-------------------------------------------------------------------------------------------------
Scraping de partidos: datos de 20 partidos jugados distintos
-------------------------------------------------------------------------------------------------

-------------------------------------------------------------------------------------------------
Estadísticas de scraping
-------------------------------------------------------------------------------------------------

Páginas únicas scrapeadas: 20

Asyncio semaphore: 10

Tamaño del chunk: 10

Páginas fallidas: 0

-------------------------------------------------------------------------------------------------
Reintento 1
-------------------------------------------------------------------------------------------------

-------------------------------------------------------------------------------------------------
Reintento 2
-------------------------------------------------------------------------------------------------

-------------------------------------------------------------------------------------------------
Reintento 3
-------------------------------------------------------------------------------------------------

-------------------------------------------------------------------------------------------------
Reintento 4
-------------------------------------------------------------------------------------------------

-------------------------------------------------------------------------------------------------
Reintento 5
-------------------------------------------------------------------------------------------------

-------------------------------------------------------------------------------------------------
Reintento 6
-------------------------------------------------------------------------------------------------

-------------------------------------------------------------------------------------------------
Reintento 7
-------------------------------------------------------------------------------------------------

-------------------------------------------------------------------------------------------------
Fichero JSON
-------------------------------------------------------------------------------------------------
Fichero creado: c:\Users\alexl\OneDrive - Universidade de Santiago de Compostela\TFG\Scraping\extraccion\jornada\resultados\datos_partidos_jornada.json

-------------------------------------------------------------------------------------------------
Fichero JSON
-------------------------------------------------------------------------------------------------
Fichero creado: c:\Users\alexl\OneDrive - Universidade de Santiago de Compostela\TFG\Scraping\extraccion\jornada\resultados\26-06-25_12-18datos_partidos_jornada.json

Tiempo total de ejecución: 0 minutos y 28.39 segundos
