
-------------------------------------------------------------------------------------------------
Scraping de partidos de la jornada
-------------------------------------------------------------------------------------------------

-------------------------------------------------------------------------------------------------
Partidos de la jornada intento 1. Partidos restantes: 65
-------------------------------------------------------------------------------------------------

Procesando batch 0 de URLs
Scrapeados datos de partido jugado: 4441023, 2-1
Scrapeados datos de partido jugado: 4441026, 0-1
Scrapeados datos de partido jugado: 4441029, 1-0
Scrapeados datos de partido jugado: 4441028, 0-1
Scrapeados datos de partido jugado: 4441030, 3-2
Scrapeados datos de partido jugado: 4441025, 2-1
Scrapeados datos de partido jugado: 4441022, 3-2
Scrapeados datos de partido jugado: 4441024, 3-0
Scrapeados datos de partido jugado: 4441027, 0-1
Scrapeados datos de partido jugado: 4479764, 0-0

Procesando batch 1 de URLs
Scrapeados datos de partido jugado: 4479763, 2-2
Scrapeados datos de partido jugado: 4479762, 3-0
Scrapeados datos de partido jugado: 4479758, 0-1
Scrapeados datos de partido jugado: 4479759, 3-2
Scrapeados datos de partido jugado: 4479761, 2-0
Scrapeados datos de partido jugado: 4479760, 2-1
Scrapeados datos de partido jugado: 4479766, 0-0
Scrapeados datos de partido jugado: 4479765, 0-1
Scrapeados datos de partido jugado: 4428770, 2-1
Scrapeados datos de partido jugado: 4428774, 2-0

Procesando batch 2 de URLs
Scrapeados datos de partido jugado: 4428766, 0-0
Scrapeados datos de partido jugado: 4428772, 0-1
Scrapeados datos de partido jugado: 4428767, 1-1
Scrapeados datos de partido jugado: 4428771, 1-1
Scrapeados datos de partido jugado: 4428773, 1-1
Scrapeados datos de partido jugado: 4428769, 2-0
Scrapeados datos de partido jugado: 4428765, 2-4
Scrapeados datos de partido jugado: 4428768, 1-1
Scrapeados datos de partido jugado: 4479499, 0-0
Scrapeados datos de partido jugado: 4479500, 2-0

Procesando batch 3 de URLs
Scrapeados datos de partido jugado: 4479504, 0-0
Scrapeados datos de partido jugado: 4479501, 1-5
Scrapeados datos de partido jugado: 4479497, 2-0
Scrapeados datos de partido jugado: 4479502, 1-0
Scrapeados datos de partido jugado: 4479505, 2-2
Scrapeados datos de partido jugado: 4479498, 4-0
Scrapeados datos de partido jugado: 4479503, 3-1
Scrapeados datos de partido jugado: 4430265, 3-2
Scrapeados datos de partido jugado: 4430264, 1-2
Scrapeados datos de partido jugado: 4430269, 0-2

Procesando batch 4 de URLs
Scrapeados datos de partido jugado: 4430271, 0-0
Scrapeados datos de partido jugado: 4430272, 1-0
Scrapeados datos de partido jugado: 4430268, 1-1
Scrapeados datos de partido jugado: 4430266, 2-0
Scrapeados datos de partido jugado: 4430270, 2-0
Scrapeados datos de partido jugado: 4430267, 3-0
Scrapeados datos de partido jugado: 4440667, 4-2
Scrapeados datos de partido jugado: 4440671, 4-1
Scrapeados datos de partido jugado: 4440673, 0-1
Scrapeados datos de partido jugado: 4440665, 2-1

Procesando batch 5 de URLs
Scrapeados datos de partido jugado: 4440670, 0-0
Scrapeados datos de partido jugado: 4440666, 3-1
Scrapeados datos de partido jugado: 4440668, 1-0
Scrapeados datos de partido jugado: 4440672, 1-4
Scrapeados datos de partido jugado: 4440669, 1-1
Scrapeados datos de partido jugado: 4428115, 1-2
Scrapeados datos de partido jugado: 4428117, 2-1
Scrapeados datos de partido jugado: 4428111, 4-0
Scrapeados datos de partido jugado: 4428114, 1-0
Scrapeados datos de partido jugado: 4428116, 2-1

Procesando batch 6 de URLs
Scrapeados datos de partido jugado: 4428118, 2-1
Scrapeados datos de partido jugado: 4428113, 3-0
Scrapeados datos de partido jugado: 4428109, 1-1
Scrapeados datos de partido jugado: 4428112, 1-3
Scrapeados datos de partido jugado: 4428110, 2-0

-------------------------------------------------------------------------------------------------
Scraping de partidos: datos de 65 partidos jugados distintos
-------------------------------------------------------------------------------------------------

-------------------------------------------------------------------------------------------------
Estadísticas de scraping
-------------------------------------------------------------------------------------------------

Páginas únicas scrapeadas: 65

Asyncio semaphore: 10

Tamaño del chunk: 10

Páginas fallidas: 155

-------------------------------------------------------------------------------------------------
Reintento 1
-------------------------------------------------------------------------------------------------
· URLFailReason.EMPTY | https://www.transfermarkt.es/ud-san-sebastian-de-los-reyes_cd-illescas/index/spielbericht/4479763 | Contenido vacío (<1000 caracteres)
· URLFailReason.EMPTY | https://www.transfermarkt.es/ud-melilla_cd-mostoles-urjc/index/spielbericht/4479759 | Contenido vacío (<1000 caracteres)
· URLFailReason.EMPTY | https://www.transfermarkt.es/cf-talavera-de-la-reina_cda-navalcarnero/index/spielbericht/4479761 | Contenido vacío (<1000 caracteres)
· URLFailReason.EMPTY | https://www.transfermarkt.es/cd-guadalajara_getafe-cf-b/index/spielbericht/4479760 | Contenido vacío (<1000 caracteres)
· URLFailReason.EMPTY | https://www.transfermarkt.es/cd-union-sur-yaiza_cd-tenerife-b/index/spielbericht/4479766 | Contenido vacío (<1000 caracteres)
· URLFailReason.EMPTY | https://www.transfermarkt.es/real-madrid-c_cf-rayo-majadahonda/index/spielbericht/4479765 | Contenido vacío (<1000 caracteres)
· URLFailReason.EMPTY | https://www.transfermarkt.es/marbella-fc_ud-ibiza/index/spielbericht/4428770 | Contenido vacío (<1000 caracteres)
· URLFailReason.EMPTY | https://www.transfermarkt.es/sevilla-atletico_recreativo-de-huelva/index/spielbericht/4428774 | Contenido vacío (<1000 caracteres)
· URLFailReason.EMPTY | https://www.transfermarkt.es/hercules-cf_merida-ad/index/spielbericht/4428766 | Contenido vacío (<1000 caracteres)
· URLFailReason.EMPTY | https://www.transfermarkt.es/rcd-espanyol-b_cd-ibiza-islas-pitiusas/index/spielbericht/4479504 | Contenido vacío (<1000 caracteres)
· URLFailReason.EMPTY | https://www.transfermarkt.es/cf-badalona-futur_ue-sant-andreu/index/spielbericht/4479501 | Contenido vacío (<1000 caracteres)
· URLFailReason.EMPTY | https://www.transfermarkt.es/rcd-mallorca-b_elche-ilicitano/index/spielbericht/4479497 | Contenido vacío (<1000 caracteres)
· URLFailReason.EMPTY | https://www.transfermarkt.es/torrent-cf_lleida-cf/index/spielbericht/4479502 | Contenido vacío (<1000 caracteres)
· URLFailReason.EMPTY | https://www.transfermarkt.es/ce-andratx_cd-atletico-baleares/index/spielbericht/4479505 | Contenido vacío (<1000 caracteres)
· URLFailReason.EMPTY | https://www.transfermarkt.es/ce-europa_ud-alzira/index/spielbericht/4479498 | Contenido vacío (<1000 caracteres)
· URLFailReason.EMPTY | https://www.transfermarkt.es/valencia-mestalla_ue-cornella/index/spielbericht/4479503 | Contenido vacío (<1000 caracteres)
· URLFailReason.EMPTY | https://www.transfermarkt.es/ucam-murcia-cf_deportiva-minera/index/spielbericht/4430265 | Contenido vacío (<1000 caracteres)
· URLFailReason.EMPTY | https://www.transfermarkt.es/xerez-deportivo-fc_cd-don-benito/index/spielbericht/4430264 | Contenido vacío (<1000 caracteres)
· URLFailReason.EMPTY | https://www.transfermarkt.es/orihuela-cf-_fc-la-union-atletico/index/spielbericht/4430269 | Contenido vacío (<1000 caracteres)
· URLFailReason.EMPTY | https://www.transfermarkt.es/real-balompedica-linense_linares-deportivo/index/spielbericht/4430271 | Contenido vacío (<1000 caracteres)
· URLFailReason.EMPTY | https://www.transfermarkt.es/cf-villanovense_xerez-cd/index/spielbericht/4430272 | Contenido vacío (<1000 caracteres)
· URLFailReason.EMPTY | https://www.transfermarkt.es/cadiz-cf-mirandilla_club-atletico-antoniano/index/spielbericht/4430268 | Contenido vacío (<1000 caracteres)
· URLFailReason.EMPTY | https://www.transfermarkt.es/cd-estepona-fs_san-fernando-cd/index/spielbericht/4430266 | Contenido vacío (<1000 caracteres)
· URLFailReason.EMPTY | https://www.transfermarkt.es/aguilas-fc_recreativo-granada/index/spielbericht/4430270 | Contenido vacío (<1000 caracteres)
· URLFailReason.EMPTY | https://www.transfermarkt.es/juventud-torremolinos-cf_ud-almeria-b/index/spielbericht/4430267 | Contenido vacío (<1000 caracteres)
· URLFailReason.EMPTY | https://www.transfermarkt.es/pontevedra-cf_cd-laredo/index/spielbericht/4440667 | Contenido vacío (<1000 caracteres)
· URLFailReason.EMPTY | https://www.transfermarkt.es/rayo-cantabria_real-aviles-industrial/index/spielbericht/4440671 | Contenido vacío (<1000 caracteres)
· URLFailReason.EMPTY | https://www.transfermarkt.es/rc-deportivo-fabril_salamanca-cf-uds/index/spielbericht/4440673 | Contenido vacío (<1000 caracteres)
· URLFailReason.EMPTY | https://www.transfermarkt.es/real-valladolid-promesas_real-avila-cf/index/spielbericht/4440665 | Contenido vacío (<1000 caracteres)
· URLFailReason.EMPTY | https://www.transfermarkt.es/um-escobedo_coruxo-fc/index/spielbericht/4440670 | Contenido vacío (<1000 caracteres)
· URLFailReason.EMPTY | https://www.transfermarkt.es/sd-tarazona_cultural-leonesa/index/spielbericht/4428114 | Contenido vacío (<1000 caracteres)

-------------------------------------------------------------------------------------------------
Reintento 2
-------------------------------------------------------------------------------------------------
· URLFailReason.EMPTY | https://www.transfermarkt.es/ud-san-sebastian-de-los-reyes_cd-illescas/index/spielbericht/4479763 | Contenido vacío (<1000 caracteres)
· URLFailReason.EMPTY | https://www.transfermarkt.es/ud-melilla_cd-mostoles-urjc/index/spielbericht/4479759 | Contenido vacío (<1000 caracteres)
· URLFailReason.EMPTY | https://www.transfermarkt.es/cf-talavera-de-la-reina_cda-navalcarnero/index/spielbericht/4479761 | Contenido vacío (<1000 caracteres)
· URLFailReason.EMPTY | https://www.transfermarkt.es/cd-guadalajara_getafe-cf-b/index/spielbericht/4479760 | Contenido vacío (<1000 caracteres)
· URLFailReason.EMPTY | https://www.transfermarkt.es/cd-union-sur-yaiza_cd-tenerife-b/index/spielbericht/4479766 | Contenido vacío (<1000 caracteres)
· URLFailReason.EMPTY | https://www.transfermarkt.es/real-madrid-c_cf-rayo-majadahonda/index/spielbericht/4479765 | Contenido vacío (<1000 caracteres)
· URLFailReason.EMPTY | https://www.transfermarkt.es/marbella-fc_ud-ibiza/index/spielbericht/4428770 | Contenido vacío (<1000 caracteres)
· URLFailReason.EMPTY | https://www.transfermarkt.es/sevilla-atletico_recreativo-de-huelva/index/spielbericht/4428774 | Contenido vacío (<1000 caracteres)
· URLFailReason.EMPTY | https://www.transfermarkt.es/rcd-espanyol-b_cd-ibiza-islas-pitiusas/index/spielbericht/4479504 | Contenido vacío (<1000 caracteres)
· URLFailReason.EMPTY | https://www.transfermarkt.es/cf-badalona-futur_ue-sant-andreu/index/spielbericht/4479501 | Contenido vacío (<1000 caracteres)
· URLFailReason.EMPTY | https://www.transfermarkt.es/rcd-mallorca-b_elche-ilicitano/index/spielbericht/4479497 | Contenido vacío (<1000 caracteres)
· URLFailReason.EMPTY | https://www.transfermarkt.es/torrent-cf_lleida-cf/index/spielbericht/4479502 | Contenido vacío (<1000 caracteres)
· URLFailReason.EMPTY | https://www.transfermarkt.es/ce-andratx_cd-atletico-baleares/index/spielbericht/4479505 | Contenido vacío (<1000 caracteres)
· URLFailReason.EMPTY | https://www.transfermarkt.es/ce-europa_ud-alzira/index/spielbericht/4479498 | Contenido vacío (<1000 caracteres)
· URLFailReason.EMPTY | https://www.transfermarkt.es/valencia-mestalla_ue-cornella/index/spielbericht/4479503 | Contenido vacío (<1000 caracteres)
· URLFailReason.EMPTY | https://www.transfermarkt.es/ucam-murcia-cf_deportiva-minera/index/spielbericht/4430265 | Contenido vacío (<1000 caracteres)
· URLFailReason.EMPTY | https://www.transfermarkt.es/xerez-deportivo-fc_cd-don-benito/index/spielbericht/4430264 | Contenido vacío (<1000 caracteres)
· URLFailReason.EMPTY | https://www.transfermarkt.es/orihuela-cf-_fc-la-union-atletico/index/spielbericht/4430269 | Contenido vacío (<1000 caracteres)
· URLFailReason.EMPTY | https://www.transfermarkt.es/real-balompedica-linense_linares-deportivo/index/spielbericht/4430271 | Contenido vacío (<1000 caracteres)
· URLFailReason.EMPTY | https://www.transfermarkt.es/cf-villanovense_xerez-cd/index/spielbericht/4430272 | Contenido vacío (<1000 caracteres)
· URLFailReason.EMPTY | https://www.transfermarkt.es/cadiz-cf-mirandilla_club-atletico-antoniano/index/spielbericht/4430268 | Contenido vacío (<1000 caracteres)
· URLFailReason.EMPTY | https://www.transfermarkt.es/cd-estepona-fs_san-fernando-cd/index/spielbericht/4430266 | Contenido vacío (<1000 caracteres)
· URLFailReason.EMPTY | https://www.transfermarkt.es/aguilas-fc_recreativo-granada/index/spielbericht/4430270 | Contenido vacío (<1000 caracteres)
· URLFailReason.EMPTY | https://www.transfermarkt.es/juventud-torremolinos-cf_ud-almeria-b/index/spielbericht/4430267 | Contenido vacío (<1000 caracteres)
· URLFailReason.EMPTY | https://www.transfermarkt.es/pontevedra-cf_cd-laredo/index/spielbericht/4440667 | Contenido vacío (<1000 caracteres)
· URLFailReason.EMPTY | https://www.transfermarkt.es/rayo-cantabria_real-aviles-industrial/index/spielbericht/4440671 | Contenido vacío (<1000 caracteres)
· URLFailReason.EMPTY | https://www.transfermarkt.es/rc-deportivo-fabril_salamanca-cf-uds/index/spielbericht/4440673 | Contenido vacío (<1000 caracteres)
· URLFailReason.EMPTY | https://www.transfermarkt.es/real-valladolid-promesas_real-avila-cf/index/spielbericht/4440665 | Contenido vacío (<1000 caracteres)
· URLFailReason.EMPTY | https://www.transfermarkt.es/um-escobedo_coruxo-fc/index/spielbericht/4440670 | Contenido vacío (<1000 caracteres)
· URLFailReason.EMPTY | https://www.transfermarkt.es/sd-tarazona_cultural-leonesa/index/spielbericht/4428114 | Contenido vacío (<1000 caracteres)

-------------------------------------------------------------------------------------------------
Reintento 3
-------------------------------------------------------------------------------------------------
· URLFailReason.EMPTY | https://www.transfermarkt.es/ud-san-sebastian-de-los-reyes_cd-illescas/index/spielbericht/4479763 | Contenido vacío (<1000 caracteres)
· URLFailReason.EMPTY | https://www.transfermarkt.es/ud-melilla_cd-mostoles-urjc/index/spielbericht/4479759 | Contenido vacío (<1000 caracteres)
· URLFailReason.EMPTY | https://www.transfermarkt.es/cf-talavera-de-la-reina_cda-navalcarnero/index/spielbericht/4479761 | Contenido vacío (<1000 caracteres)
· URLFailReason.EMPTY | https://www.transfermarkt.es/cd-guadalajara_getafe-cf-b/index/spielbericht/4479760 | Contenido vacío (<1000 caracteres)
· URLFailReason.EMPTY | https://www.transfermarkt.es/cd-union-sur-yaiza_cd-tenerife-b/index/spielbericht/4479766 | Contenido vacío (<1000 caracteres)
· URLFailReason.EMPTY | https://www.transfermarkt.es/real-madrid-c_cf-rayo-majadahonda/index/spielbericht/4479765 | Contenido vacío (<1000 caracteres)
· URLFailReason.EMPTY | https://www.transfermarkt.es/marbella-fc_ud-ibiza/index/spielbericht/4428770 | Contenido vacío (<1000 caracteres)
· URLFailReason.EMPTY | https://www.transfermarkt.es/sevilla-atletico_recreativo-de-huelva/index/spielbericht/4428774 | Contenido vacío (<1000 caracteres)
· URLFailReason.EMPTY | https://www.transfermarkt.es/rcd-espanyol-b_cd-ibiza-islas-pitiusas/index/spielbericht/4479504 | Contenido vacío (<1000 caracteres)
· URLFailReason.EMPTY | https://www.transfermarkt.es/cf-badalona-futur_ue-sant-andreu/index/spielbericht/4479501 | Contenido vacío (<1000 caracteres)
· URLFailReason.EMPTY | https://www.transfermarkt.es/rcd-mallorca-b_elche-ilicitano/index/spielbericht/4479497 | Contenido vacío (<1000 caracteres)
· URLFailReason.EMPTY | https://www.transfermarkt.es/torrent-cf_lleida-cf/index/spielbericht/4479502 | Contenido vacío (<1000 caracteres)
· URLFailReason.EMPTY | https://www.transfermarkt.es/ce-andratx_cd-atletico-baleares/index/spielbericht/4479505 | Contenido vacío (<1000 caracteres)
· URLFailReason.EMPTY | https://www.transfermarkt.es/ce-europa_ud-alzira/index/spielbericht/4479498 | Contenido vacío (<1000 caracteres)
· URLFailReason.EMPTY | https://www.transfermarkt.es/valencia-mestalla_ue-cornella/index/spielbericht/4479503 | Contenido vacío (<1000 caracteres)
· URLFailReason.EMPTY | https://www.transfermarkt.es/ucam-murcia-cf_deportiva-minera/index/spielbericht/4430265 | Contenido vacío (<1000 caracteres)
· URLFailReason.EMPTY | https://www.transfermarkt.es/xerez-deportivo-fc_cd-don-benito/index/spielbericht/4430264 | Contenido vacío (<1000 caracteres)
· URLFailReason.EMPTY | https://www.transfermarkt.es/orihuela-cf-_fc-la-union-atletico/index/spielbericht/4430269 | Contenido vacío (<1000 caracteres)
· URLFailReason.EMPTY | https://www.transfermarkt.es/real-balompedica-linense_linares-deportivo/index/spielbericht/4430271 | Contenido vacío (<1000 caracteres)
· URLFailReason.EMPTY | https://www.transfermarkt.es/cf-villanovense_xerez-cd/index/spielbericht/4430272 | Contenido vacío (<1000 caracteres)
· URLFailReason.EMPTY | https://www.transfermarkt.es/cadiz-cf-mirandilla_club-atletico-antoniano/index/spielbericht/4430268 | Contenido vacío (<1000 caracteres)
· URLFailReason.EMPTY | https://www.transfermarkt.es/cd-estepona-fs_san-fernando-cd/index/spielbericht/4430266 | Contenido vacío (<1000 caracteres)
· URLFailReason.EMPTY | https://www.transfermarkt.es/aguilas-fc_recreativo-granada/index/spielbericht/4430270 | Contenido vacío (<1000 caracteres)
· URLFailReason.EMPTY | https://www.transfermarkt.es/juventud-torremolinos-cf_ud-almeria-b/index/spielbericht/4430267 | Contenido vacío (<1000 caracteres)
· URLFailReason.EMPTY | https://www.transfermarkt.es/pontevedra-cf_cd-laredo/index/spielbericht/4440667 | Contenido vacío (<1000 caracteres)
· URLFailReason.EMPTY | https://www.transfermarkt.es/rayo-cantabria_real-aviles-industrial/index/spielbericht/4440671 | Contenido vacío (<1000 caracteres)
· URLFailReason.EMPTY | https://www.transfermarkt.es/rc-deportivo-fabril_salamanca-cf-uds/index/spielbericht/4440673 | Contenido vacío (<1000 caracteres)
· URLFailReason.EMPTY | https://www.transfermarkt.es/real-valladolid-promesas_real-avila-cf/index/spielbericht/4440665 | Contenido vacío (<1000 caracteres)
· URLFailReason.EMPTY | https://www.transfermarkt.es/um-escobedo_coruxo-fc/index/spielbericht/4440670 | Contenido vacío (<1000 caracteres)
· URLFailReason.EMPTY | https://www.transfermarkt.es/sd-tarazona_cultural-leonesa/index/spielbericht/4428114 | Contenido vacío (<1000 caracteres)

-------------------------------------------------------------------------------------------------
Reintento 4
-------------------------------------------------------------------------------------------------
· URLFailReason.EMPTY | https://www.transfermarkt.es/ud-san-sebastian-de-los-reyes_cd-illescas/index/spielbericht/4479763 | Contenido vacío (<1000 caracteres)
· URLFailReason.EMPTY | https://www.transfermarkt.es/ud-melilla_cd-mostoles-urjc/index/spielbericht/4479759 | Contenido vacío (<1000 caracteres)
· URLFailReason.EMPTY | https://www.transfermarkt.es/cf-talavera-de-la-reina_cda-navalcarnero/index/spielbericht/4479761 | Contenido vacío (<1000 caracteres)
· URLFailReason.EMPTY | https://www.transfermarkt.es/cd-guadalajara_getafe-cf-b/index/spielbericht/4479760 | Contenido vacío (<1000 caracteres)
· URLFailReason.EMPTY | https://www.transfermarkt.es/cd-union-sur-yaiza_cd-tenerife-b/index/spielbericht/4479766 | Contenido vacío (<1000 caracteres)
· URLFailReason.EMPTY | https://www.transfermarkt.es/real-madrid-c_cf-rayo-majadahonda/index/spielbericht/4479765 | Contenido vacío (<1000 caracteres)
· URLFailReason.EMPTY | https://www.transfermarkt.es/marbella-fc_ud-ibiza/index/spielbericht/4428770 | Contenido vacío (<1000 caracteres)
· URLFailReason.EMPTY | https://www.transfermarkt.es/sevilla-atletico_recreativo-de-huelva/index/spielbericht/4428774 | Contenido vacío (<1000 caracteres)
· URLFailReason.EMPTY | https://www.transfermarkt.es/rcd-espanyol-b_cd-ibiza-islas-pitiusas/index/spielbericht/4479504 | Contenido vacío (<1000 caracteres)
· URLFailReason.EMPTY | https://www.transfermarkt.es/cf-badalona-futur_ue-sant-andreu/index/spielbericht/4479501 | Contenido vacío (<1000 caracteres)
· URLFailReason.EMPTY | https://www.transfermarkt.es/rcd-mallorca-b_elche-ilicitano/index/spielbericht/4479497 | Contenido vacío (<1000 caracteres)
· URLFailReason.EMPTY | https://www.transfermarkt.es/torrent-cf_lleida-cf/index/spielbericht/4479502 | Contenido vacío (<1000 caracteres)
· URLFailReason.EMPTY | https://www.transfermarkt.es/ce-andratx_cd-atletico-baleares/index/spielbericht/4479505 | Contenido vacío (<1000 caracteres)
· URLFailReason.EMPTY | https://www.transfermarkt.es/ce-europa_ud-alzira/index/spielbericht/4479498 | Contenido vacío (<1000 caracteres)
· URLFailReason.EMPTY | https://www.transfermarkt.es/valencia-mestalla_ue-cornella/index/spielbericht/4479503 | Contenido vacío (<1000 caracteres)
· URLFailReason.EMPTY | https://www.transfermarkt.es/ucam-murcia-cf_deportiva-minera/index/spielbericht/4430265 | Contenido vacío (<1000 caracteres)
· URLFailReason.EMPTY | https://www.transfermarkt.es/xerez-deportivo-fc_cd-don-benito/index/spielbericht/4430264 | Contenido vacío (<1000 caracteres)
· URLFailReason.EMPTY | https://www.transfermarkt.es/orihuela-cf-_fc-la-union-atletico/index/spielbericht/4430269 | Contenido vacío (<1000 caracteres)
· URLFailReason.EMPTY | https://www.transfermarkt.es/real-balompedica-linense_linares-deportivo/index/spielbericht/4430271 | Contenido vacío (<1000 caracteres)
· URLFailReason.EMPTY | https://www.transfermarkt.es/cf-villanovense_xerez-cd/index/spielbericht/4430272 | Contenido vacío (<1000 caracteres)
· URLFailReason.EMPTY | https://www.transfermarkt.es/cadiz-cf-mirandilla_club-atletico-antoniano/index/spielbericht/4430268 | Contenido vacío (<1000 caracteres)
· URLFailReason.EMPTY | https://www.transfermarkt.es/cd-estepona-fs_san-fernando-cd/index/spielbericht/4430266 | Contenido vacío (<1000 caracteres)
· URLFailReason.EMPTY | https://www.transfermarkt.es/aguilas-fc_recreativo-granada/index/spielbericht/4430270 | Contenido vacío (<1000 caracteres)
· URLFailReason.EMPTY | https://www.transfermarkt.es/juventud-torremolinos-cf_ud-almeria-b/index/spielbericht/4430267 | Contenido vacío (<1000 caracteres)
· URLFailReason.EMPTY | https://www.transfermarkt.es/pontevedra-cf_cd-laredo/index/spielbericht/4440667 | Contenido vacío (<1000 caracteres)
· URLFailReason.EMPTY | https://www.transfermarkt.es/rayo-cantabria_real-aviles-industrial/index/spielbericht/4440671 | Contenido vacío (<1000 caracteres)
· URLFailReason.EMPTY | https://www.transfermarkt.es/rc-deportivo-fabril_salamanca-cf-uds/index/spielbericht/4440673 | Contenido vacío (<1000 caracteres)
· URLFailReason.EMPTY | https://www.transfermarkt.es/real-valladolid-promesas_real-avila-cf/index/spielbericht/4440665 | Contenido vacío (<1000 caracteres)
· URLFailReason.EMPTY | https://www.transfermarkt.es/um-escobedo_coruxo-fc/index/spielbericht/4440670 | Contenido vacío (<1000 caracteres)
· URLFailReason.EMPTY | https://www.transfermarkt.es/sd-tarazona_cultural-leonesa/index/spielbericht/4428114 | Contenido vacío (<1000 caracteres)

-------------------------------------------------------------------------------------------------
Reintento 5
-------------------------------------------------------------------------------------------------
· URLFailReason.EMPTY | https://www.transfermarkt.es/real-balompedica-linense_linares-deportivo/index/spielbericht/4430271 | Contenido vacío (<1000 caracteres)
· URLFailReason.EMPTY | https://www.transfermarkt.es/juventud-torremolinos-cf_ud-almeria-b/index/spielbericht/4430267 | Contenido vacío (<1000 caracteres)

-------------------------------------------------------------------------------------------------
Reintento 6
-------------------------------------------------------------------------------------------------

-------------------------------------------------------------------------------------------------
Reintento 7
-------------------------------------------------------------------------------------------------

-------------------------------------------------------------------------------------------------
Fichero JSON
-------------------------------------------------------------------------------------------------
Fichero creado: c:\Users\alexl\OneDrive - Universidade de Santiago de Compostela\TFG\Scraping\extraccion\jornada\resultados\datos_partidos_jornada.json

-------------------------------------------------------------------------------------------------
Fichero JSON
-------------------------------------------------------------------------------------------------
Fichero creado: c:\Users\alexl\OneDrive - Universidade de Santiago de Compostela\TFG\Scraping\extraccion\jornada\resultados\26-06-25_11-04datos_partidos_jornada.json

Tiempo total de ejecución: 19 minutos y 42.94 segundos
