
-------------------------------------------------------------------------------------------------
Iniciando inserción de equipos, clubes y campos
-------------------------------------------------------------------------------------------------
Se han cargado 130 equipos.
Se han cargado 128 campos.
Error en campo Johan Cruyff (intento 1): 'Connection' object has no attribute 'transaction'
Error en campo Barreiro (intento 1): 'Connection' object has no attribute 'transaction'
Error en campo Instalaciones de Zubieta (intento 1): 'Connection' object has no attribute 'transaction'
Error en campo Estadi Nacional d'Andorra (intento 1): 'Connection' object has no attribute 'transaction'
Error en campo El Toralín (intento 1): 'Connection' object has no attribute 'transaction'
Error en campo Reino de León (intento 1): 'Connection' object has no attribute 'transaction'
Error en campo Instalaciones de Lezama (intento 1): 'Connection' object has no attribute 'transaction'
Error en campo Nou Estadi Costa Daurada (intento 1): 'Connection' object has no attribute 'transaction'
Error en campo Instalaciones de Tajonar (intento 1): 'Connection' object has no attribute 'transaction'
Error en campo O Couto (intento 1): 'Connection' object has no attribute 'transaction'
Error en campo Reina Sofía (intento 1): 'Connection' object has no attribute 'transaction'
Error en campo Anxo Carro (intento 1): 'Connection' object has no attribute 'transaction'
Error en campo Ruta de la Plata (intento 1): 'Connection' object has no attribute 'transaction'
Error en campo Stadium Gal (intento 1): 'Connection' object has no attribute 'transaction'
Error en campo Nuevo Lasesarre (intento 1): 'Connection' object has no attribute 'transaction'
Error en campo O Espiñedo (intento 1): 'Connection' object has no attribute 'transaction'
Error en campo Las Llanas (intento 1): 'Connection' object has no attribute 'transaction'
Error en campo Municipal de Tarazona (intento 1): 'Connection' object has no attribute 'transaction'
Error en campo Urritxe (intento 1): 'Connection' object has no attribute 'transaction'
Error en campo La Albuera (intento 1): 'Connection' object has no attribute 'transaction'
Error en campo Alfredo Di Stéfano (intento 1): 'Connection' object has no attribute 'transaction'
Error en campo La Cerámica (intento 1): 'Connection' object has no attribute 'transaction'
Error en campo Cerro del Espino (intento 1): 'Connection' object has no attribute 'transaction'
Error en campo Ciudad Deportiva Luis del Sol (intento 1): 'Connection' object has no attribute 'transaction'
Error en campo Jesús Navas (intento 1): 'Connection' object has no attribute 'transaction'
Error en campo Enrique Roca de Murcia (intento 1): 'Connection' object has no attribute 'transaction'
Error en campo Palladium Can Misses (intento 1): 'Connection' object has no attribute 'transaction'
Error en campo Municipal de Marbella (intento 1): 'Connection' object has no attribute 'transaction'
Error en campo José Rico Pérez (intento 1): 'Connection' object has no attribute 'transaction'
Error en campo Nuevo El Maulí (intento 1): 'Connection' object has no attribute 'transaction'
Error en campo Alfonso Murube (intento 1): 'Connection' object has no attribute 'transaction'
Error en campo Santo Domingo (intento 1): 'Connection' object has no attribute 'transaction'
Error en campo Romano José Fouto (intento 1): 'Connection' object has no attribute 'transaction'
Error en campo Antonio Solana (intento 1): 'Connection' object has no attribute 'transaction'
Error en campo Gestaser El Collao (intento 1): 'Connection' object has no attribute 'transaction'
Error en campo Nuevo Mirador (intento 1): 'Connection' object has no attribute 'transaction'
Error en campo Nuevo Colombino (intento 1): 'Connection' object has no attribute 'transaction'
Error en campo Fernando Torres (intento 1): 'Connection' object has no attribute 'transaction'
Error en campo El Palmar (intento 1): 'Connection' object has no attribute 'transaction'
Error en campo La Constitución (intento 1): 'Connection' object has no attribute 'transaction'
Error en campo Pasarón (intento 1): 'Connection' object has no attribute 'transaction'
Error en campo Los Pajaritos (intento 1): 'Connection' object has no attribute 'transaction'
Error en campo Román Suárez Puerta (intento 1): 'Connection' object has no attribute 'transaction'
Error en campo Verónica Boquete de San Lázaro (intento 1): 'Connection' object has no attribute 'transaction'
Error en campo Anexos al José Zorrilla (intento 1): 'Connection' object has no attribute 'transaction'
Error en campo Santi Gutiérrez Calle (intento 1): 'Connection' object has no attribute 'transaction'
Error en campo El Malecón (intento 1): 'Connection' object has no attribute 'transaction'
Error en campo Luis Ramos (intento 1): 'Connection' object has no attribute 'transaction'
Error en campo Helmántico (intento 1): 'Connection' object has no attribute 'transaction'
Error en campo Ciudad Deportiva de Abegondo (intento 1): 'Connection' object has no attribute 'transaction'
Error en campo O Vao (intento 1): 'Connection' object has no attribute 'transaction'
Error en campo As Eiroas (intento 1): 'Connection' object has no attribute 'transaction'
Error en campo Ganzábal (intento 1): 'Connection' object has no attribute 'transaction'
Error en campo Estadio Municipal Adolfo Suárez (intento 1): 'Connection' object has no attribute 'transaction'
Error en campo Miramar (intento 1): 'Connection' object has no attribute 'transaction'
Error en campo Eusebio Arce (intento 1): 'Connection' object has no attribute 'transaction'
Error en campo Estadio Pepe Quimarán (intento 1): 'Connection' object has no attribute 'transaction'
Error en campo San Lorenzo (intento 1): 'Connection' object has no attribute 'transaction'
Error en campo Las Gaunas (intento 1): 'Connection' object has no attribute 'transaction'
Error en campo Ciudad Deportiva El Glorioso (intento 1): 'Connection' object has no attribute 'transaction'
Error en campo Ciudad Deportiva Real Zaragoza (intento 1): 'Connection' object has no attribute 'transaction'
Error en campo Santa Ana (intento 1): 'Connection' object has no attribute 'transaction'
Error en campo Ciudad de Tudela (intento 1): 'Connection' object has no attribute 'transaction'
Error en campo Urbieta (intento 1): 'Connection' object has no attribute 'transaction'
Error en campo La Planilla (intento 1): 'Connection' object has no attribute 'transaction'
Error en campo Pinilla (intento 1): 'Connection' object has no attribute 'transaction'
Error en campo Gobela (intento 1): 'Connection' object has no attribute 'transaction'
Error en campo Las Gaunas (intento 1): 'Connection' object has no attribute 'transaction'
Error en campo Municipal de Barbastro (intento 1): 'Connection' object has no attribute 'transaction'
Error en campo Nuevo Estadio Municipal (intento 1): 'Connection' object has no attribute 'transaction'
Error en campo Instalaciones de Unbe (intento 1): 'Connection' object has no attribute 'transaction'
Error en campo Merkatondoa (intento 1): 'Connection' object has no attribute 'transaction'
Error en campo Instalaciones de Zubieta (intento 1): 'Connection' object has no attribute 'transaction'
Error en campo Sotoboru (intento 1): 'Connection' object has no attribute 'transaction'
Error en campo Estadio Municipal de Isla (intento 1): 'Connection' object has no attribute 'transaction'
Error en campo La Molineta (intento 1): 'Connection' object has no attribute 'transaction'
Error en campo Ciudad Deportiva de Paterna (intento 1): 'Connection' object has no attribute 'transaction'
Error en campo Balear (intento 1): 'Connection' object has no attribute 'transaction'
Error en campo Camp d'Esports de Lleida (intento 1): 'Connection' object has no attribute 'transaction'
Error en campo Olímpic de Terrassa (intento 1): 'Connection' object has no attribute 'transaction'
Error en campo Nova Creu Alta (intento 1): 'Connection' object has no attribute 'transaction'
Error en campo Narcís Sala (intento 1): 'Connection' object has no attribute 'transaction'
Error en campo Ciutat Esportiva Dani Jarque (intento 1): 'Connection' object has no attribute 'transaction'
Error en campo Nou Estadi Municipal de Cornellà (intento 1): 'Connection' object has no attribute 'transaction'
Error en campo Nou Sardenya (intento 1): 'Connection' object has no attribute 'transaction'
Error en campo San Gregorio (intento 1): 'Connection' object has no attribute 'transaction'
Error en campo Municipal Santa Eulalia del Rio (intento 1): 'Connection' object has no attribute 'transaction'
Error en campo Estadio Díez Iborra (intento 1): 'Connection' object has no attribute 'transaction'
Error en campo Luis Suñer Picó (intento 1): 'Connection' object has no attribute 'transaction'
Error en campo Municipal d’Olot (intento 1): 'Connection' object has no attribute 'transaction'
Error en campo Ciudad Deportiva Antonio Asensio (intento 1): 'Connection' object has no attribute 'transaction'
Error en campo Can Misses III (intento 1): 'Connection' object has no attribute 'transaction'
Error en campo Municipal de Sa Plana- Andratx (intento 1): 'Connection' object has no attribute 'transaction'
Error en campo ZEM Hipòlit Planàs (intento 1): 'Connection' object has no attribute 'transaction'
Error en campo BeSoccer La Condomina (intento 1): 'Connection' object has no attribute 'transaction'
Error en campo El Rubial (intento 1): 'Connection' object has no attribute 'transaction'
Error en campo Municipal de La Unión (intento 1): 'Connection' object has no attribute 'transaction'
Error en campo Los Arcos (intento 1): 'Connection' object has no attribute 'transaction'
Error en campo Iberoamericano Bahía Sur (intento 1): 'Connection' object has no attribute 'transaction'
Error en campo Francisco Muñoz Pérez (intento 1): 'Connection' object has no attribute 'transaction'
Error en campo Ciudad de La Línea (intento 1): 'Connection' object has no attribute 'transaction'
Error en campo Linarejos (intento 1): 'Connection' object has no attribute 'transaction'
Error en campo Ciudad Deportiva Granada CF (intento 1): 'Connection' object has no attribute 'transaction'
Error en campo El Pozuelo (intento 1): 'Connection' object has no attribute 'transaction'
Error en campo Ciudad Deportiva Bahía de Cádiz (intento 1): 'Connection' object has no attribute 'transaction'
Error en campo Anexo al Estadio de los Juegos Mediterráneos (intento 1): 'Connection' object has no attribute 'transaction'
Error en campo Municipal de Lebrija (intento 1): 'Connection' object has no attribute 'transaction'
Error en campo Chapín (intento 1): 'Connection' object has no attribute 'transaction'
Error en campo Municipal Villanovense (intento 1): 'Connection' object has no attribute 'transaction'
Error en campo Estadio Municipal de Chapín (intento 1): 'Connection' object has no attribute 'transaction'
Error en campo Vicente Sanz (intento 1): 'Connection' object has no attribute 'transaction'
Error en campo Ciudad Deportiva Fernando Santos de la Parra (intento 1): 'Connection' object has no attribute 'transaction'
Error en campo Nuevo Matapiñonera (intento 1): 'Connection' object has no attribute 'transaction'
Error en campo Pedro Escartín (intento 1): 'Connection' object has no attribute 'transaction'
Error en campo Príncipe Felipe (intento 1): 'Connection' object has no attribute 'transaction'
Error en campo Álvarez Claro (intento 1): 'Connection' object has no attribute 'transaction'
Error en campo El Prado (intento 1): 'Connection' object has no attribute 'transaction'
Error en campo Cerro del Espino (intento 1): 'Connection' object has no attribute 'transaction'
Error en campo Ciudad Deportiva Javier Pérez (intento 1): 'Connection' object has no attribute 'transaction'
Error en campo Campo de Fútbol Orcasitas (intento 1): 'Connection' object has no attribute 'transaction'
Error en campo Mariano González (intento 1): 'Connection' object has no attribute 'transaction'
Error en campo CDM Vicente del Bosque (intento 1): 'Connection' object has no attribute 'transaction'
Error en campo Municipal de Illescas (intento 1): 'Connection' object has no attribute 'transaction'
Error en campo La Isla (intento 1): 'Connection' object has no attribute 'transaction'
Error en campo La Fuensanta (intento 1): 'Connection' object has no attribute 'transaction'
Error en campo Estadio Román Valero (intento 1): 'Connection' object has no attribute 'transaction'
Error en campo Municipal de El Paso (intento 1): 'Connection' object has no attribute 'transaction'
Error en campo Estadio Municipal de El Soto (intento 1): 'Connection' object has no attribute 'transaction'
Error en campo Johan Cruyff (intento 2): 'Connection' object has no attribute 'transaction'
Error en campo Barreiro (intento 2): 'Connection' object has no attribute 'transaction'
Error en campo Instalaciones de Zubieta (intento 2): 'Connection' object has no attribute 'transaction'
Error en campo Estadi Nacional d'Andorra (intento 2): 'Connection' object has no attribute 'transaction'
Error en campo El Toralín (intento 2): 'Connection' object has no attribute 'transaction'
Error en campo Reino de León (intento 2): 'Connection' object has no attribute 'transaction'
Error en campo Instalaciones de Lezama (intento 2): 'Connection' object has no attribute 'transaction'
Error en campo Nou Estadi Costa Daurada (intento 2): 'Connection' object has no attribute 'transaction'
Error en campo Instalaciones de Tajonar (intento 2): 'Connection' object has no attribute 'transaction'
Error en campo O Couto (intento 2): 'Connection' object has no attribute 'transaction'
Error en campo Reina Sofía (intento 2): 'Connection' object has no attribute 'transaction'
Error en campo Anxo Carro (intento 2): 'Connection' object has no attribute 'transaction'
Error en campo Ruta de la Plata (intento 2): 'Connection' object has no attribute 'transaction'
Error en campo Stadium Gal (intento 2): 'Connection' object has no attribute 'transaction'
Error en campo Nuevo Lasesarre (intento 2): 'Connection' object has no attribute 'transaction'
Error en campo O Espiñedo (intento 2): 'Connection' object has no attribute 'transaction'
Error en campo Las Llanas (intento 2): 'Connection' object has no attribute 'transaction'
Error en campo Municipal de Tarazona (intento 2): 'Connection' object has no attribute 'transaction'
Error en campo Urritxe (intento 2): 'Connection' object has no attribute 'transaction'
Error en campo La Albuera (intento 2): 'Connection' object has no attribute 'transaction'
Error en campo Alfredo Di Stéfano (intento 2): 'Connection' object has no attribute 'transaction'
Error en campo La Cerámica (intento 2): 'Connection' object has no attribute 'transaction'
Error en campo Cerro del Espino (intento 2): 'Connection' object has no attribute 'transaction'
Error en campo Ciudad Deportiva Luis del Sol (intento 2): 'Connection' object has no attribute 'transaction'
Error en campo Jesús Navas (intento 2): 'Connection' object has no attribute 'transaction'
Error en campo Enrique Roca de Murcia (intento 2): 'Connection' object has no attribute 'transaction'
Error en campo Palladium Can Misses (intento 2): 'Connection' object has no attribute 'transaction'
Error en campo Municipal de Marbella (intento 2): 'Connection' object has no attribute 'transaction'
Error en campo José Rico Pérez (intento 2): 'Connection' object has no attribute 'transaction'
Error en campo Nuevo El Maulí (intento 2): 'Connection' object has no attribute 'transaction'
Error en campo Alfonso Murube (intento 2): 'Connection' object has no attribute 'transaction'
Error en campo Santo Domingo (intento 2): 'Connection' object has no attribute 'transaction'
Error en campo Romano José Fouto (intento 2): 'Connection' object has no attribute 'transaction'
Error en campo Antonio Solana (intento 2): 'Connection' object has no attribute 'transaction'
Error en campo Gestaser El Collao (intento 2): 'Connection' object has no attribute 'transaction'
Error en campo Nuevo Mirador (intento 2): 'Connection' object has no attribute 'transaction'
Error en campo Nuevo Colombino (intento 2): 'Connection' object has no attribute 'transaction'
Error en campo Fernando Torres (intento 2): 'Connection' object has no attribute 'transaction'
Error en campo El Palmar (intento 2): 'Connection' object has no attribute 'transaction'
Error en campo La Constitución (intento 2): 'Connection' object has no attribute 'transaction'
Error en campo Pasarón (intento 2): 'Connection' object has no attribute 'transaction'
Error en campo Los Pajaritos (intento 2): 'Connection' object has no attribute 'transaction'
Error en campo Román Suárez Puerta (intento 2): 'Connection' object has no attribute 'transaction'
Error en campo Verónica Boquete de San Lázaro (intento 2): 'Connection' object has no attribute 'transaction'
Error en campo Anexos al José Zorrilla (intento 2): 'Connection' object has no attribute 'transaction'
Error en campo Santi Gutiérrez Calle (intento 2): 'Connection' object has no attribute 'transaction'
Error en campo El Malecón (intento 2): 'Connection' object has no attribute 'transaction'
Error en campo Luis Ramos (intento 2): 'Connection' object has no attribute 'transaction'
Error en campo Helmántico (intento 2): 'Connection' object has no attribute 'transaction'
Error en campo Ciudad Deportiva de Abegondo (intento 2): 'Connection' object has no attribute 'transaction'
Error en campo O Vao (intento 2): 'Connection' object has no attribute 'transaction'
Error en campo As Eiroas (intento 2): 'Connection' object has no attribute 'transaction'
Error en campo Ganzábal (intento 2): 'Connection' object has no attribute 'transaction'
Error en campo Estadio Municipal Adolfo Suárez (intento 2): 'Connection' object has no attribute 'transaction'
Error en campo Miramar (intento 2): 'Connection' object has no attribute 'transaction'
Error en campo Eusebio Arce (intento 2): 'Connection' object has no attribute 'transaction'
Error en campo Estadio Pepe Quimarán (intento 2): 'Connection' object has no attribute 'transaction'
Error en campo San Lorenzo (intento 2): 'Connection' object has no attribute 'transaction'
Error en campo Las Gaunas (intento 2): 'Connection' object has no attribute 'transaction'
Error en campo Ciudad Deportiva El Glorioso (intento 2): 'Connection' object has no attribute 'transaction'
Error en campo Ciudad Deportiva Real Zaragoza (intento 2): 'Connection' object has no attribute 'transaction'
Error en campo Santa Ana (intento 2): 'Connection' object has no attribute 'transaction'
Error en campo Ciudad de Tudela (intento 2): 'Connection' object has no attribute 'transaction'
Error en campo Urbieta (intento 2): 'Connection' object has no attribute 'transaction'
Error en campo La Planilla (intento 2): 'Connection' object has no attribute 'transaction'
Error en campo Pinilla (intento 2): 'Connection' object has no attribute 'transaction'
Error en campo Gobela (intento 2): 'Connection' object has no attribute 'transaction'
Error en campo Las Gaunas (intento 2): 'Connection' object has no attribute 'transaction'
Error en campo Municipal de Barbastro (intento 2): 'Connection' object has no attribute 'transaction'
Error en campo Nuevo Estadio Municipal (intento 2): 'Connection' object has no attribute 'transaction'
Error en campo Instalaciones de Unbe (intento 2): 'Connection' object has no attribute 'transaction'
Error en campo Merkatondoa (intento 2): 'Connection' object has no attribute 'transaction'
Error en campo Instalaciones de Zubieta (intento 2): 'Connection' object has no attribute 'transaction'
Error en campo Sotoboru (intento 2): 'Connection' object has no attribute 'transaction'
Error en campo Estadio Municipal de Isla (intento 2): 'Connection' object has no attribute 'transaction'
Error en campo La Molineta (intento 2): 'Connection' object has no attribute 'transaction'
Error en campo Ciudad Deportiva de Paterna (intento 2): 'Connection' object has no attribute 'transaction'
Error en campo Balear (intento 2): 'Connection' object has no attribute 'transaction'
Error en campo Camp d'Esports de Lleida (intento 2): 'Connection' object has no attribute 'transaction'
Error en campo Olímpic de Terrassa (intento 2): 'Connection' object has no attribute 'transaction'
Error en campo Nova Creu Alta (intento 2): 'Connection' object has no attribute 'transaction'
Error en campo Narcís Sala (intento 2): 'Connection' object has no attribute 'transaction'
Error en campo Ciutat Esportiva Dani Jarque (intento 2): 'Connection' object has no attribute 'transaction'
Error en campo Nou Estadi Municipal de Cornellà (intento 2): 'Connection' object has no attribute 'transaction'
Error en campo Nou Sardenya (intento 2): 'Connection' object has no attribute 'transaction'
Error en campo San Gregorio (intento 2): 'Connection' object has no attribute 'transaction'
Error en campo Municipal Santa Eulalia del Rio (intento 2): 'Connection' object has no attribute 'transaction'
Error en campo Estadio Díez Iborra (intento 2): 'Connection' object has no attribute 'transaction'
Error en campo Luis Suñer Picó (intento 2): 'Connection' object has no attribute 'transaction'
Error en campo Municipal d’Olot (intento 2): 'Connection' object has no attribute 'transaction'
Error en campo Ciudad Deportiva Antonio Asensio (intento 2): 'Connection' object has no attribute 'transaction'
Error en campo Can Misses III (intento 2): 'Connection' object has no attribute 'transaction'
Error en campo Municipal de Sa Plana- Andratx (intento 2): 'Connection' object has no attribute 'transaction'
Error en campo ZEM Hipòlit Planàs (intento 2): 'Connection' object has no attribute 'transaction'
Error en campo BeSoccer La Condomina (intento 2): 'Connection' object has no attribute 'transaction'
Error en campo El Rubial (intento 2): 'Connection' object has no attribute 'transaction'
Error en campo Municipal de La Unión (intento 2): 'Connection' object has no attribute 'transaction'
Error en campo Los Arcos (intento 2): 'Connection' object has no attribute 'transaction'
Error en campo Iberoamericano Bahía Sur (intento 2): 'Connection' object has no attribute 'transaction'
Error en campo Francisco Muñoz Pérez (intento 2): 'Connection' object has no attribute 'transaction'
Error en campo Ciudad de La Línea (intento 2): 'Connection' object has no attribute 'transaction'
Error en campo Linarejos (intento 2): 'Connection' object has no attribute 'transaction'
Error en campo Ciudad Deportiva Granada CF (intento 2): 'Connection' object has no attribute 'transaction'
Error en campo El Pozuelo (intento 2): 'Connection' object has no attribute 'transaction'
Error en campo Ciudad Deportiva Bahía de Cádiz (intento 2): 'Connection' object has no attribute 'transaction'
Error en campo Anexo al Estadio de los Juegos Mediterráneos (intento 2): 'Connection' object has no attribute 'transaction'
Error en campo Municipal de Lebrija (intento 2): 'Connection' object has no attribute 'transaction'
Error en campo Chapín (intento 2): 'Connection' object has no attribute 'transaction'
Error en campo Municipal Villanovense (intento 2): 'Connection' object has no attribute 'transaction'
Error en campo Estadio Municipal de Chapín (intento 2): 'Connection' object has no attribute 'transaction'
Error en campo Vicente Sanz (intento 2): 'Connection' object has no attribute 'transaction'
Error en campo Ciudad Deportiva Fernando Santos de la Parra (intento 2): 'Connection' object has no attribute 'transaction'
Error en campo Nuevo Matapiñonera (intento 2): 'Connection' object has no attribute 'transaction'
Error en campo Pedro Escartín (intento 2): 'Connection' object has no attribute 'transaction'
Error en campo Príncipe Felipe (intento 2): 'Connection' object has no attribute 'transaction'
Error en campo Álvarez Claro (intento 2): 'Connection' object has no attribute 'transaction'
Error en campo El Prado (intento 2): 'Connection' object has no attribute 'transaction'
Error en campo Cerro del Espino (intento 2): 'Connection' object has no attribute 'transaction'
Error en campo Ciudad Deportiva Javier Pérez (intento 2): 'Connection' object has no attribute 'transaction'
Error en campo Campo de Fútbol Orcasitas (intento 2): 'Connection' object has no attribute 'transaction'
Error en campo Mariano González (intento 2): 'Connection' object has no attribute 'transaction'
Error en campo CDM Vicente del Bosque (intento 2): 'Connection' object has no attribute 'transaction'
Error en campo Municipal de Illescas (intento 2): 'Connection' object has no attribute 'transaction'
Error en campo La Isla (intento 2): 'Connection' object has no attribute 'transaction'
Error en campo La Fuensanta (intento 2): 'Connection' object has no attribute 'transaction'
Error en campo Estadio Román Valero (intento 2): 'Connection' object has no attribute 'transaction'
Error en campo Municipal de El Paso (intento 2): 'Connection' object has no attribute 'transaction'
Error en campo Estadio Municipal de El Soto (intento 2): 'Connection' object has no attribute 'transaction'
Error en campo Johan Cruyff (intento 3): 'Connection' object has no attribute 'transaction'
Error en campo Barreiro (intento 3): 'Connection' object has no attribute 'transaction'
Error en campo Instalaciones de Zubieta (intento 3): 'Connection' object has no attribute 'transaction'
Error en campo Estadi Nacional d'Andorra (intento 3): 'Connection' object has no attribute 'transaction'
Error en campo El Toralín (intento 3): 'Connection' object has no attribute 'transaction'
Error en campo Reino de León (intento 3): 'Connection' object has no attribute 'transaction'
Error en campo Instalaciones de Lezama (intento 3): 'Connection' object has no attribute 'transaction'
Error en campo Nou Estadi Costa Daurada (intento 3): 'Connection' object has no attribute 'transaction'
Error en campo Instalaciones de Tajonar (intento 3): 'Connection' object has no attribute 'transaction'
Error en campo O Couto (intento 3): 'Connection' object has no attribute 'transaction'
Error en campo Reina Sofía (intento 3): 'Connection' object has no attribute 'transaction'
Error en campo Anxo Carro (intento 3): 'Connection' object has no attribute 'transaction'
Error en campo Ruta de la Plata (intento 3): 'Connection' object has no attribute 'transaction'
Error en campo Stadium Gal (intento 3): 'Connection' object has no attribute 'transaction'
Error en campo Nuevo Lasesarre (intento 3): 'Connection' object has no attribute 'transaction'
Error en campo O Espiñedo (intento 3): 'Connection' object has no attribute 'transaction'
Error en campo Las Llanas (intento 3): 'Connection' object has no attribute 'transaction'
Error en campo Municipal de Tarazona (intento 3): 'Connection' object has no attribute 'transaction'
Error en campo Urritxe (intento 3): 'Connection' object has no attribute 'transaction'
Error en campo La Albuera (intento 3): 'Connection' object has no attribute 'transaction'
Error en campo Alfredo Di Stéfano (intento 3): 'Connection' object has no attribute 'transaction'
Error en campo La Cerámica (intento 3): 'Connection' object has no attribute 'transaction'
Error en campo Cerro del Espino (intento 3): 'Connection' object has no attribute 'transaction'
Error en campo Ciudad Deportiva Luis del Sol (intento 3): 'Connection' object has no attribute 'transaction'
Error en campo Jesús Navas (intento 3): 'Connection' object has no attribute 'transaction'
Error en campo Enrique Roca de Murcia (intento 3): 'Connection' object has no attribute 'transaction'
Error en campo Palladium Can Misses (intento 3): 'Connection' object has no attribute 'transaction'
Error en campo Municipal de Marbella (intento 3): 'Connection' object has no attribute 'transaction'
Error en campo José Rico Pérez (intento 3): 'Connection' object has no attribute 'transaction'
Error en campo Nuevo El Maulí (intento 3): 'Connection' object has no attribute 'transaction'
Error en campo Alfonso Murube (intento 3): 'Connection' object has no attribute 'transaction'
Error en campo Santo Domingo (intento 3): 'Connection' object has no attribute 'transaction'
Error en campo Romano José Fouto (intento 3): 'Connection' object has no attribute 'transaction'
Error en campo Antonio Solana (intento 3): 'Connection' object has no attribute 'transaction'
Error en campo Gestaser El Collao (intento 3): 'Connection' object has no attribute 'transaction'
Error en campo Nuevo Mirador (intento 3): 'Connection' object has no attribute 'transaction'
Error en campo Nuevo Colombino (intento 3): 'Connection' object has no attribute 'transaction'
Error en campo Fernando Torres (intento 3): 'Connection' object has no attribute 'transaction'
Error en campo El Palmar (intento 3): 'Connection' object has no attribute 'transaction'
Error en campo La Constitución (intento 3): 'Connection' object has no attribute 'transaction'
Error en campo Pasarón (intento 3): 'Connection' object has no attribute 'transaction'
Error en campo Los Pajaritos (intento 3): 'Connection' object has no attribute 'transaction'
Error en campo Román Suárez Puerta (intento 3): 'Connection' object has no attribute 'transaction'
Error en campo Verónica Boquete de San Lázaro (intento 3): 'Connection' object has no attribute 'transaction'
Error en campo Anexos al José Zorrilla (intento 3): 'Connection' object has no attribute 'transaction'
Error en campo Santi Gutiérrez Calle (intento 3): 'Connection' object has no attribute 'transaction'
Error en campo El Malecón (intento 3): 'Connection' object has no attribute 'transaction'
Error en campo Luis Ramos (intento 3): 'Connection' object has no attribute 'transaction'
Error en campo Helmántico (intento 3): 'Connection' object has no attribute 'transaction'
Error en campo Ciudad Deportiva de Abegondo (intento 3): 'Connection' object has no attribute 'transaction'
Error en campo O Vao (intento 3): 'Connection' object has no attribute 'transaction'
Error en campo As Eiroas (intento 3): 'Connection' object has no attribute 'transaction'
Error en campo Ganzábal (intento 3): 'Connection' object has no attribute 'transaction'
Error en campo Estadio Municipal Adolfo Suárez (intento 3): 'Connection' object has no attribute 'transaction'
Error en campo Miramar (intento 3): 'Connection' object has no attribute 'transaction'
Error en campo Eusebio Arce (intento 3): 'Connection' object has no attribute 'transaction'
Error en campo Estadio Pepe Quimarán (intento 3): 'Connection' object has no attribute 'transaction'
Error en campo San Lorenzo (intento 3): 'Connection' object has no attribute 'transaction'
Error en campo Las Gaunas (intento 3): 'Connection' object has no attribute 'transaction'
Error en campo Ciudad Deportiva El Glorioso (intento 3): 'Connection' object has no attribute 'transaction'
Error en campo Ciudad Deportiva Real Zaragoza (intento 3): 'Connection' object has no attribute 'transaction'
Error en campo Santa Ana (intento 3): 'Connection' object has no attribute 'transaction'
Error en campo Ciudad de Tudela (intento 3): 'Connection' object has no attribute 'transaction'
Error en campo Urbieta (intento 3): 'Connection' object has no attribute 'transaction'
Error en campo La Planilla (intento 3): 'Connection' object has no attribute 'transaction'
Error en campo Pinilla (intento 3): 'Connection' object has no attribute 'transaction'
Error en campo Gobela (intento 3): 'Connection' object has no attribute 'transaction'
Error en campo Las Gaunas (intento 3): 'Connection' object has no attribute 'transaction'
Error en campo Municipal de Barbastro (intento 3): 'Connection' object has no attribute 'transaction'
Error en campo Nuevo Estadio Municipal (intento 3): 'Connection' object has no attribute 'transaction'
Error en campo Instalaciones de Unbe (intento 3): 'Connection' object has no attribute 'transaction'
Error en campo Merkatondoa (intento 3): 'Connection' object has no attribute 'transaction'
Error en campo Instalaciones de Zubieta (intento 3): 'Connection' object has no attribute 'transaction'
Error en campo Sotoboru (intento 3): 'Connection' object has no attribute 'transaction'
Error en campo Estadio Municipal de Isla (intento 3): 'Connection' object has no attribute 'transaction'
Error en campo La Molineta (intento 3): 'Connection' object has no attribute 'transaction'
Error en campo Ciudad Deportiva de Paterna (intento 3): 'Connection' object has no attribute 'transaction'
Error en campo Balear (intento 3): 'Connection' object has no attribute 'transaction'
Error en campo Camp d'Esports de Lleida (intento 3): 'Connection' object has no attribute 'transaction'
Error en campo Olímpic de Terrassa (intento 3): 'Connection' object has no attribute 'transaction'
Error en campo Nova Creu Alta (intento 3): 'Connection' object has no attribute 'transaction'
Error en campo Narcís Sala (intento 3): 'Connection' object has no attribute 'transaction'
Error en campo Ciutat Esportiva Dani Jarque (intento 3): 'Connection' object has no attribute 'transaction'
Error en campo Nou Estadi Municipal de Cornellà (intento 3): 'Connection' object has no attribute 'transaction'
Error en campo Nou Sardenya (intento 3): 'Connection' object has no attribute 'transaction'
Error en campo San Gregorio (intento 3): 'Connection' object has no attribute 'transaction'
Error en campo Municipal Santa Eulalia del Rio (intento 3): 'Connection' object has no attribute 'transaction'
Error en campo Estadio Díez Iborra (intento 3): 'Connection' object has no attribute 'transaction'
Error en campo Luis Suñer Picó (intento 3): 'Connection' object has no attribute 'transaction'
Error en campo Municipal d’Olot (intento 3): 'Connection' object has no attribute 'transaction'
Error en campo Ciudad Deportiva Antonio Asensio (intento 3): 'Connection' object has no attribute 'transaction'
Error en campo Can Misses III (intento 3): 'Connection' object has no attribute 'transaction'
Error en campo Municipal de Sa Plana- Andratx (intento 3): 'Connection' object has no attribute 'transaction'
Error en campo ZEM Hipòlit Planàs (intento 3): 'Connection' object has no attribute 'transaction'
Error en campo BeSoccer La Condomina (intento 3): 'Connection' object has no attribute 'transaction'
Error en campo El Rubial (intento 3): 'Connection' object has no attribute 'transaction'
Error en campo Municipal de La Unión (intento 3): 'Connection' object has no attribute 'transaction'
Error en campo Los Arcos (intento 3): 'Connection' object has no attribute 'transaction'
Error en campo Iberoamericano Bahía Sur (intento 3): 'Connection' object has no attribute 'transaction'
Error en campo Francisco Muñoz Pérez (intento 3): 'Connection' object has no attribute 'transaction'
Error en campo Ciudad de La Línea (intento 3): 'Connection' object has no attribute 'transaction'
Error en campo Linarejos (intento 3): 'Connection' object has no attribute 'transaction'
Error en campo Ciudad Deportiva Granada CF (intento 3): 'Connection' object has no attribute 'transaction'
Error en campo El Pozuelo (intento 3): 'Connection' object has no attribute 'transaction'
Error en campo Ciudad Deportiva Bahía de Cádiz (intento 3): 'Connection' object has no attribute 'transaction'
Error en campo Anexo al Estadio de los Juegos Mediterráneos (intento 3): 'Connection' object has no attribute 'transaction'
Error en campo Municipal de Lebrija (intento 3): 'Connection' object has no attribute 'transaction'
Error en campo Chapín (intento 3): 'Connection' object has no attribute 'transaction'
Error en campo Municipal Villanovense (intento 3): 'Connection' object has no attribute 'transaction'
Error en campo Estadio Municipal de Chapín (intento 3): 'Connection' object has no attribute 'transaction'
Error en campo Vicente Sanz (intento 3): 'Connection' object has no attribute 'transaction'
Error en campo Ciudad Deportiva Fernando Santos de la Parra (intento 3): 'Connection' object has no attribute 'transaction'
Error en campo Nuevo Matapiñonera (intento 3): 'Connection' object has no attribute 'transaction'
Error en campo Pedro Escartín (intento 3): 'Connection' object has no attribute 'transaction'
Error en campo Príncipe Felipe (intento 3): 'Connection' object has no attribute 'transaction'
Error en campo Álvarez Claro (intento 3): 'Connection' object has no attribute 'transaction'
Error en campo El Prado (intento 3): 'Connection' object has no attribute 'transaction'
Error en campo Cerro del Espino (intento 3): 'Connection' object has no attribute 'transaction'
Error en campo Ciudad Deportiva Javier Pérez (intento 3): 'Connection' object has no attribute 'transaction'
Error en campo Campo de Fútbol Orcasitas (intento 3): 'Connection' object has no attribute 'transaction'
Error en campo Mariano González (intento 3): 'Connection' object has no attribute 'transaction'
Error en campo CDM Vicente del Bosque (intento 3): 'Connection' object has no attribute 'transaction'
Error en campo Municipal de Illescas (intento 3): 'Connection' object has no attribute 'transaction'
Error en campo La Isla (intento 3): 'Connection' object has no attribute 'transaction'
Error en campo La Fuensanta (intento 3): 'Connection' object has no attribute 'transaction'
Error en campo Estadio Román Valero (intento 3): 'Connection' object has no attribute 'transaction'
Error en campo Municipal de El Paso (intento 3): 'Connection' object has no attribute 'transaction'
Error en campo Estadio Municipal de El Soto (intento 3): 'Connection' object has no attribute 'transaction'
Error en campo Johan Cruyff (intento 4): 'Connection' object has no attribute 'transaction'
Error en campo Barreiro (intento 4): 'Connection' object has no attribute 'transaction'
Error en campo Instalaciones de Zubieta (intento 4): 'Connection' object has no attribute 'transaction'
Error en campo Estadi Nacional d'Andorra (intento 4): 'Connection' object has no attribute 'transaction'
Error en campo El Toralín (intento 4): 'Connection' object has no attribute 'transaction'
Error en campo Reino de León (intento 4): 'Connection' object has no attribute 'transaction'
Error en campo Instalaciones de Lezama (intento 4): 'Connection' object has no attribute 'transaction'
Error en campo Nou Estadi Costa Daurada (intento 4): 'Connection' object has no attribute 'transaction'
Error en campo Instalaciones de Tajonar (intento 4): 'Connection' object has no attribute 'transaction'
Error en campo O Couto (intento 4): 'Connection' object has no attribute 'transaction'
Error en campo Reina Sofía (intento 4): 'Connection' object has no attribute 'transaction'
Error en campo Anxo Carro (intento 4): 'Connection' object has no attribute 'transaction'
Error en campo Ruta de la Plata (intento 4): 'Connection' object has no attribute 'transaction'
Error en campo Stadium Gal (intento 4): 'Connection' object has no attribute 'transaction'
Error en campo Nuevo Lasesarre (intento 4): 'Connection' object has no attribute 'transaction'
Error en campo O Espiñedo (intento 4): 'Connection' object has no attribute 'transaction'
Error en campo Las Llanas (intento 4): 'Connection' object has no attribute 'transaction'
Error en campo Municipal de Tarazona (intento 4): 'Connection' object has no attribute 'transaction'
Error en campo Urritxe (intento 4): 'Connection' object has no attribute 'transaction'
Error en campo La Albuera (intento 4): 'Connection' object has no attribute 'transaction'
Error en campo Alfredo Di Stéfano (intento 4): 'Connection' object has no attribute 'transaction'
Error en campo La Cerámica (intento 4): 'Connection' object has no attribute 'transaction'
Error en campo Cerro del Espino (intento 4): 'Connection' object has no attribute 'transaction'
Error en campo Ciudad Deportiva Luis del Sol (intento 4): 'Connection' object has no attribute 'transaction'
Error en campo Jesús Navas (intento 4): 'Connection' object has no attribute 'transaction'
Error en campo Enrique Roca de Murcia (intento 4): 'Connection' object has no attribute 'transaction'
Error en campo Palladium Can Misses (intento 4): 'Connection' object has no attribute 'transaction'
Error en campo Municipal de Marbella (intento 4): 'Connection' object has no attribute 'transaction'
Error en campo José Rico Pérez (intento 4): 'Connection' object has no attribute 'transaction'
Error en campo Nuevo El Maulí (intento 4): 'Connection' object has no attribute 'transaction'
Error en campo Alfonso Murube (intento 4): 'Connection' object has no attribute 'transaction'
Error en campo Santo Domingo (intento 4): 'Connection' object has no attribute 'transaction'
Error en campo Romano José Fouto (intento 4): 'Connection' object has no attribute 'transaction'
Error en campo Antonio Solana (intento 4): 'Connection' object has no attribute 'transaction'
Error en campo Gestaser El Collao (intento 4): 'Connection' object has no attribute 'transaction'
Error en campo Nuevo Mirador (intento 4): 'Connection' object has no attribute 'transaction'
Error en campo Nuevo Colombino (intento 4): 'Connection' object has no attribute 'transaction'
Error en campo Fernando Torres (intento 4): 'Connection' object has no attribute 'transaction'
Error en campo El Palmar (intento 4): 'Connection' object has no attribute 'transaction'
Error en campo La Constitución (intento 4): 'Connection' object has no attribute 'transaction'
Error en campo Pasarón (intento 4): 'Connection' object has no attribute 'transaction'
Error en campo Los Pajaritos (intento 4): 'Connection' object has no attribute 'transaction'
Error en campo Román Suárez Puerta (intento 4): 'Connection' object has no attribute 'transaction'
Error en campo Verónica Boquete de San Lázaro (intento 4): 'Connection' object has no attribute 'transaction'
Error en campo Anexos al José Zorrilla (intento 4): 'Connection' object has no attribute 'transaction'
Error en campo Santi Gutiérrez Calle (intento 4): 'Connection' object has no attribute 'transaction'
Error en campo El Malecón (intento 4): 'Connection' object has no attribute 'transaction'
Error en campo Luis Ramos (intento 4): 'Connection' object has no attribute 'transaction'
Error en campo Helmántico (intento 4): 'Connection' object has no attribute 'transaction'
Error en campo Ciudad Deportiva de Abegondo (intento 4): 'Connection' object has no attribute 'transaction'
Error en campo O Vao (intento 4): 'Connection' object has no attribute 'transaction'
Error en campo As Eiroas (intento 4): 'Connection' object has no attribute 'transaction'
Error en campo Ganzábal (intento 4): 'Connection' object has no attribute 'transaction'
Error en campo Estadio Municipal Adolfo Suárez (intento 4): 'Connection' object has no attribute 'transaction'
Error en campo Miramar (intento 4): 'Connection' object has no attribute 'transaction'
Error en campo Eusebio Arce (intento 4): 'Connection' object has no attribute 'transaction'
Error en campo Estadio Pepe Quimarán (intento 4): 'Connection' object has no attribute 'transaction'
Error en campo San Lorenzo (intento 4): 'Connection' object has no attribute 'transaction'
Error en campo Las Gaunas (intento 4): 'Connection' object has no attribute 'transaction'
Error en campo Ciudad Deportiva El Glorioso (intento 4): 'Connection' object has no attribute 'transaction'
Error en campo Ciudad Deportiva Real Zaragoza (intento 4): 'Connection' object has no attribute 'transaction'
Error en campo Santa Ana (intento 4): 'Connection' object has no attribute 'transaction'
Error en campo Ciudad de Tudela (intento 4): 'Connection' object has no attribute 'transaction'
Error en campo Urbieta (intento 4): 'Connection' object has no attribute 'transaction'
Error en campo La Planilla (intento 4): 'Connection' object has no attribute 'transaction'
Error en campo Pinilla (intento 4): 'Connection' object has no attribute 'transaction'
Error en campo Gobela (intento 4): 'Connection' object has no attribute 'transaction'
Error en campo Las Gaunas (intento 4): 'Connection' object has no attribute 'transaction'
Error en campo Municipal de Barbastro (intento 4): 'Connection' object has no attribute 'transaction'
Error en campo Nuevo Estadio Municipal (intento 4): 'Connection' object has no attribute 'transaction'
Error en campo Instalaciones de Unbe (intento 4): 'Connection' object has no attribute 'transaction'
Error en campo Merkatondoa (intento 4): 'Connection' object has no attribute 'transaction'
Error en campo Instalaciones de Zubieta (intento 4): 'Connection' object has no attribute 'transaction'
Error en campo Sotoboru (intento 4): 'Connection' object has no attribute 'transaction'
Error en campo Estadio Municipal de Isla (intento 4): 'Connection' object has no attribute 'transaction'
Error en campo La Molineta (intento 4): 'Connection' object has no attribute 'transaction'
Error en campo Ciudad Deportiva de Paterna (intento 4): 'Connection' object has no attribute 'transaction'
Error en campo Balear (intento 4): 'Connection' object has no attribute 'transaction'
Error en campo Camp d'Esports de Lleida (intento 4): 'Connection' object has no attribute 'transaction'
Error en campo Olímpic de Terrassa (intento 4): 'Connection' object has no attribute 'transaction'
Error en campo Nova Creu Alta (intento 4): 'Connection' object has no attribute 'transaction'
Error en campo Narcís Sala (intento 4): 'Connection' object has no attribute 'transaction'
Error en campo Ciutat Esportiva Dani Jarque (intento 4): 'Connection' object has no attribute 'transaction'
Error en campo Nou Estadi Municipal de Cornellà (intento 4): 'Connection' object has no attribute 'transaction'
Error en campo Nou Sardenya (intento 4): 'Connection' object has no attribute 'transaction'
Error en campo San Gregorio (intento 4): 'Connection' object has no attribute 'transaction'
Error en campo Municipal Santa Eulalia del Rio (intento 4): 'Connection' object has no attribute 'transaction'
Error en campo Estadio Díez Iborra (intento 4): 'Connection' object has no attribute 'transaction'
Error en campo Luis Suñer Picó (intento 4): 'Connection' object has no attribute 'transaction'
Error en campo Municipal d’Olot (intento 4): 'Connection' object has no attribute 'transaction'
Error en campo Ciudad Deportiva Antonio Asensio (intento 4): 'Connection' object has no attribute 'transaction'
Error en campo Can Misses III (intento 4): 'Connection' object has no attribute 'transaction'
Error en campo Municipal de Sa Plana- Andratx (intento 4): 'Connection' object has no attribute 'transaction'
Error en campo ZEM Hipòlit Planàs (intento 4): 'Connection' object has no attribute 'transaction'
Error en campo BeSoccer La Condomina (intento 4): 'Connection' object has no attribute 'transaction'
Error en campo El Rubial (intento 4): 'Connection' object has no attribute 'transaction'
Error en campo Municipal de La Unión (intento 4): 'Connection' object has no attribute 'transaction'
Error en campo Los Arcos (intento 4): 'Connection' object has no attribute 'transaction'
Error en campo Iberoamericano Bahía Sur (intento 4): 'Connection' object has no attribute 'transaction'
Error en campo Francisco Muñoz Pérez (intento 4): 'Connection' object has no attribute 'transaction'
Error en campo Ciudad de La Línea (intento 4): 'Connection' object has no attribute 'transaction'
Error en campo Linarejos (intento 4): 'Connection' object has no attribute 'transaction'
Error en campo Ciudad Deportiva Granada CF (intento 4): 'Connection' object has no attribute 'transaction'
Error en campo El Pozuelo (intento 4): 'Connection' object has no attribute 'transaction'
Error en campo Ciudad Deportiva Bahía de Cádiz (intento 4): 'Connection' object has no attribute 'transaction'
Error en campo Anexo al Estadio de los Juegos Mediterráneos (intento 4): 'Connection' object has no attribute 'transaction'
Error en campo Municipal de Lebrija (intento 4): 'Connection' object has no attribute 'transaction'
Error en campo Chapín (intento 4): 'Connection' object has no attribute 'transaction'
Error en campo Municipal Villanovense (intento 4): 'Connection' object has no attribute 'transaction'
Error en campo Estadio Municipal de Chapín (intento 4): 'Connection' object has no attribute 'transaction'
Error en campo Vicente Sanz (intento 4): 'Connection' object has no attribute 'transaction'
Error en campo Ciudad Deportiva Fernando Santos de la Parra (intento 4): 'Connection' object has no attribute 'transaction'
Error en campo Nuevo Matapiñonera (intento 4): 'Connection' object has no attribute 'transaction'
Error en campo Pedro Escartín (intento 4): 'Connection' object has no attribute 'transaction'
Error en campo Príncipe Felipe (intento 4): 'Connection' object has no attribute 'transaction'
Error en campo Álvarez Claro (intento 4): 'Connection' object has no attribute 'transaction'
Error en campo El Prado (intento 4): 'Connection' object has no attribute 'transaction'
Error en campo Cerro del Espino (intento 4): 'Connection' object has no attribute 'transaction'
Error en campo Ciudad Deportiva Javier Pérez (intento 4): 'Connection' object has no attribute 'transaction'
Error en campo Campo de Fútbol Orcasitas (intento 4): 'Connection' object has no attribute 'transaction'
Error en campo Mariano González (intento 4): 'Connection' object has no attribute 'transaction'
Error en campo CDM Vicente del Bosque (intento 4): 'Connection' object has no attribute 'transaction'
Error en campo Municipal de Illescas (intento 4): 'Connection' object has no attribute 'transaction'
Error en campo La Isla (intento 4): 'Connection' object has no attribute 'transaction'
Error en campo La Fuensanta (intento 4): 'Connection' object has no attribute 'transaction'
Error en campo Estadio Román Valero (intento 4): 'Connection' object has no attribute 'transaction'
Error en campo Municipal de El Paso (intento 4): 'Connection' object has no attribute 'transaction'
Error en campo Estadio Municipal de El Soto (intento 4): 'Connection' object has no attribute 'transaction'
Error en campo Johan Cruyff (intento 5): 'Connection' object has no attribute 'transaction'
Falló campo Johan Cruyff tras 5 intentos.
Error en campo Barreiro (intento 5): 'Connection' object has no attribute 'transaction'
Falló campo Barreiro tras 5 intentos.
Error en campo Instalaciones de Zubieta (intento 5): 'Connection' object has no attribute 'transaction'
Falló campo Instalaciones de Zubieta tras 5 intentos.
Error en campo Estadi Nacional d'Andorra (intento 5): 'Connection' object has no attribute 'transaction'
Falló campo Estadi Nacional d'Andorra tras 5 intentos.
Error en campo El Toralín (intento 5): 'Connection' object has no attribute 'transaction'
Falló campo El Toralín tras 5 intentos.
Error en campo Reino de León (intento 5): 'Connection' object has no attribute 'transaction'
Falló campo Reino de León tras 5 intentos.
Error en campo Instalaciones de Lezama (intento 5): 'Connection' object has no attribute 'transaction'
Falló campo Instalaciones de Lezama tras 5 intentos.
Error en campo Nou Estadi Costa Daurada (intento 5): 'Connection' object has no attribute 'transaction'
Falló campo Nou Estadi Costa Daurada tras 5 intentos.
Error en campo Instalaciones de Tajonar (intento 5): 'Connection' object has no attribute 'transaction'
Falló campo Instalaciones de Tajonar tras 5 intentos.
Error en campo O Couto (intento 5): 'Connection' object has no attribute 'transaction'
Falló campo O Couto tras 5 intentos.
Error en campo Reina Sofía (intento 5): 'Connection' object has no attribute 'transaction'
Falló campo Reina Sofía tras 5 intentos.
Error en campo Anxo Carro (intento 5): 'Connection' object has no attribute 'transaction'
Falló campo Anxo Carro tras 5 intentos.
Error en campo Ruta de la Plata (intento 5): 'Connection' object has no attribute 'transaction'
Falló campo Ruta de la Plata tras 5 intentos.
Error en campo Stadium Gal (intento 5): 'Connection' object has no attribute 'transaction'
Falló campo Stadium Gal tras 5 intentos.
Error en campo Nuevo Lasesarre (intento 5): 'Connection' object has no attribute 'transaction'
Falló campo Nuevo Lasesarre tras 5 intentos.
Error en campo O Espiñedo (intento 5): 'Connection' object has no attribute 'transaction'
Falló campo O Espiñedo tras 5 intentos.
Error en campo Las Llanas (intento 5): 'Connection' object has no attribute 'transaction'
Falló campo Las Llanas tras 5 intentos.
Error en campo Municipal de Tarazona (intento 5): 'Connection' object has no attribute 'transaction'
Falló campo Municipal de Tarazona tras 5 intentos.
Error en campo Urritxe (intento 5): 'Connection' object has no attribute 'transaction'
Falló campo Urritxe tras 5 intentos.
Error en campo La Albuera (intento 5): 'Connection' object has no attribute 'transaction'
Falló campo La Albuera tras 5 intentos.
Error en campo Alfredo Di Stéfano (intento 5): 'Connection' object has no attribute 'transaction'
Falló campo Alfredo Di Stéfano tras 5 intentos.
Error en campo La Cerámica (intento 5): 'Connection' object has no attribute 'transaction'
Falló campo La Cerámica tras 5 intentos.
Error en campo Cerro del Espino (intento 5): 'Connection' object has no attribute 'transaction'
Falló campo Cerro del Espino tras 5 intentos.
Error en campo Ciudad Deportiva Luis del Sol (intento 5): 'Connection' object has no attribute 'transaction'
Falló campo Ciudad Deportiva Luis del Sol tras 5 intentos.
Error en campo Jesús Navas (intento 5): 'Connection' object has no attribute 'transaction'
Falló campo Jesús Navas tras 5 intentos.
Error en campo Enrique Roca de Murcia (intento 5): 'Connection' object has no attribute 'transaction'
Falló campo Enrique Roca de Murcia tras 5 intentos.
Error en campo Palladium Can Misses (intento 5): 'Connection' object has no attribute 'transaction'
Falló campo Palladium Can Misses tras 5 intentos.
Error en campo Municipal de Marbella (intento 5): 'Connection' object has no attribute 'transaction'
Falló campo Municipal de Marbella tras 5 intentos.
Error en campo José Rico Pérez (intento 5): 'Connection' object has no attribute 'transaction'
Falló campo José Rico Pérez tras 5 intentos.
Error en campo Nuevo El Maulí (intento 5): 'Connection' object has no attribute 'transaction'
Falló campo Nuevo El Maulí tras 5 intentos.
Error en campo Alfonso Murube (intento 5): 'Connection' object has no attribute 'transaction'
Falló campo Alfonso Murube tras 5 intentos.
Error en campo Santo Domingo (intento 5): 'Connection' object has no attribute 'transaction'
Falló campo Santo Domingo tras 5 intentos.
Error en campo Romano José Fouto (intento 5): 'Connection' object has no attribute 'transaction'
Falló campo Romano José Fouto tras 5 intentos.
Error en campo Antonio Solana (intento 5): 'Connection' object has no attribute 'transaction'
Falló campo Antonio Solana tras 5 intentos.
Error en campo Gestaser El Collao (intento 5): 'Connection' object has no attribute 'transaction'
Falló campo Gestaser El Collao tras 5 intentos.
Error en campo Nuevo Mirador (intento 5): 'Connection' object has no attribute 'transaction'
Falló campo Nuevo Mirador tras 5 intentos.
Error en campo Nuevo Colombino (intento 5): 'Connection' object has no attribute 'transaction'
Falló campo Nuevo Colombino tras 5 intentos.
Error en campo Fernando Torres (intento 5): 'Connection' object has no attribute 'transaction'
Falló campo Fernando Torres tras 5 intentos.
Error en campo El Palmar (intento 5): 'Connection' object has no attribute 'transaction'
Falló campo El Palmar tras 5 intentos.
Error en campo La Constitución (intento 5): 'Connection' object has no attribute 'transaction'
Falló campo La Constitución tras 5 intentos.
Error en campo Pasarón (intento 5): 'Connection' object has no attribute 'transaction'
Falló campo Pasarón tras 5 intentos.
Error en campo Los Pajaritos (intento 5): 'Connection' object has no attribute 'transaction'
Falló campo Los Pajaritos tras 5 intentos.
Error en campo Román Suárez Puerta (intento 5): 'Connection' object has no attribute 'transaction'
Falló campo Román Suárez Puerta tras 5 intentos.
Error en campo Verónica Boquete de San Lázaro (intento 5): 'Connection' object has no attribute 'transaction'
Falló campo Verónica Boquete de San Lázaro tras 5 intentos.
Error en campo Anexos al José Zorrilla (intento 5): 'Connection' object has no attribute 'transaction'
Falló campo Anexos al José Zorrilla tras 5 intentos.
Error en campo Santi Gutiérrez Calle (intento 5): 'Connection' object has no attribute 'transaction'
Falló campo Santi Gutiérrez Calle tras 5 intentos.
Error en campo El Malecón (intento 5): 'Connection' object has no attribute 'transaction'
Falló campo El Malecón tras 5 intentos.
Error en campo Luis Ramos (intento 5): 'Connection' object has no attribute 'transaction'
Falló campo Luis Ramos tras 5 intentos.
Error en campo Helmántico (intento 5): 'Connection' object has no attribute 'transaction'
Falló campo Helmántico tras 5 intentos.
Error en campo Ciudad Deportiva de Abegondo (intento 5): 'Connection' object has no attribute 'transaction'
Falló campo Ciudad Deportiva de Abegondo tras 5 intentos.
Error en campo O Vao (intento 5): 'Connection' object has no attribute 'transaction'
Falló campo O Vao tras 5 intentos.
Error en campo As Eiroas (intento 5): 'Connection' object has no attribute 'transaction'
Falló campo As Eiroas tras 5 intentos.
Error en campo Ganzábal (intento 5): 'Connection' object has no attribute 'transaction'
Falló campo Ganzábal tras 5 intentos.
Error en campo Estadio Municipal Adolfo Suárez (intento 5): 'Connection' object has no attribute 'transaction'
Falló campo Estadio Municipal Adolfo Suárez tras 5 intentos.
Error en campo Miramar (intento 5): 'Connection' object has no attribute 'transaction'
Falló campo Miramar tras 5 intentos.
Error en campo Eusebio Arce (intento 5): 'Connection' object has no attribute 'transaction'
Falló campo Eusebio Arce tras 5 intentos.
Error en campo Estadio Pepe Quimarán (intento 5): 'Connection' object has no attribute 'transaction'
Falló campo Estadio Pepe Quimarán tras 5 intentos.
Error en campo San Lorenzo (intento 5): 'Connection' object has no attribute 'transaction'
Falló campo San Lorenzo tras 5 intentos.
Error en campo Las Gaunas (intento 5): 'Connection' object has no attribute 'transaction'
Falló campo Las Gaunas tras 5 intentos.
Error en campo Ciudad Deportiva El Glorioso (intento 5): 'Connection' object has no attribute 'transaction'
Falló campo Ciudad Deportiva El Glorioso tras 5 intentos.
Error en campo Ciudad Deportiva Real Zaragoza (intento 5): 'Connection' object has no attribute 'transaction'
Falló campo Ciudad Deportiva Real Zaragoza tras 5 intentos.
Error en campo Santa Ana (intento 5): 'Connection' object has no attribute 'transaction'
Falló campo Santa Ana tras 5 intentos.
Error en campo Ciudad de Tudela (intento 5): 'Connection' object has no attribute 'transaction'
Falló campo Ciudad de Tudela tras 5 intentos.
Error en campo Urbieta (intento 5): 'Connection' object has no attribute 'transaction'
Falló campo Urbieta tras 5 intentos.
Error en campo La Planilla (intento 5): 'Connection' object has no attribute 'transaction'
Falló campo La Planilla tras 5 intentos.
Error en campo Pinilla (intento 5): 'Connection' object has no attribute 'transaction'
Falló campo Pinilla tras 5 intentos.
Error en campo Gobela (intento 5): 'Connection' object has no attribute 'transaction'
Falló campo Gobela tras 5 intentos.
Error en campo Las Gaunas (intento 5): 'Connection' object has no attribute 'transaction'
Falló campo Las Gaunas tras 5 intentos.
Error en campo Municipal de Barbastro (intento 5): 'Connection' object has no attribute 'transaction'
Falló campo Municipal de Barbastro tras 5 intentos.
Error en campo Nuevo Estadio Municipal (intento 5): 'Connection' object has no attribute 'transaction'
Falló campo Nuevo Estadio Municipal tras 5 intentos.
Error en campo Instalaciones de Unbe (intento 5): 'Connection' object has no attribute 'transaction'
Falló campo Instalaciones de Unbe tras 5 intentos.
Error en campo Merkatondoa (intento 5): 'Connection' object has no attribute 'transaction'
Falló campo Merkatondoa tras 5 intentos.
Error en campo Instalaciones de Zubieta (intento 5): 'Connection' object has no attribute 'transaction'
Falló campo Instalaciones de Zubieta tras 5 intentos.
Error en campo Sotoboru (intento 5): 'Connection' object has no attribute 'transaction'
Falló campo Sotoboru tras 5 intentos.
Error en campo Estadio Municipal de Isla (intento 5): 'Connection' object has no attribute 'transaction'
Falló campo Estadio Municipal de Isla tras 5 intentos.
Error en campo La Molineta (intento 5): 'Connection' object has no attribute 'transaction'
Falló campo La Molineta tras 5 intentos.
Error en campo Ciudad Deportiva de Paterna (intento 5): 'Connection' object has no attribute 'transaction'
Falló campo Ciudad Deportiva de Paterna tras 5 intentos.
Error en campo Balear (intento 5): 'Connection' object has no attribute 'transaction'
Falló campo Balear tras 5 intentos.
Error en campo Camp d'Esports de Lleida (intento 5): 'Connection' object has no attribute 'transaction'
Falló campo Camp d'Esports de Lleida tras 5 intentos.
Error en campo Olímpic de Terrassa (intento 5): 'Connection' object has no attribute 'transaction'
Falló campo Olímpic de Terrassa tras 5 intentos.
Error en campo Nova Creu Alta (intento 5): 'Connection' object has no attribute 'transaction'
Falló campo Nova Creu Alta tras 5 intentos.
Error en campo Narcís Sala (intento 5): 'Connection' object has no attribute 'transaction'
Falló campo Narcís Sala tras 5 intentos.
Error en campo Ciutat Esportiva Dani Jarque (intento 5): 'Connection' object has no attribute 'transaction'
Falló campo Ciutat Esportiva Dani Jarque tras 5 intentos.
Error en campo Nou Estadi Municipal de Cornellà (intento 5): 'Connection' object has no attribute 'transaction'
Falló campo Nou Estadi Municipal de Cornellà tras 5 intentos.
Error en campo Nou Sardenya (intento 5): 'Connection' object has no attribute 'transaction'
Falló campo Nou Sardenya tras 5 intentos.
Error en campo San Gregorio (intento 5): 'Connection' object has no attribute 'transaction'
Falló campo San Gregorio tras 5 intentos.
Error en campo Municipal Santa Eulalia del Rio (intento 5): 'Connection' object has no attribute 'transaction'
Falló campo Municipal Santa Eulalia del Rio tras 5 intentos.
Error en campo Estadio Díez Iborra (intento 5): 'Connection' object has no attribute 'transaction'
Falló campo Estadio Díez Iborra tras 5 intentos.
Error en campo Luis Suñer Picó (intento 5): 'Connection' object has no attribute 'transaction'
Falló campo Luis Suñer Picó tras 5 intentos.
Error en campo Municipal d’Olot (intento 5): 'Connection' object has no attribute 'transaction'
Falló campo Municipal d’Olot tras 5 intentos.
Error en campo Ciudad Deportiva Antonio Asensio (intento 5): 'Connection' object has no attribute 'transaction'
Falló campo Ciudad Deportiva Antonio Asensio tras 5 intentos.
Error en campo Can Misses III (intento 5): 'Connection' object has no attribute 'transaction'
Falló campo Can Misses III tras 5 intentos.
Error en campo Municipal de Sa Plana- Andratx (intento 5): 'Connection' object has no attribute 'transaction'
Falló campo Municipal de Sa Plana- Andratx tras 5 intentos.
Error en campo ZEM Hipòlit Planàs (intento 5): 'Connection' object has no attribute 'transaction'
Falló campo ZEM Hipòlit Planàs tras 5 intentos.
Error en campo BeSoccer La Condomina (intento 5): 'Connection' object has no attribute 'transaction'
Falló campo BeSoccer La Condomina tras 5 intentos.
Error en campo El Rubial (intento 5): 'Connection' object has no attribute 'transaction'
Falló campo El Rubial tras 5 intentos.
Error en campo Municipal de La Unión (intento 5): 'Connection' object has no attribute 'transaction'
Falló campo Municipal de La Unión tras 5 intentos.
Error en campo Los Arcos (intento 5): 'Connection' object has no attribute 'transaction'
Falló campo Los Arcos tras 5 intentos.
Error en campo Iberoamericano Bahía Sur (intento 5): 'Connection' object has no attribute 'transaction'
Falló campo Iberoamericano Bahía Sur tras 5 intentos.
Error en campo Francisco Muñoz Pérez (intento 5): 'Connection' object has no attribute 'transaction'
Falló campo Francisco Muñoz Pérez tras 5 intentos.
Error en campo Ciudad de La Línea (intento 5): 'Connection' object has no attribute 'transaction'
Falló campo Ciudad de La Línea tras 5 intentos.
Error en campo Linarejos (intento 5): 'Connection' object has no attribute 'transaction'
Falló campo Linarejos tras 5 intentos.
Error en campo Ciudad Deportiva Granada CF (intento 5): 'Connection' object has no attribute 'transaction'
Falló campo Ciudad Deportiva Granada CF tras 5 intentos.
Error en campo El Pozuelo (intento 5): 'Connection' object has no attribute 'transaction'
Falló campo El Pozuelo tras 5 intentos.
Error en campo Ciudad Deportiva Bahía de Cádiz (intento 5): 'Connection' object has no attribute 'transaction'
Falló campo Ciudad Deportiva Bahía de Cádiz tras 5 intentos.
Error en campo Anexo al Estadio de los Juegos Mediterráneos (intento 5): 'Connection' object has no attribute 'transaction'
Falló campo Anexo al Estadio de los Juegos Mediterráneos tras 5 intentos.
Error en campo Municipal de Lebrija (intento 5): 'Connection' object has no attribute 'transaction'
Falló campo Municipal de Lebrija tras 5 intentos.
Error en campo Chapín (intento 5): 'Connection' object has no attribute 'transaction'
Falló campo Chapín tras 5 intentos.
Error en campo Municipal Villanovense (intento 5): 'Connection' object has no attribute 'transaction'
Falló campo Municipal Villanovense tras 5 intentos.
Error en campo Estadio Municipal de Chapín (intento 5): 'Connection' object has no attribute 'transaction'
Falló campo Estadio Municipal de Chapín tras 5 intentos.
Error en campo Vicente Sanz (intento 5): 'Connection' object has no attribute 'transaction'
Falló campo Vicente Sanz tras 5 intentos.
Error en campo Ciudad Deportiva Fernando Santos de la Parra (intento 5): 'Connection' object has no attribute 'transaction'
Falló campo Ciudad Deportiva Fernando Santos de la Parra tras 5 intentos.
Error en campo Nuevo Matapiñonera (intento 5): 'Connection' object has no attribute 'transaction'
Falló campo Nuevo Matapiñonera tras 5 intentos.
Error en campo Pedro Escartín (intento 5): 'Connection' object has no attribute 'transaction'
Falló campo Pedro Escartín tras 5 intentos.
Error en campo Príncipe Felipe (intento 5): 'Connection' object has no attribute 'transaction'
Falló campo Príncipe Felipe tras 5 intentos.
Error en campo Álvarez Claro (intento 5): 'Connection' object has no attribute 'transaction'
Falló campo Álvarez Claro tras 5 intentos.
Error en campo El Prado (intento 5): 'Connection' object has no attribute 'transaction'
Falló campo El Prado tras 5 intentos.
Error en campo Cerro del Espino (intento 5): 'Connection' object has no attribute 'transaction'
Falló campo Cerro del Espino tras 5 intentos.
Error en campo Ciudad Deportiva Javier Pérez (intento 5): 'Connection' object has no attribute 'transaction'
Falló campo Ciudad Deportiva Javier Pérez tras 5 intentos.
Error en campo Campo de Fútbol Orcasitas (intento 5): 'Connection' object has no attribute 'transaction'
Falló campo Campo de Fútbol Orcasitas tras 5 intentos.
Error en campo Mariano González (intento 5): 'Connection' object has no attribute 'transaction'
Falló campo Mariano González tras 5 intentos.
Error en campo CDM Vicente del Bosque (intento 5): 'Connection' object has no attribute 'transaction'
Falló campo CDM Vicente del Bosque tras 5 intentos.
Error en campo Municipal de Illescas (intento 5): 'Connection' object has no attribute 'transaction'
Falló campo Municipal de Illescas tras 5 intentos.
Error en campo La Isla (intento 5): 'Connection' object has no attribute 'transaction'
Falló campo La Isla tras 5 intentos.
Error en campo La Fuensanta (intento 5): 'Connection' object has no attribute 'transaction'
Falló campo La Fuensanta tras 5 intentos.
Error en campo Estadio Román Valero (intento 5): 'Connection' object has no attribute 'transaction'
Falló campo Estadio Román Valero tras 5 intentos.
Error en campo Municipal de El Paso (intento 5): 'Connection' object has no attribute 'transaction'
Falló campo Municipal de El Paso tras 5 intentos.
Error en campo Estadio Municipal de El Soto (intento 5): 'Connection' object has no attribute 'transaction'
Falló campo Estadio Municipal de El Soto tras 5 intentos.
Se produjeron 128 fallos en la inserción.

-------------------------------------------------------------------------------------------------
Terminada inserción de equipos, clubes y campos
-------------------------------------------------------------------------------------------------
Finalizado en 0m 27.85s
