
-------------------------------------------------------------------------------------------------
Iniciando inserción de jornada
-------------------------------------------------------------------------------------------------
Todas las inserciones finalizaron correctamente.

-------------------------------------------------------------------------------------------------
Jugadores encontrados que no estaban en la Base: 10
-------------------------------------------------------------------------------------------------
Scrapeandolos y insertandolos en la base de datos...

-------------------------------------------------------------------------------------------------
Jugadores intento 1. Jugadores restantes: 10
-------------------------------------------------------------------------------------------------

Procesando batch 0 de URLs
Scrapeado jugador: Sergio Sáez Sánchez
Scrapeado jugador: Izan Coulibaly Márquez
Scrapeado jugador: Luis Rafael Muñoz Núñez
Scrapeado jugador: Aitor Intxausti Martitegi
Scrapeado jugador: Mario del Cura Sanz
Scrapeado jugador: Alberto Yubero Zúñiga
Scrapeado jugador: José Luis Huertas Gómez
Scrapeado jugador: Javier Cuenca de Frutos
Scrapeado jugador: Héctor Pino Jorge
Scrapeado jugador: Haitz Huete Gómez

-------------------------------------------------------------------------------------------------
Agentes intento 1. Agentes restantes: 1
-------------------------------------------------------------------------------------------------

Procesando batch 0 de URLs
Scrapeado agente: 11MANGMT

-------------------------------------------------------------------------------------------------
Historico jugadores intento 1. Jugadores restantes: 10
-------------------------------------------------------------------------------------------------

Procesando batch 0 de URLs
Scrapeado historico jugador: 1411947
Scrapeado historico jugador: 1313276
Scrapeado historico jugador: 1411932
Scrapeado historico jugador: 634245
Scrapeado historico jugador: 1411944
Scrapeado historico jugador: 1411942
Scrapeado historico jugador: 1411943
Scrapeado historico jugador: 1411946
Scrapeado historico jugador: 1411945
Scrapeado historico jugador: 1411890

-------------------------------------------------------------------------------------------------
Valor mercado jugadores intento 1. Jugadores restantes: 10
-------------------------------------------------------------------------------------------------

Procesando batch 0 de URLs
Scrapeado grafico valores jugador: 1411947
Scrapeado grafico valores jugador: 1313276
Scrapeado grafico valores jugador: 1411932
Scrapeado grafico valores jugador: 634245
Scrapeado grafico valores jugador: 1411944
Scrapeado grafico valores jugador: 1411942
Scrapeado grafico valores jugador: 1411943
Scrapeado grafico valores jugador: 1411946
Scrapeado grafico valores jugador: 1411945
Scrapeado grafico valores jugador: 1411890
Todos los representantes se insertaron correctamente.
Todos los jugadores se insertaron correctamente.

-------------------------------------------------------------------------------------------------
Jugadores scrapeados e insertados: 10
-------------------------------------------------------------------------------------------------

-------------------------------------------------------------------------------------------------
Representantes scrapeados e insertados: 1
-------------------------------------------------------------------------------------------------

-------------------------------------------------------------------------------------------------
Inserción de jornada finalizada
-------------------------------------------------------------------------------------------------

Tiempo total de ejecución: 0 minutos y 53.79 segundos
