
-------------------------------------------------------------------------------------------------
Iniciando inserción de jornada
-------------------------------------------------------------------------------------------------
Todas las inserciones finalizaron correctamente.

-------------------------------------------------------------------------------------------------
Jugadores encontrados que no estaban en la Base: 18
-------------------------------------------------------------------------------------------------
Scrapeandolos y insertandolos en la base de datos...

-------------------------------------------------------------------------------------------------
Jugadores intento 1. Jugadores restantes: 18
-------------------------------------------------------------------------------------------------

Procesando batch 0 de URLs
Scrapeado jugador: Nabil Aberdin
Scrapeado jugador: Pouyane N'Diaye
Scrapeado jugador: Marc Martínez Linares
Scrapeado jugador: Fernando Montoya Hurtado
Scrapeado jugador: Armstrong Robin Junior Boateng
Scrapeado jugador: Benito Fuentes Galán
Scrapeado jugador: Pelayo Iglesias Merino
Scrapeado jugador: Iván Chousa Hevia
Scrapeado jugador: Ivan Zhadanov
Scrapeado jugador: Miguel Serrano García

Procesando batch 1 de URLs
Scrapeado jugador: Ivory Jesús Cabrera Padilla
Scrapeado jugador: Mikel Chuchu Arrieta Madariaga
Scrapeado jugador: Borys Ponomarenko
Scrapeado jugador: Alejandro Panach Olmo
Scrapeado jugador: Héctor Mejía Espinosa
Scrapeado jugador: Noe Prades Lázaro
Scrapeado jugador: Marko Drulic Miletic
Scrapeado jugador: Rodrigo Mendaza García

-------------------------------------------------------------------------------------------------
Agentes intento 1. Agentes restantes: 6
-------------------------------------------------------------------------------------------------

Procesando batch 0 de URLs
Scrapeado agente: INSUA GROUP
Scrapeado agente: JV SPORTS
Scrapeado agente: Best of You
Scrapeado agente: TNKSPORT LTD
Scrapeado agente: RGFOOTBALL MANAGEMENT SL
Scrapeado agente: LEADERBROCK sports

-------------------------------------------------------------------------------------------------
Historico jugadores intento 1. Jugadores restantes: 18
-------------------------------------------------------------------------------------------------

Procesando batch 0 de URLs
Scrapeado historico jugador: 908621
Scrapeado historico jugador: 1364666
Scrapeado historico jugador: 1357462
Scrapeado historico jugador: 1064459
Scrapeado historico jugador: 1281488
Scrapeado historico jugador: 1382903
Scrapeado historico jugador: 1364677
Scrapeado historico jugador: 1364678
Scrapeado historico jugador: 1356416
Scrapeado historico jugador: 1356414

Procesando batch 1 de URLs
Scrapeado historico jugador: 1356415
Scrapeado historico jugador: 1356556
Scrapeado historico jugador: 1211793
Scrapeado historico jugador: 1141157
Scrapeado historico jugador: 1233279
Scrapeado historico jugador: 1364380
Scrapeado historico jugador: 1364381
Scrapeado historico jugador: 1095425

-------------------------------------------------------------------------------------------------
Valor mercado jugadores intento 1. Jugadores restantes: 18
-------------------------------------------------------------------------------------------------

Procesando batch 0 de URLs
Scrapeado grafico valores jugador: 908621
Scrapeado grafico valores jugador: 1364666
Scrapeado grafico valores jugador: 1357462
Scrapeado grafico valores jugador: 1064459
Scrapeado grafico valores jugador: 1281488
Scrapeado grafico valores jugador: 1382903
Scrapeado grafico valores jugador: 1364677
Scrapeado grafico valores jugador: 1364678
Scrapeado grafico valores jugador: 1356416
Scrapeado grafico valores jugador: 1356414

Procesando batch 1 de URLs
Scrapeado grafico valores jugador: 1356415
Scrapeado grafico valores jugador: 1356556
Scrapeado grafico valores jugador: 1211793
Scrapeado grafico valores jugador: 1141157
Scrapeado grafico valores jugador: 1233279
Scrapeado grafico valores jugador: 1364380
Scrapeado grafico valores jugador: 1364381
Scrapeado grafico valores jugador: 1095425
Todos los representantes se insertaron correctamente.
Todos los jugadores se insertaron correctamente.

-------------------------------------------------------------------------------------------------
Jugadores scrapeados e insertados: 18
-------------------------------------------------------------------------------------------------

-------------------------------------------------------------------------------------------------
Representantes scrapeados e insertados: 6
-------------------------------------------------------------------------------------------------

-------------------------------------------------------------------------------------------------
Inserción de jornada finalizada
-------------------------------------------------------------------------------------------------

Tiempo total de ejecución: 1 minutos y 40.26 segundos
