
-------------------------------------------------------------------------------------------------
Iniciando inserción de jornada
-------------------------------------------------------------------------------------------------
Todas las inserciones finalizaron correctamente.

-------------------------------------------------------------------------------------------------
Jugadores encontrados que no estaban en la Base: 12
-------------------------------------------------------------------------------------------------
Scrapeandolos y insertandolos en la base de datos...

-------------------------------------------------------------------------------------------------
Jugadores intento 1. Jugadores restantes: 12
-------------------------------------------------------------------------------------------------

Procesando batch 0 de URLs
Scrapeado jugador: David Fernández Corral
Scrapeado jugador: Álvaro Neves Viñaras
Scrapeado jugador: Matthew Gonçalves Martin
Scrapeado jugador: César Porras Delgado
Scrapeado jugador: Ibai Aguirre Basurco
Scrapeado jugador: Lucas Olmos Abances
Scrapeado jugador: Guillermo Martin Hernández
Scrapeado jugador: David Páez Romero
Scrapeado jugador: Jesús García Jarana
Scrapeado jugador: Francisco Gil García

Procesando batch 1 de URLs
Scrapeado jugador: Mark Shpira
Scrapeado jugador: Daniel Fitzgerald

-------------------------------------------------------------------------------------------------
Agentes intento 1. Agentes restantes: 1
-------------------------------------------------------------------------------------------------

Procesando batch 0 de URLs
Scrapeado agente: Identity Sports Agency

-------------------------------------------------------------------------------------------------
Historico jugadores intento 1. Jugadores restantes: 12
-------------------------------------------------------------------------------------------------

Procesando batch 0 de URLs
Scrapeado historico jugador: 1375928
Scrapeado historico jugador: 1376104
Scrapeado historico jugador: 1376230
Scrapeado historico jugador: 1376105
Scrapeado historico jugador: 1354775
Scrapeado historico jugador: 1376172
Scrapeado historico jugador: 1376108
Scrapeado historico jugador: 1376107
Scrapeado historico jugador: 1178526
Scrapeado historico jugador: 1064502

Procesando batch 1 de URLs
Scrapeado historico jugador: 1376110
Scrapeado historico jugador: 1376174

-------------------------------------------------------------------------------------------------
Valor mercado jugadores intento 1. Jugadores restantes: 12
-------------------------------------------------------------------------------------------------

Procesando batch 0 de URLs
Scrapeado grafico valores jugador: 1375928
Scrapeado grafico valores jugador: 1376104
Scrapeado grafico valores jugador: 1376230
Scrapeado grafico valores jugador: 1376105
Scrapeado grafico valores jugador: 1354775
Scrapeado grafico valores jugador: 1376172
Scrapeado grafico valores jugador: 1376108
Scrapeado grafico valores jugador: 1376107
Scrapeado grafico valores jugador: 1178526
Scrapeado grafico valores jugador: 1064502

Procesando batch 1 de URLs
Scrapeado grafico valores jugador: 1376110
Scrapeado grafico valores jugador: 1376174
Todos los representantes se insertaron correctamente.
Todos los jugadores se insertaron correctamente.

-------------------------------------------------------------------------------------------------
Jugadores scrapeados e insertados: 12
-------------------------------------------------------------------------------------------------

-------------------------------------------------------------------------------------------------
Representantes scrapeados e insertados: 1
-------------------------------------------------------------------------------------------------

-------------------------------------------------------------------------------------------------
Inserción de jornada finalizada
-------------------------------------------------------------------------------------------------

Tiempo total de ejecución: 1 minutos y 11.15 segundos
