
-------------------------------------------------------------------------------------------------
Iniciando inserción de jornada
-------------------------------------------------------------------------------------------------
Todas las inserciones finalizaron correctamente.

-------------------------------------------------------------------------------------------------
Jugadores encontrados que no estaban en la Base: 14
-------------------------------------------------------------------------------------------------
Scrapeandolos y insertandolos en la base de datos...

-------------------------------------------------------------------------------------------------
Jugadores intento 1. Jugadores restantes: 14
-------------------------------------------------------------------------------------------------

Procesando batch 0 de URLs
Scrapeado jugador: Koumou Fousseyni Keita
Scrapeado jugador: Álex Forés Mendoza
Scrapeado jugador: Manuel Arenas Rosa
Scrapeado jugador: Alberto Freire Agrasar
Scrapeado jugador: Yiriba Coulibaly Diarra
Scrapeado jugador: Fernando Fernández Peña
Scrapeado jugador: Iker Gil Méndez
Scrapeado jugador: Miguel Cuesta Campos
Scrapeado jugador: Diego Díaz Alarcón
Scrapeado jugador: Jorge Sánchez Romero

Procesando batch 1 de URLs
Scrapeado jugador: Marcos Herrera Brenes
Scrapeado jugador: Ángelo García Hidalgo
Scrapeado jugador: Alejandro Bueno Boil
Scrapeado jugador: Denis Cruz Corpas

-------------------------------------------------------------------------------------------------
Agentes intento 1. Agentes restantes: 4
-------------------------------------------------------------------------------------------------

Procesando batch 0 de URLs
Scrapeado agente: ROOF
Scrapeado agente: Adrián del Nido
Scrapeado agente: RR-Soccer Management Agency
Scrapeado agente: Universal Twenty Two

-------------------------------------------------------------------------------------------------
Historico jugadores intento 1. Jugadores restantes: 14
-------------------------------------------------------------------------------------------------

Procesando batch 0 de URLs
Scrapeado historico jugador: 961988
Scrapeado historico jugador: 709380
Scrapeado historico jugador: 1335866
Scrapeado historico jugador: 1116026
Scrapeado historico jugador: 1367269
Scrapeado historico jugador: 1367268
Scrapeado historico jugador: 1367387
Scrapeado historico jugador: 1369663
Scrapeado historico jugador: 1057000
Scrapeado historico jugador: 1367362

Procesando batch 1 de URLs
Scrapeado historico jugador: 1103903
Scrapeado historico jugador: 1367341
Scrapeado historico jugador: 1323090
Scrapeado historico jugador: 1367272

-------------------------------------------------------------------------------------------------
Valor mercado jugadores intento 1. Jugadores restantes: 14
-------------------------------------------------------------------------------------------------

Procesando batch 0 de URLs
Scrapeado grafico valores jugador: 961988
Scrapeado grafico valores jugador: 709380
Scrapeado grafico valores jugador: 1335866
Scrapeado grafico valores jugador: 1116026
Scrapeado grafico valores jugador: 1367269
Scrapeado grafico valores jugador: 1367268
Scrapeado grafico valores jugador: 1367387
Scrapeado grafico valores jugador: 1369663
Scrapeado grafico valores jugador: 1057000
Scrapeado grafico valores jugador: 1367362

Procesando batch 1 de URLs
Scrapeado grafico valores jugador: 1103903
Scrapeado grafico valores jugador: 1367341
Scrapeado grafico valores jugador: 1323090
Scrapeado grafico valores jugador: 1367272
Todos los representantes se insertaron correctamente.
Todos los jugadores se insertaron correctamente.

-------------------------------------------------------------------------------------------------
Jugadores scrapeados e insertados: 14
-------------------------------------------------------------------------------------------------

-------------------------------------------------------------------------------------------------
Representantes scrapeados e insertados: 4
-------------------------------------------------------------------------------------------------

-------------------------------------------------------------------------------------------------
Inserción de jornada finalizada
-------------------------------------------------------------------------------------------------

Tiempo total de ejecución: 1 minutos y 47.39 segundos
