
-------------------------------------------------------------------------------------------------
Iniciando inserción de jornada
-------------------------------------------------------------------------------------------------
Partido 4440628 ya procesado anteriormente. Liga: 2, Jornada: 27, Local: 58, Visitante: 56
Partido 4440623 ya procesado anteriormente. Liga: 2, Jornada: 27, Local: 54, Visitante: 47
Partido 4440621 ya procesado anteriormente. Liga: 2, Jornada: 27, Local: 52, Visitante: 46
Partido 4440627 ya procesado anteriormente. Liga: 2, Jornada: 27, Local: 44, Visitante: 49
Partido 4440622 ya procesado anteriormente. Liga: 2, Jornada: 27, Local: 55, Visitante: 48
Partido 4440624 ya procesado anteriormente. Liga: 2, Jornada: 27, Local: 51, Visitante: 45
Partido 4440620 ya procesado anteriormente. Liga: 2, Jornada: 27, Local: 40, Visitante: 60
Partido 4440625 ya procesado anteriormente. Liga: 2, Jornada: 27, Local: 41, Visitante: 39
Partido 4440626 ya procesado anteriormente. Liga: 2, Jornada: 27, Local: 50, Visitante: 53
Partido 4430080 ya procesado anteriormente. Liga: 6, Jornada: 27, Local: 104, Visitante: 95
Partido 4430079 ya procesado anteriormente. Liga: 6, Jornada: 27, Local: 98, Visitante: 112
Partido 4430078 ya procesado anteriormente. Liga: 6, Jornada: 27, Local: 109, Visitante: 114
Partido 4430084 ya procesado anteriormente. Liga: 6, Jornada: 27, Local: 96, Visitante: 100
Partido 4430077 ya procesado anteriormente. Liga: 6, Jornada: 27, Local: 108, Visitante: 97
Partido 4430081 ya procesado anteriormente. Liga: 6, Jornada: 27, Local: 103, Visitante: 102
Partido 4430083 ya procesado anteriormente. Liga: 6, Jornada: 27, Local: 99, Visitante: 107
Partido 4430076 ya procesado anteriormente. Liga: 6, Jornada: 27, Local: 113, Visitante: 101
Partido 4430082 ya procesado anteriormente. Liga: 6, Jornada: 27, Local: 110, Visitante: 105
Partido 4479713 ya procesado anteriormente. Liga: 7, Jornada: 27, Local: 124, Visitante: 116
Partido 4479714 ya procesado anteriormente. Liga: 7, Jornada: 27, Local: 119, Visitante: 125
Partido 4479716 ya procesado anteriormente. Liga: 7, Jornada: 27, Local: 123, Visitante: 130
Partido 4479720 ya procesado anteriormente. Liga: 7, Jornada: 27, Local: 120, Visitante: 111
Partido 4479717 ya procesado anteriormente. Liga: 7, Jornada: 27, Local: 127, Visitante: 121
Partido 4479718 ya procesado anteriormente. Liga: 7, Jornada: 27, Local: 117, Visitante: 106
Partido 4479719 ya procesado anteriormente. Liga: 7, Jornada: 27, Local: 128, Visitante: 122
Partido 4479715 ya procesado anteriormente. Liga: 7, Jornada: 27, Local: 126, Visitante: 129
Partido 4479721 ya procesado anteriormente. Liga: 7, Jornada: 27, Local: 118, Visitante: 115
Partido 4440971 ya procesado anteriormente. Liga: 4, Jornada: 27, Local: 76, Visitante: 77
Partido 4440972 ya procesado anteriormente. Liga: 4, Jornada: 27, Local: 61, Visitante: 62
Partido 4440975 ya procesado anteriormente. Liga: 4, Jornada: 27, Local: 64, Visitante: 67
Partido 4440970 ya procesado anteriormente. Liga: 4, Jornada: 27, Local: 72, Visitante: 68
Partido 4440976 ya procesado anteriormente. Liga: 4, Jornada: 27, Local: 69, Visitante: 73
Partido 4440969 ya procesado anteriormente. Liga: 4, Jornada: 27, Local: 65, Visitante: 70
Partido 4440973 ya procesado anteriormente. Liga: 4, Jornada: 27, Local: 71, Visitante: 57
Partido 4440974 ya procesado anteriormente. Liga: 4, Jornada: 27, Local: 63, Visitante: 59
Partido 4428724 ya procesado anteriormente. Liga: 3, Jornada: 27, Local: 36, Visitante: 25
Partido 4440977 ya procesado anteriormente. Liga: 4, Jornada: 27, Local: 66, Visitante: 74
Partido 4428716 ya procesado anteriormente. Liga: 3, Jornada: 27, Local: 20, Visitante: 27
Partido 4428723 ya procesado anteriormente. Liga: 3, Jornada: 27, Local: 38, Visitante: 33
Partido 4428721 ya procesado anteriormente. Liga: 3, Jornada: 27, Local: 34, Visitante: 43
Partido 4428717 ya procesado anteriormente. Liga: 3, Jornada: 27, Local: 32, Visitante: 37
Partido 4428718 ya procesado anteriormente. Liga: 3, Jornada: 27, Local: 24, Visitante: 42
Partido 4428720 ya procesado anteriormente. Liga: 3, Jornada: 27, Local: 28, Visitante: 23
Partido 4428715 ya procesado anteriormente. Liga: 3, Jornada: 27, Local: 22, Visitante: 26
Partido 4428719 ya procesado anteriormente. Liga: 3, Jornada: 27, Local: 35, Visitante: 31
Partido 4428722 ya procesado anteriormente. Liga: 3, Jornada: 27, Local: 29, Visitante: 30
Partido 4428076 ya procesado anteriormente. Liga: 1, Jornada: 27, Local: 13, Visitante: 21
Partido 4428070 ya procesado anteriormente. Liga: 1, Jornada: 27, Local: 7, Visitante: 19
Partido 4428072 ya procesado anteriormente. Liga: 1, Jornada: 27, Local: 4, Visitante: 2
Partido 4428075 ya procesado anteriormente. Liga: 1, Jornada: 27, Local: 14, Visitante: 17
Partido 4428077 ya procesado anteriormente. Liga: 1, Jornada: 27, Local: 18, Visitante: 3
Partido 4428071 ya procesado anteriormente. Liga: 1, Jornada: 27, Local: 15, Visitante: 12
Partido 4428074 ya procesado anteriormente. Liga: 1, Jornada: 27, Local: 5, Visitante: 11
Partido 4428073 ya procesado anteriormente. Liga: 1, Jornada: 27, Local: 1, Visitante: 9
Partido 4428069 ya procesado anteriormente. Liga: 1, Jornada: 27, Local: 6, Visitante: 10
Partido 4428078 ya procesado anteriormente. Liga: 1, Jornada: 27, Local: 16, Visitante: 8
Partido 4479459 ya procesado anteriormente. Liga: 5, Jornada: 27, Local: 85, Visitante: 91
Partido 4479460 ya procesado anteriormente. Liga: 5, Jornada: 27, Local: 89, Visitante: 79
Partido 4479454 ya procesado anteriormente. Liga: 5, Jornada: 27, Local: 82, Visitante: 86
Partido 4479455 ya procesado anteriormente. Liga: 5, Jornada: 27, Local: 88, Visitante: 92
Partido 4479458 ya procesado anteriormente. Liga: 5, Jornada: 27, Local: 94, Visitante: 75
Partido 4479456 ya procesado anteriormente. Liga: 5, Jornada: 27, Local: 81, Visitante: 84
Partido 4479452 ya procesado anteriormente. Liga: 5, Jornada: 27, Local: 80, Visitante: 83
Partido 4479457 ya procesado anteriormente. Liga: 5, Jornada: 27, Local: 93, Visitante: 90
Partido 4479453 ya procesado anteriormente. Liga: 5, Jornada: 27, Local: 78, Visitante: 87
Todas las inserciones finalizaron correctamente.

-------------------------------------------------------------------------------------------------
Inserción de jornada finalizada
-------------------------------------------------------------------------------------------------

Tiempo total de ejecución: 0 minutos y 11.95 segundos
