
-------------------------------------------------------------------------------------------------
Iniciando inserción de jornada
-------------------------------------------------------------------------------------------------
Todas las inserciones finalizaron correctamente.

-------------------------------------------------------------------------------------------------
Jugadores encontrados que no estaban en la Base: 12
-------------------------------------------------------------------------------------------------
Scrapeandolos y insertandolos en la base de datos...

-------------------------------------------------------------------------------------------------
Jugadores intento 1. Jugadores restantes: 12
-------------------------------------------------------------------------------------------------

Procesando batch 0 de URLs
Scrapeado jugador: Pablo Aguilar Roselló
Scrapeado jugador: Pedro Fidel Cedillo Segura
Scrapeado jugador: Víctor Pastor Rivera
Scrapeado jugador: Arman Heidari
Scrapeado jugador: Andrés García Moreno
Scrapeado jugador: Samuel Pastor Pascual
Scrapeado jugador: Fofo
Scrapeado jugador: Piski Jr
Scrapeado jugador: Lucca Lazcano Martín
Scrapeado jugador: Jon Ander Barriga Román

Procesando batch 1 de URLs
Scrapeado jugador: Iker Fernández Zorrilla
Scrapeado jugador: Ekain Etxebarria Bañales

-------------------------------------------------------------------------------------------------
Agentes intento 1. Agentes restantes: 6
-------------------------------------------------------------------------------------------------

Procesando batch 0 de URLs
Scrapeado agente: SCM Sports Agency
Scrapeado agente: GUZ&GUAL FA
Scrapeado agente: By and For Sport Management
Scrapeado agente: Kaizen Sport Management
Scrapeado agente: JCRsport Goalkeeper
Scrapeado agente: CAA Stellar

-------------------------------------------------------------------------------------------------
Historico jugadores intento 1. Jugadores restantes: 12
-------------------------------------------------------------------------------------------------

Procesando batch 0 de URLs
Scrapeado historico jugador: 1254420
Scrapeado historico jugador: 1369650
Scrapeado historico jugador: 1367426
Scrapeado historico jugador: 1038043
Scrapeado historico jugador: 707266
Scrapeado historico jugador: 1141881
Scrapeado historico jugador: 128817
Scrapeado historico jugador: 1367748
Scrapeado historico jugador: 1378061
Scrapeado historico jugador: 982845

Procesando batch 1 de URLs
Scrapeado historico jugador: 1369287
Scrapeado historico jugador: 1369298

-------------------------------------------------------------------------------------------------
Valor mercado jugadores intento 1. Jugadores restantes: 12
-------------------------------------------------------------------------------------------------

Procesando batch 0 de URLs
Scrapeado grafico valores jugador: 1254420
Scrapeado grafico valores jugador: 1369650
Scrapeado grafico valores jugador: 1367426
Scrapeado grafico valores jugador: 1038043
Scrapeado grafico valores jugador: 707266
Scrapeado grafico valores jugador: 1141881
Scrapeado grafico valores jugador: 128817
Scrapeado grafico valores jugador: 1367748
Scrapeado grafico valores jugador: 1378061
Scrapeado grafico valores jugador: 982845

Procesando batch 1 de URLs
Scrapeado grafico valores jugador: 1369287
Scrapeado grafico valores jugador: 1369298
Todos los representantes se insertaron correctamente.
Todos los jugadores se insertaron correctamente.

-------------------------------------------------------------------------------------------------
Jugadores scrapeados e insertados: 12
-------------------------------------------------------------------------------------------------

-------------------------------------------------------------------------------------------------
Representantes scrapeados e insertados: 6
-------------------------------------------------------------------------------------------------

-------------------------------------------------------------------------------------------------
Inserción de jornada finalizada
-------------------------------------------------------------------------------------------------

Tiempo total de ejecución: 5 minutos y 3.67 segundos
