
-------------------------------------------------------------------------------------------------
Iniciando inserción de jornada
-------------------------------------------------------------------------------------------------
Todas las inserciones finalizaron correctamente.

-------------------------------------------------------------------------------------------------
Jugadores encontrados que no estaban en la Base: 9
-------------------------------------------------------------------------------------------------
Scrapeandolos y insertandolos en la base de datos...

-------------------------------------------------------------------------------------------------
Jugadores intento 1. Jugadores restantes: 9
-------------------------------------------------------------------------------------------------

Procesando batch 0 de URLs
Scrapeado jugador: Borja Mula Ruiz
Scrapeado jugador: Guillermo Montesinos Ruiz
Scrapeado jugador: David Pérez Millán
Scrapeado jugador: Unai Arteaga Iturria
Scrapeado jugador: Alejandro Postigo Collado
Scrapeado jugador: Hugo Aliaga Muñoz
Scrapeado jugador: Hugo García Justo
Scrapeado jugador: Iñaki Bellido Soriano
Scrapeado jugador: Abdoulie Bojang

-------------------------------------------------------------------------------------------------
Agentes intento 1. Agentes restantes: 0
-------------------------------------------------------------------------------------------------

-------------------------------------------------------------------------------------------------
Historico jugadores intento 1. Jugadores restantes: 9
-------------------------------------------------------------------------------------------------

Procesando batch 0 de URLs
Scrapeado historico jugador: 1178514
Scrapeado historico jugador: 1220978
Scrapeado historico jugador: 1380734
Scrapeado historico jugador: 1378592
Scrapeado historico jugador: 1379217
Scrapeado historico jugador: 1380641
Scrapeado historico jugador: 970734
Scrapeado historico jugador: 1396979
Scrapeado historico jugador: 1379218

-------------------------------------------------------------------------------------------------
Valor mercado jugadores intento 1. Jugadores restantes: 9
-------------------------------------------------------------------------------------------------

Procesando batch 0 de URLs
Scrapeado grafico valores jugador: 1178514
Scrapeado grafico valores jugador: 1220978
Scrapeado grafico valores jugador: 1380734
Scrapeado grafico valores jugador: 1378592
Scrapeado grafico valores jugador: 1379217
Scrapeado grafico valores jugador: 1380641
Scrapeado grafico valores jugador: 970734
Scrapeado grafico valores jugador: 1396979
Scrapeado grafico valores jugador: 1379218
Todos los jugadores se insertaron correctamente.

-------------------------------------------------------------------------------------------------
Jugadores scrapeados e insertados: 9
-------------------------------------------------------------------------------------------------

-------------------------------------------------------------------------------------------------
Representantes scrapeados e insertados: 0
-------------------------------------------------------------------------------------------------

-------------------------------------------------------------------------------------------------
Inserción de jornada finalizada
-------------------------------------------------------------------------------------------------

Tiempo total de ejecución: 0 minutos y 50.56 segundos
