
-------------------------------------------------------------------------------------------------
Iniciando inserción de jornada
-------------------------------------------------------------------------------------------------
Todas las inserciones finalizaron correctamente.

-------------------------------------------------------------------------------------------------
Jugadores encontrados que no estaban en la Base: 15
-------------------------------------------------------------------------------------------------
Scrapeandolos y insertandolos en la base de datos...

-------------------------------------------------------------------------------------------------
Jugadores intento 1. Jugadores restantes: 15
-------------------------------------------------------------------------------------------------

Procesando batch 0 de URLs
Scrapeado jugador: Telmo Zarandona Oregi
Scrapeado jugador: Egoitz Hernández Pereda
Scrapeado jugador: Ianis Târb\u0103
Scrapeado jugador: Juan Pedro Heredia Aguilar
Scrapeado jugador: Manuel García López
Scrapeado jugador: Marco Cobo Mula
Scrapeado jugador: Eneko Azarloza Urain
Scrapeado jugador: Unax Bernal Beristain
Scrapeado jugador: Iker Ferrer Owono
Scrapeado jugador: Eloy Nebreda Martínez

Procesando batch 1 de URLs
Scrapeado jugador: Pablo Buch Muñoz
Scrapeado jugador: Adam Benrouane Hajam
Scrapeado jugador: José Nicolás González Richart
Scrapeado jugador: Ceri Osayemwere Imadiyi Ukure
Scrapeado jugador: Rares Ioan Vlad

-------------------------------------------------------------------------------------------------
Agentes intento 1. Agentes restantes: 2
-------------------------------------------------------------------------------------------------

Procesando batch 0 de URLs
Scrapeado agente: AIM fútbol
Scrapeado agente: All Iron Sports

-------------------------------------------------------------------------------------------------
Historico jugadores intento 1. Jugadores restantes: 15
-------------------------------------------------------------------------------------------------

Procesando batch 0 de URLs
Scrapeado historico jugador: 1354340
Scrapeado historico jugador: 1354338
Scrapeado historico jugador: 938160
Scrapeado historico jugador: 842722
Scrapeado historico jugador: 1386378
Scrapeado historico jugador: 1223814
Scrapeado historico jugador: 1388047
Scrapeado historico jugador: 1388048
Scrapeado historico jugador: 1388010
Scrapeado historico jugador: 1354778

Procesando batch 1 de URLs
Scrapeado historico jugador: 1388107
Scrapeado historico jugador: 1388106
Scrapeado historico jugador: 1301304
Scrapeado historico jugador: 1388063
Scrapeado historico jugador: 1388066

-------------------------------------------------------------------------------------------------
Valor mercado jugadores intento 1. Jugadores restantes: 15
-------------------------------------------------------------------------------------------------

Procesando batch 0 de URLs
Scrapeado grafico valores jugador: 1354340
Scrapeado grafico valores jugador: 1354338
Scrapeado grafico valores jugador: 938160
Scrapeado grafico valores jugador: 842722
Scrapeado grafico valores jugador: 1386378
Scrapeado grafico valores jugador: 1223814
Scrapeado grafico valores jugador: 1388047
Scrapeado grafico valores jugador: 1388048
Scrapeado grafico valores jugador: 1388010
Scrapeado grafico valores jugador: 1354778

Procesando batch 1 de URLs
Scrapeado grafico valores jugador: 1388107
Scrapeado grafico valores jugador: 1388106
Scrapeado grafico valores jugador: 1301304
Scrapeado grafico valores jugador: 1388063
Scrapeado grafico valores jugador: 1388066
Todos los representantes se insertaron correctamente.
Todos los jugadores se insertaron correctamente.

-------------------------------------------------------------------------------------------------
Jugadores scrapeados e insertados: 15
-------------------------------------------------------------------------------------------------

-------------------------------------------------------------------------------------------------
Representantes scrapeados e insertados: 2
-------------------------------------------------------------------------------------------------

-------------------------------------------------------------------------------------------------
Inserción de jornada finalizada
-------------------------------------------------------------------------------------------------

Tiempo total de ejecución: 1 minutos y 21.19 segundos
