
-------------------------------------------------------------------------------------------------
Ligas intento 1. Ligas restantes: 7
-------------------------------------------------------------------------------------------------

Procesando batch 0 de URLs
Scrapeada liga: Primera Federación, Grupo 1, temporada 2024/2025
Scrapeada liga: Primera Federación, Grupo 2, temporada 2024/2025
Scrapeada liga: Segunda Federación, Grupo 1, temporada 2024/2025
Scrapeada liga: Segunda Federación, Grupo 2, temporada 2024/2025
Scrapeada liga: Segunda Federación, Grupo 3, temporada 2024/2025
Scrapeada liga: Segunda Federación, Grupo 4, temporada 2024/2025
Scrapeada liga: Segunda Federación, Grupo 5, temporada 2024/2025

-------------------------------------------------------------------------------------------------
Estadísticas de scraping
-------------------------------------------------------------------------------------------------

Páginas únicas scrapeadas: 7

Asyncio semaphore: 10

Tamaño del chunk: 7

Páginas fallidas: 0

-------------------------------------------------------------------------------------------------
Reintento 1
-------------------------------------------------------------------------------------------------

-------------------------------------------------------------------------------------------------
Reintento 2
-------------------------------------------------------------------------------------------------

-------------------------------------------------------------------------------------------------
Reintento 3
-------------------------------------------------------------------------------------------------

-------------------------------------------------------------------------------------------------
Reintento 4
-------------------------------------------------------------------------------------------------

-------------------------------------------------------------------------------------------------
Reintento 5
-------------------------------------------------------------------------------------------------

-------------------------------------------------------------------------------------------------
Reintento 6
-------------------------------------------------------------------------------------------------

-------------------------------------------------------------------------------------------------
Reintento 7
-------------------------------------------------------------------------------------------------

-------------------------------------------------------------------------------------------------
Fichero JSON
-------------------------------------------------------------------------------------------------
Fichero creado: c:\Users\alexl\OneDrive - Universidade de Santiago de Compostela\TFG\Scraping\ligas\resultados\datos_ligas.json

Tiempo total de ejecución: 0 minutos y 38.56 segundos
