
-------------------------------------------------------------------------------------------------
Iniciando inserción de jornada
-------------------------------------------------------------------------------------------------
Fallo al insertar equipo 4428221: 'PartidoJugado' object has no attribute 'get'
Fallo al insertar equipo 4428219: 'PartidoJugado' object has no attribute 'get'
Fallo al insertar equipo 4428224: 'PartidoJugado' object has no attribute 'get'
Fallo al insertar equipo 4428222: 'PartidoJugado' object has no attribute 'get'
Fallo al insertar equipo 4428227: 'PartidoJugado' object has no attribute 'get'
Fallo al insertar equipo 4428226: 'PartidoJugado' object has no attribute 'get'
Fallo al insertar equipo 4428228: 'PartidoJugado' object has no attribute 'get'
Fallo al insertar equipo 4428223: 'PartidoJugado' object has no attribute 'get'
Fallo al insertar equipo 4428220: 'PartidoJugado' object has no attribute 'get'
Fallo al insertar equipo 4428225: 'PartidoJugado' object has no attribute 'get'
Fallo al insertar equipo 4429811: 'PartidoJugado' object has no attribute 'get'
Fallo al insertar equipo 4429809: 'PartidoJugado' object has no attribute 'get'
Fallo al insertar equipo 4429804: 'PartidoJugado' object has no attribute 'get'
Fallo al insertar equipo 4429806: 'PartidoJugado' object has no attribute 'get'
Fallo al insertar equipo 4429805: 'PartidoJugado' object has no attribute 'get'
Fallo al insertar equipo 4429807: 'PartidoJugado' object has no attribute 'get'
Fallo al insertar equipo 4429808: 'PartidoJugado' object has no attribute 'get'
Fallo al insertar equipo 4429810: 'PartidoJugado' object has no attribute 'get'
Fallo al insertar equipo 4429812: 'PartidoJugado' object has no attribute 'get'
Fallo al insertar equipo 4435431: 'PartidoJugado' object has no attribute 'get'
Fallo al insertar equipo 4435432: 'PartidoJugado' object has no attribute 'get'
Fallo al insertar equipo 4435438: 'PartidoJugado' object has no attribute 'get'
Fallo al insertar equipo 4435435: 'PartidoJugado' object has no attribute 'get'
Fallo al insertar equipo 4435434: 'PartidoJugado' object has no attribute 'get'
Fallo al insertar equipo 4435439: 'PartidoJugado' object has no attribute 'get'
Fallo al insertar equipo 4435433: 'PartidoJugado' object has no attribute 'get'
Fallo al insertar equipo 4435437: 'PartidoJugado' object has no attribute 'get'
Fallo al insertar equipo 4435436: 'PartidoJugado' object has no attribute 'get'
Fallo al insertar equipo 4428459: 'PartidoJugado' object has no attribute 'get'
Fallo al insertar equipo 4428460: 'PartidoJugado' object has no attribute 'get'
Fallo al insertar equipo 4428456: 'PartidoJugado' object has no attribute 'get'
Fallo al insertar equipo 4428458: 'PartidoJugado' object has no attribute 'get'
Fallo al insertar equipo 4428462: 'PartidoJugado' object has no attribute 'get'
Fallo al insertar equipo 4428457: 'PartidoJugado' object has no attribute 'get'
Fallo al insertar equipo 4428455: 'PartidoJugado' object has no attribute 'get'
Fallo al insertar equipo 4428463: 'PartidoJugado' object has no attribute 'get'
Fallo al insertar equipo 4428461: 'PartidoJugado' object has no attribute 'get'
Fallo al insertar equipo 4428464: 'PartidoJugado' object has no attribute 'get'
Fallo al insertar equipo 4435385: 'PartidoJugado' object has no attribute 'get'
Fallo al insertar equipo 4435386: 'PartidoJugado' object has no attribute 'get'
Fallo al insertar equipo 4435390: 'PartidoJugado' object has no attribute 'get'
Fallo al insertar equipo 4435387: 'PartidoJugado' object has no attribute 'get'
Fallo al insertar equipo 4435384: 'PartidoJugado' object has no attribute 'get'
Fallo al insertar equipo 4435392: 'PartidoJugado' object has no attribute 'get'
Fallo al insertar equipo 4435389: 'PartidoJugado' object has no attribute 'get'
Fallo al insertar equipo 4435388: 'PartidoJugado' object has no attribute 'get'
Fallo al insertar equipo 4435391: 'PartidoJugado' object has no attribute 'get'
Fallo al insertar equipo 4435488: 'PartidoJugado' object has no attribute 'get'
Fallo al insertar equipo 4435493: 'PartidoJugado' object has no attribute 'get'
Fallo al insertar equipo 4435490: 'PartidoJugado' object has no attribute 'get'
Fallo al insertar equipo 4435492: 'PartidoJugado' object has no attribute 'get'
Fallo al insertar equipo 4435485: 'PartidoJugado' object has no attribute 'get'
Fallo al insertar equipo 4435489: 'PartidoJugado' object has no attribute 'get'
Fallo al insertar equipo 4435487: 'PartidoJugado' object has no attribute 'get'
Fallo al insertar equipo 4435491: 'PartidoJugado' object has no attribute 'get'
Fallo al insertar equipo 4435486: 'PartidoJugado' object has no attribute 'get'
Fallo al insertar equipo 4435412: 'PartidoJugado' object has no attribute 'get'
Fallo al insertar equipo 4435415: 'PartidoJugado' object has no attribute 'get'
Fallo al insertar equipo 4435416: 'PartidoJugado' object has no attribute 'get'
Fallo al insertar equipo 4435411: 'PartidoJugado' object has no attribute 'get'
Fallo al insertar equipo 4435414: 'PartidoJugado' object has no attribute 'get'
Fallo al insertar equipo 4435413: 'PartidoJugado' object has no attribute 'get'
Fallo al insertar equipo 4435418: 'PartidoJugado' object has no attribute 'get'
Fallo al insertar equipo 4435417: 'PartidoJugado' object has no attribute 'get'
Fallo al insertar equipo 4435419: 'PartidoJugado' object has no attribute 'get'
Se produjeron 65 fallos en la inserción.

-------------------------------------------------------------------------------------------------
Inserción de jornada finalizada
-------------------------------------------------------------------------------------------------

Tiempo total de ejecución: 0 minutos y 0.14 segundos
