
-------------------------------------------------------------------------------------------------
Scrapeando enlaces de equipos intento 1. Ligas restantes: 7
-------------------------------------------------------------------------------------------------

Procesando batch 0 de URLs
Scrapeados 20 enlaces de equipos de la liga 1RFEFG1.
Scrapeados 20 enlaces de equipos de la liga 1RFEFG2.
Scrapeados 18 enlaces de equipos de la liga 2RFEFG1.
Scrapeados 18 enlaces de equipos de la liga 2RFEFG2.
Scrapeados 18 enlaces de equipos de la liga 2RFEFG3.
Scrapeados 18 enlaces de equipos de la liga 2RFEFG4.
Scrapeados 18 enlaces de equipos de la liga 2RFEFG5.

-------------------------------------------------------------------------------------------------
Scraping de enlaces de equipos: 130 equipos distintos de 7 ligas.
-------------------------------------------------------------------------------------------------

-------------------------------------------------------------------------------------------------
Equipos intento 1. Equipos restantes: 130
-------------------------------------------------------------------------------------------------

Procesando batch 0 de URLs
Scrapeado equipo: FC Barcelona Atlètic
Scrapeado equipo: RC Celta Fortuna
Scrapeado equipo: Real Sociedad B
Scrapeado equipo: FC Andorra
Scrapeado equipo: SD Ponferradina
Scrapeado equipo: Cultural Leonesa
Scrapeado equipo: Bilbao Athletic
Scrapeado equipo: Gimnàstic de Tarragona
Scrapeado equipo: CA Osasuna Promesas
Scrapeado equipo: Ourense CF

Procesando batch 1 de URLs
Scrapeado equipo: Unionistas de Salamanca CF
Scrapeado equipo: CD Lugo
Scrapeado equipo: Zamora CF
Scrapeado equipo: Real Unión Club
Scrapeado equipo: Barakaldo CF
Scrapeado equipo: CD Arenteiro
Scrapeado equipo: Sestao River
Scrapeado equipo: SD Tarazona
Scrapeado equipo: SD Amorebieta
Scrapeado equipo: Gimnástica Segoviana CF

Procesando batch 2 de URLs
Scrapeado equipo: Real Madrid Castilla
Scrapeado equipo: Villarreal CF B
Scrapeado equipo: Atlético de Madrid B
Scrapeado equipo: Betis Deportivo Balompié
Scrapeado equipo: Sevilla Atlético
Scrapeado equipo: Real Murcia CF
Scrapeado equipo: UD Ibiza
Scrapeado equipo: Marbella FC
Scrapeado equipo: Hércules CF
Scrapeado equipo: Antequera CF

Procesando batch 3 de URLs
Scrapeado equipo: AD Ceuta FC
Scrapeado equipo: AD Alcorcón
Scrapeado equipo: Mérida AD
Scrapeado equipo: CF Intercity
Scrapeado equipo: CD Alcoyano
Scrapeado equipo: Algeciras CF
Scrapeado equipo: Recreativo de Huelva
Scrapeado equipo: CF Fuenlabrada
Scrapeado equipo: Atlético Sanluqueño CF
Scrapeado equipo: Yeclano Deportivo

Procesando batch 4 de URLs
Scrapeado equipo: Pontevedra CF
Scrapeado equipo: CD Numancia
Scrapeado equipo: Real Avilés Industrial
Scrapeado equipo: SD Compostela
Scrapeado equipo: Real Valladolid Promesas
Scrapeado equipo: Rayo Cantabria
Scrapeado equipo: Gimnástica de Torrelavega
Scrapeado equipo: CD Guijuelo
Scrapeado equipo: Salamanca CF UDS
Scrapeado equipo: RC Deportivo Fabril

Procesando batch 5 de URLs
Scrapeado equipo: Coruxo FC
Scrapeado equipo: Bergantiños FC
Scrapeado equipo: UP Langreo
Scrapeado equipo: Real Ávila CF
Scrapeado equipo: Marino de Luanco
Scrapeado equipo: UM Escobedo
Scrapeado equipo: UD Llanera
Scrapeado equipo: CD Laredo
Scrapeado equipo: UD Logroñés
Scrapeado equipo: Deportivo Alavés B

Procesando batch 6 de URLs
Scrapeado equipo: RZ Deportivo Aragón
Scrapeado equipo: Utebo FC
Scrapeado equipo: CD Tudelano
Scrapeado equipo: Gernika Club
Scrapeado equipo: CD Calahorra
Scrapeado equipo: CD Teruel
Scrapeado equipo: Arenas Club
Scrapeado equipo: SD Logroñés
Scrapeado equipo: UD Barbastro
Scrapeado equipo: SD Ejea

Procesando batch 7 de URLs
Scrapeado equipo: SD Eibar B
Scrapeado equipo: CD Izarra
Scrapeado equipo: Real Sociedad C
Scrapeado equipo: CD Subiza
Scrapeado equipo: CD Anguiano
Scrapeado equipo: CD Alfaro
Scrapeado equipo: Valencia Mestalla
Scrapeado equipo: CD Atlético Baleares
Scrapeado equipo: Lleida CF
Scrapeado equipo: Terrassa FC

Procesando batch 8 de URLs
Scrapeado equipo: CE Sabadell FC
Scrapeado equipo: UE Sant Andreu
Scrapeado equipo: RCD Espanyol B
Scrapeado equipo: UE Cornellà
Scrapeado equipo: CE Europa
Scrapeado equipo: Torrent CF
Scrapeado equipo: SCR Penya Deportiva
Scrapeado equipo: Elche Ilicitano
Scrapeado equipo: UD Alzira
Scrapeado equipo: UE Olot

Procesando batch 9 de URLs
Scrapeado equipo: RCD Mallorca B
Scrapeado equipo: CD Ibiza Islas Pitiusas
Scrapeado equipo: CE Andratx
Scrapeado equipo: Som Maresme FC
Scrapeado equipo: UCAM Murcia CF
Scrapeado equipo: Águilas FC
Scrapeado equipo: FC La Unión Atlético
Scrapeado equipo: Orihuela CF
Scrapeado equipo: San Fernando CD
Scrapeado equipo: CD Estepona FS

Procesando batch 10 de URLs
Scrapeado equipo: Real Balompédica Linense
Scrapeado equipo: Linares Deportivo
Scrapeado equipo: Recreativo Granada
Scrapeado equipo: Deportiva Minera
Scrapeado equipo: Juventud Torremolinos CF
Scrapeado equipo: Cádiz CF Mirandilla
Scrapeado equipo: UD Almería B
Scrapeado equipo: Club Atlético Antoniano
Scrapeado equipo: Xerez Deportivo FC
Scrapeado equipo: CF Villanovense

Procesando batch 11 de URLs
Scrapeado equipo: Xerez CD
Scrapeado equipo: CD Don Benito
Scrapeado equipo: Getafe CF B
Scrapeado equipo: UD San Sebastián de los Reyes
Scrapeado equipo: CD Guadalajara
Scrapeado equipo: CP Cacereño
Scrapeado equipo: UD Melilla
Scrapeado equipo: CF Talavera de la Reina
Scrapeado equipo: CF Rayo Majadahonda
Scrapeado equipo: CD Tenerife B

Procesando batch 12 de URLs
Scrapeado equipo: Real Madrid C
Scrapeado equipo: CDA Navalcarnero
Scrapeado equipo: AD Unión Adarve
Scrapeado equipo: CD Illescas
Scrapeado equipo: CD Coria
Scrapeado equipo: UB Conquense
Scrapeado equipo: CD Unión Sur Yaiza
Scrapeado equipo: Colonia Moscardó
Scrapeado equipo: CD Atlético Paso
Scrapeado equipo: CD Móstoles URJC

-------------------------------------------------------------------------------------------------
Scraping de equipos: 130 equipos.
-------------------------------------------------------------------------------------------------

-------------------------------------------------------------------------------------------------
Scraping campos
-------------------------------------------------------------------------------------------------

-------------------------------------------------------------------------------------------------
Campos 1. Campos restantes: 128
-------------------------------------------------------------------------------------------------

Procesando batch 0 de URLs
Scrapeado campo: Johan Cruyff, 2464
Scrapeado campo: Barreiro, 8733
Scrapeado campo: Instalaciones de Zubieta, 9899
Scrapeado campo: Estadi Nacional d'Andorra, 10718
Scrapeado campo: El Toralín, 4032
Scrapeado campo: Reino de León, 4542
Scrapeado campo: Instalaciones de Lezama, 6688
Scrapeado campo: Nou Estadi Costa Daurada, 5648
Scrapeado campo: Instalaciones de Tajonar, 8516
Scrapeado campo: O Couto, 55398

Procesando batch 1 de URLs
Scrapeado campo: Reina Sofía, 52397
Scrapeado campo: Anxo Carro, 11000
Scrapeado campo: Ruta de la Plata, 10907
Scrapeado campo: Stadium Gal, 12405
Scrapeado campo: Nuevo Lasesarre, 3708
Scrapeado campo: O Espiñedo, 58946
Scrapeado campo: Las Llanas, 13240
Scrapeado campo: Municipal de Tarazona, 41403
Scrapeado campo: Urritxe, 16575
Scrapeado campo: La Albuera, 33306

Procesando batch 2 de URLs
Scrapeado campo: Alfredo Di Stéfano, 6767
Scrapeado campo: La Cerámica, 11972
Scrapeado campo: Cerro del Espino, 3679
Scrapeado campo: Ciudad Deportiva Luis del Sol, 2865
Scrapeado campo: Jesús Navas, 8519
Scrapeado campo: Enrique Roca de Murcia, 171
Scrapeado campo: Palladium Can Misses, 13241
Scrapeado campo: Municipal de Marbella, 12361
Scrapeado campo: José Rico Pérez, 7971
Scrapeado campo: Nuevo El Maulí, 16022

Procesando batch 3 de URLs
Scrapeado campo: Alfonso Murube, 8568
Scrapeado campo: Santo Domingo, 11596
Scrapeado campo: Romano José Fouto, 46854
Scrapeado campo: Antonio Solana, 67212
Scrapeado campo: Gestaser El Collao, 11259
Scrapeado campo: Nuevo Mirador, 3705
Scrapeado campo: Nuevo Colombino, 2867
Scrapeado campo: Fernando Torres, 16486
Scrapeado campo: El Palmar, 21322
Scrapeado campo: La Constitución, 21337

Procesando batch 4 de URLs
Scrapeado campo: Pasarón, 5650
Scrapeado campo: Los Pajaritos, 2296
Scrapeado campo: Román Suárez Puerta, 20844
Scrapeado campo: Verónica Boquete de San Lázaro, 2855
Scrapeado campo: Anexos al José Zorrilla, 7078
Scrapeado campo: Santi Gutiérrez Calle, 10980
Scrapeado campo: El Malecón, 12588
Scrapeado campo: Luis Ramos, 11615
Scrapeado campo: Helmántico, 42039
Scrapeado campo: Ciudad Deportiva de Abegondo, 11603

Procesando batch 5 de URLs
Scrapeado campo: O Vao, 13227
Scrapeado campo: As Eiroas, 16055
Scrapeado campo: Ganzábal, 16646
Scrapeado campo: Estadio Municipal Adolfo Suárez, 6212
Scrapeado campo: Miramar, 11601
Scrapeado campo: Eusebio Arce, 41444
Scrapeado campo: Estadio Pepe Quimarán, 55881
Scrapeado campo: San Lorenzo, 36285
Scrapeado campo: Las Gaunas, 24420
Scrapeado campo: Ciudad Deportiva El Glorioso, 8880

Procesando batch 6 de URLs
Scrapeado campo: Ciudad Deportiva Real Zaragoza, 8384
Scrapeado campo: Santa Ana, 13244
Scrapeado campo: Ciudad de Tudela, 29271
Scrapeado campo: Urbieta, 11590
Scrapeado campo: La Planilla, 4030
Scrapeado campo: Pinilla, 19301
Scrapeado campo: Gobela, 16122
Scrapeado campo: Las Gaunas, 33303
Scrapeado campo: Municipal de Barbastro, 16387
Scrapeado campo: Nuevo Estadio Municipal, 18693

Procesando batch 7 de URLs
Scrapeado campo: Instalaciones de Unbe, 50186
Scrapeado campo: Merkatondoa, 18690
Scrapeado campo: Instalaciones de Zubieta, 44822
Scrapeado campo: Sotoboru, 77666
Scrapeado campo: Estadio Municipal de Isla, 41605
Scrapeado campo: La Molineta, 16687
Scrapeado campo: Ciudad Deportiva de Paterna, 6182
Scrapeado campo: Balear, 18687
Scrapeado campo: Camp d'Esports de Lleida, 33593
Scrapeado campo: Olímpic de Terrassa, 1881

Procesando batch 8 de URLs
Scrapeado campo: Nova Creu Alta, 11422
Scrapeado campo: Narcís Sala, 12697
Scrapeado campo: Ciutat Esportiva Dani Jarque, 10773
Scrapeado campo: Nou Estadi Municipal de Cornellà, 16196
Scrapeado campo: Nou Sardenya, 20528
Scrapeado campo: San Gregorio, 67509
Scrapeado campo: Municipal Santa Eulalia del Rio, 18669
Scrapeado campo: Estadio Díez Iborra, 12317
Scrapeado campo: Luis Suñer Picó, 16775
Scrapeado campo: Municipal d’Olot, 38456

Procesando batch 9 de URLs
Scrapeado campo: Ciudad Deportiva Antonio Asensio, 8494
Scrapeado campo: Can Misses III, 67751
Scrapeado campo: Municipal de Sa Plana- Andratx, 73876
Scrapeado campo: ZEM Hipòlit Planàs, 111469
Scrapeado campo: BeSoccer La Condomina, 34148
Scrapeado campo: El Rubial, 49957
Scrapeado campo: Municipal de La Unión, 24452
Scrapeado campo: Los Arcos, 4054
Scrapeado campo: Iberoamericano Bahía Sur, 12181
Scrapeado campo: Francisco Muñoz Pérez, 24445

Procesando batch 10 de URLs
Scrapeado campo: Ciudad de La Línea, 12605
Scrapeado campo: Linarejos, 12351
Scrapeado campo: Ciudad Deportiva Granada CF, 21550
Scrapeado campo: El Pozuelo, 43454
Scrapeado campo: Ciudad Deportiva Bahía de Cádiz, 11669
Scrapeado campo: Anexo al Estadio de los Juegos Mediterráneos, 11986
Scrapeado campo: Municipal de Lebrija, 42457
Scrapeado campo: Chapín, 44564
Scrapeado campo: Municipal Villanovense, 7052
Scrapeado campo: Estadio Municipal de Chapín, 134

Procesando batch 11 de URLs
Scrapeado campo: Vicente Sanz, 18443
Scrapeado campo: Ciudad Deportiva Fernando Santos de la Parra, 8510
Scrapeado campo: Nuevo Matapiñonera, 11245
Scrapeado campo: Pedro Escartín, 16576
Scrapeado campo: Príncipe Felipe, 11602
Scrapeado campo: Álvarez Claro, 16492
Scrapeado campo: El Prado, 47421
Scrapeado campo: Cerro del Espino, 13702
Scrapeado campo: Ciudad Deportiva Javier Pérez, 11617
Scrapeado campo: Campo de Fútbol Orcasitas, 92878

Procesando batch 12 de URLs
Scrapeado campo: Mariano González, 20921
Scrapeado campo: CDM Vicente del Bosque, 21368
Scrapeado campo: Municipal de Illescas, 41396
Scrapeado campo: La Isla, 50684
Scrapeado campo: La Fuensanta, 16602
Scrapeado campo: Estadio Román Valero, 17741
Scrapeado campo: Municipal de El Paso, 68575
Scrapeado campo: Estadio Municipal de El Soto, 21122

-------------------------------------------------------------------------------------------------
Scraping de campos: 128 campos de 128 campos sobre 130 equipos.
-------------------------------------------------------------------------------------------------

-------------------------------------------------------------------------------------------------
Estadísticas de scraping
-------------------------------------------------------------------------------------------------

Páginas únicas scrapeadas: 265

Asyncio semaphore: 10

Tamaño del chunk: 10

Páginas fallidas: 0

-------------------------------------------------------------------------------------------------
Reintento 1
-------------------------------------------------------------------------------------------------

-------------------------------------------------------------------------------------------------
Reintento 2
-------------------------------------------------------------------------------------------------

-------------------------------------------------------------------------------------------------
Reintento 3
-------------------------------------------------------------------------------------------------

-------------------------------------------------------------------------------------------------
Reintento 4
-------------------------------------------------------------------------------------------------

-------------------------------------------------------------------------------------------------
Reintento 5
-------------------------------------------------------------------------------------------------

-------------------------------------------------------------------------------------------------
Reintento 6
-------------------------------------------------------------------------------------------------

-------------------------------------------------------------------------------------------------
Reintento 7
-------------------------------------------------------------------------------------------------

-------------------------------------------------------------------------------------------------
Fichero JSON
-------------------------------------------------------------------------------------------------
Fichero creado: c:\Users\alexl\OneDrive - Universidade de Santiago de Compostela\TFG\Scraping\extraccion\equipos\resultados\datos_equipos.json

-------------------------------------------------------------------------------------------------
Fichero JSON
-------------------------------------------------------------------------------------------------
Fichero creado: c:\Users\alexl\OneDrive - Universidade de Santiago de Compostela\TFG\Scraping\extraccion\equipos\resultados\datos_campos.json

Tiempo total de ejecución: 5 minutos y 11.48 segundos
