Se han encontrado 351 enlaces de agentes.

-------------------------------------------------------------------------------------------------
Scraping de agentes
-------------------------------------------------------------------------------------------------

-------------------------------------------------------------------------------------------------
Agentes intento 1. Agentes restantes: 351
-------------------------------------------------------------------------------------------------

Procesando batch 0 de URLs
Scrapeado agente: CAA Stellar
Scrapeado agente: CAA Base Ltd
Scrapeado agente: Gol International
Scrapeado agente: Wöchmaker
Scrapeado agente: INTERFOOTBALL MANAGEMENT S.A
Scrapeado agente: DC GLOBAL SL
Scrapeado agente: Pro Evolution Players s.l.
Scrapeado agente: CMG Sports
Scrapeado agente: AS1
Scrapeado agente: Wasserman

Procesando batch 1 de URLs
Scrapeado agente: Excellence Sport
Scrapeado agente: De la Peña & Sostres
Scrapeado agente: Miguel Pedrajo
Scrapeado agente: B1G Talent
Scrapeado agente: Sports360 GmbH
Scrapeado agente: MagicPlayers
Scrapeado agente: Global Ases
Scrapeado agente: SPOCS Global Sports
Scrapeado agente: YOU FIRST
Scrapeado agente: Sferico Sports Management

Procesando batch 2 de URLs
Scrapeado agente: Niagara Sur
Scrapeado agente: PROTIO SPORT
Scrapeado agente: TACTIC GRUP - OROBITG
Scrapeado agente: Unique Sports Group
Scrapeado agente: Bahía Internacional
Scrapeado agente: Universal Twenty Two
Scrapeado agente: M1rza Management.S.L
Scrapeado agente: F.J.VILLAVERDE
Scrapeado agente: TopBaller - Sports Management
Scrapeado agente: Be Loyal by Ginés Carvajal

Procesando batch 3 de URLs
Scrapeado agente: MRH Football Agency
Scrapeado agente: MESAS SPORT
Scrapeado agente: BOIM FOOTBALL BOUTIQUE
Scrapeado agente: Eugenio Botas Asesoria Deportiva
Scrapeado agente: Ivan Cristovinho
Scrapeado agente: Keypass AS
Scrapeado agente: IF FOOTBALL
Scrapeado agente: Sports&Life
Scrapeado agente: IDUB GLOBAL
Scrapeado agente: ROOF Talents

Procesando batch 4 de URLs
Scrapeado agente: Rioja Cermeño S.L
Scrapeado agente: Sport Cover
Scrapeado agente: Dupla Piqué & Domínguez
Scrapeado agente: TOP10 MANAGEMENT
Scrapeado agente: ROOF
Scrapeado agente: Sport Agency 4U
Scrapeado agente: Emartsoccer
Scrapeado agente: Sports and Management
Scrapeado agente: Simbioze Football
Scrapeado agente: Joseba Diaz

Procesando batch 5 de URLs
Scrapeado agente: SEG - Sports Entertainment Group
Scrapeado agente: Ipi Sports and Management 14, SL
Scrapeado agente: Footfeel ISM
Scrapeado agente: E.C.Dimitriadis s.r.o.
Scrapeado agente: IGdreamsfootball
Scrapeado agente: JV SPORTS
Scrapeado agente: IRB SPORT CONSULTING
Scrapeado agente: SIELLO FOOTBALL GROUP
Scrapeado agente: BE THE BEST
Scrapeado agente: Toldra Consulting S.L.

Procesando batch 6 de URLs
Scrapeado agente: SportsGA
Scrapeado agente: Antonio Lozano Representation Agency
Scrapeado agente: Viasport
Scrapeado agente: Smarter Players SRL
Scrapeado agente: LEADERBROCK sports
Scrapeado agente: PHsport
Scrapeado agente: Gustavo de la Parra
Scrapeado agente: RGFOOTBALL MANAGEMENT SL
Scrapeado agente: UNIQUE DIMENSION
Scrapeado agente: IS SPORTS AGENCY

Procesando batch 7 de URLs
Scrapeado agente: Niagara Sports Company
Scrapeado agente: Podium Trade
Scrapeado agente: AC Talent
Scrapeado agente: Antonio López Management
Scrapeado agente: Acción Sport del Norte S.L.
Scrapeado agente: MSSports
Scrapeado agente: LIAN Sports Group
Scrapeado agente: Best of You
Scrapeado agente: Futivpro
Scrapeado agente: PINTEX SPORTS AGENCY

Procesando batch 8 de URLs
Scrapeado agente: The WINNER TEAM
Scrapeado agente: Fip Football
Scrapeado agente: Adrián del Nido
Scrapeado agente: Identity Sports Agency
Scrapeado agente: CM Sports Agency
Scrapeado agente: Fernando Raña
Scrapeado agente: RySManagement
Scrapeado agente: V&V Football
Scrapeado agente: Upro Consulting
Scrapeado agente: Fabián Bustos

Procesando batch 9 de URLs
Scrapeado agente: BestFoot FM
Scrapeado agente: OFSPORTS
Scrapeado agente: Show Me
Scrapeado agente: JONATHAN SÁNCHEZ
Scrapeado agente: SimaSport Soccer
Scrapeado agente: RR-Soccer Management Agency
Scrapeado agente: ADM PRO SPORTS
Scrapeado agente: Vicente Ruá
Scrapeado agente: Chromo Agency
Scrapeado agente: MMIC Sport

Procesando batch 10 de URLs
Scrapeado agente: ELITE INTERNACIONAL SPORT AGENCY S.L.
Scrapeado agente: 10Management Ltd.
Scrapeado agente: FBM_SPORTS_AGENCY
Scrapeado agente: JP Y ASOCIADOS
Scrapeado agente: Goal Management
Scrapeado agente: Status Sport World S.L
Scrapeado agente: All Iron Sports
Scrapeado agente: PARRI GROUP
Scrapeado agente: EGGO Asesores Deportivos
Scrapeado agente: Universal Football

Procesando batch 11 de URLs
Scrapeado agente: InterStarDeporte
Scrapeado agente: Football Promotions (Scotland) Ltd.
Scrapeado agente: NTA Sport Management
Scrapeado agente: SportySpain
Scrapeado agente: Special Talent Group
Scrapeado agente: LEADERBROCK Sports Talents
Scrapeado agente: Mine Football Management S.L.
Scrapeado agente: +Soccer International Agents
Scrapeado agente: REVOLUTION Football Boutique
Scrapeado agente: RELC SPORTS INC.

Procesando batch 12 de URLs
Scrapeado agente: PROFUT
Scrapeado agente: AR Sport-Management
Scrapeado agente: ZANISESPORT
Scrapeado agente: INSUA GROUP
Scrapeado agente: NProfile
Scrapeado agente: Pedro Bravo - Consulting Planesa SL
Scrapeado agente: LH Sport & Entertainment  Management, S.L.
Scrapeado agente: Agencia David Copito
Scrapeado agente: Oceans Sport Management S.L
Scrapeado agente: SOCCERMEDIA, S.L.

Procesando batch 13 de URLs
Scrapeado agente: ILUSION SPORT
Scrapeado agente: Silver Sport Manager
Scrapeado agente: SCM Sports Agency
Scrapeado agente: 380amk
Scrapeado agente: Manuel García Quilón
Scrapeado agente: Roalza Sports
Scrapeado agente: INVSPORT
Scrapeado agente: Gesport Espizua SL
Scrapeado agente: PRI Sports Management
Scrapeado agente: ETURE Sports

Procesando batch 14 de URLs
Scrapeado agente: DE 9 FÚTBOL
Scrapeado agente: PAQUITO TERRY SPORT S.L.U
Scrapeado agente: genesia consulting international
Scrapeado agente: Borja Couce
Scrapeado agente: Gestifute
Scrapeado agente: Claudio Curti
Scrapeado agente: By and For Sport Management
Scrapeado agente: Media Base Sports
Scrapeado agente: Lilium By APS
Scrapeado agente: AREA SPORT TEAM

Procesando batch 15 de URLs
Scrapeado agente: Un1que Football
Scrapeado agente: BS Group International
Scrapeado agente: DWMA (Deal With My Agent)
Scrapeado agente: Universal Sport Management SL
Scrapeado agente: Global Goal
Scrapeado agente: Tier One Agency
Scrapeado agente: SSP Sport Strategy
Scrapeado agente: 24ksocceragency
Scrapeado agente: OKON Management
Scrapeado agente: Álvaro Gómez Peñalver

Procesando batch 16 de URLs
Scrapeado agente: CANTERA LATINA / MATIAS BUNGE
Scrapeado agente: HMFootball Sport Management
Scrapeado agente: JCRsport Goalkeeper
Scrapeado agente: 4ComM Career Management
Scrapeado agente: PFA Sports
Scrapeado agente: AK10 STARS
Scrapeado agente: CFA Sports
Scrapeado agente: ABADSPORT
Scrapeado agente: Daniel Rodriguez
Scrapeado agente: Ivan Ishchenko

Procesando batch 17 de URLs
Scrapeado agente: RUNSPC
Scrapeado agente: Eleven Talent Group
Scrapeado agente: Jose Jorge Cuesta
Scrapeado agente: CONTROL ORIENTADO
Scrapeado agente: Proneo Sports S.L.
Scrapeado agente: Javi Torres Management
Scrapeado agente: Aclama Agencia De Representacion SL
Scrapeado agente: Premier Fútbol
Scrapeado agente: AIM fútbol
Scrapeado agente: Vida Mejor Fútbol

Procesando batch 18 de URLs
Scrapeado agente: Branchini Associati S.p.A.
Scrapeado agente: INNOVEX SPORTS MANAGEMENT
Scrapeado agente: TF TRANSFER FOOTBALL MANAGEMENT
Scrapeado agente: GSM SPAIN
Scrapeado agente: GBB SPORTS
Scrapeado agente: MC Striker
Scrapeado agente: RuGonSoccer
Scrapeado agente: 33 Sport
Scrapeado agente: Spanish Football SL
Scrapeado agente: Cebrián Silva, Sports & Entertainment

Procesando batch 19 de URLs
Scrapeado agente: ACE Sports Management
Scrapeado agente: 4 Legends Sport and Management SL
Scrapeado agente: Mars 13 Agency
Scrapeado agente: Archana Mahabiersing
Scrapeado agente: Berlin Sports | Bridge for Talents
Scrapeado agente: Faro Sports
Scrapeado agente: GBG Global Business Group
Scrapeado agente: SL Management Group
Scrapeado agente: Goal International Sports
Scrapeado agente: Footwork Management Limited

Procesando batch 20 de URLs
Scrapeado agente: B|S International Sports Consulting
Scrapeado agente: Pablo Martínez & Chesco Asesoría Deportiva SL
Scrapeado agente: NLN SPORT MANAGEMENT
Scrapeado agente: Intermedia Sport Player
Scrapeado agente: G10 Agencia
Scrapeado agente: GG11
Scrapeado agente: Dvitex Sports Consulting
Scrapeado agente: Evolution Sports Marketing
Scrapeado agente: INTAGTA
Scrapeado agente: Legal & Sport Asesores SL

Procesando batch 21 de URLs
Scrapeado agente: Carrierefoot
Scrapeado agente: MarKel Sports Management
Scrapeado agente: Balance International Group
Scrapeado agente: Team Raiola
Scrapeado agente: DV7 Management
Scrapeado agente: JHSEVENSPORTSCOMPANY
Scrapeado agente: KARAFCA
Scrapeado agente: LA PLAYERS
Scrapeado agente: Kicker Representación & Intermediación
Scrapeado agente: Eleven Stars Advisors Sports Company

Procesando batch 22 de URLs
Scrapeado agente: Iron Stars Sports Management Agency
Scrapeado agente: DS FOOTBALL MANAGER
Scrapeado agente: MadeinFootball
Scrapeado agente: Tiki Taka Group
Scrapeado agente: FOOTBALL TALENT MANAGEMENT
Scrapeado agente: Seven Dreams Soccer
Scrapeado agente: vigba football managment
Scrapeado agente: DANIEL RODRIGUEZ LOZANO
Scrapeado agente: Mmanager
Scrapeado agente: RSWORLDWIDE

Procesando batch 23 de URLs
Scrapeado agente: AC Soccer Team Agency
Scrapeado agente: GR Soccer Management
Scrapeado agente: EF11 SL
Scrapeado agente: Art Sports Management
Scrapeado agente: Anthem Superior Squad Sports Management
Scrapeado agente: International Foot
Scrapeado agente: Roc Nation Sports
Scrapeado agente: Gudelj Sport Management AG
Scrapeado agente: JJ SPORT MANAGERS SL
Scrapeado agente: PRESSIONA SOCCER AGENCY

Procesando batch 24 de URLs
Scrapeado agente: FÚTBOLMORRA
Scrapeado agente: Block Business Sports Management
Scrapeado agente: LAAG SPORTS
Scrapeado agente: ASTON SPORT
Scrapeado agente: MDS Sports Management
Scrapeado agente: Leaders Players Club
Scrapeado agente: TRESGESPORT AD
Scrapeado agente: Galka Scouting Football, S.L.
Scrapeado agente: UruFutbol
Scrapeado agente: MG FÚTBOL AGENCY

Procesando batch 25 de URLs
Scrapeado agente: HCM Sports Management
Scrapeado agente: Pure Sportsmanagement
Scrapeado agente: LIFEPRO
Scrapeado agente: TSM
Scrapeado agente: ML3 Football
Scrapeado agente: All in One Management S.L.
Scrapeado agente: BS & PARTNERS
Scrapeado agente: Futbtalent
Scrapeado agente: TOP REPRESENTACION
Scrapeado agente: JORGE GARCIA SPORTS

Procesando batch 26 de URLs
Scrapeado agente: transferPROsport
Scrapeado agente: Cristian Pelegrin
Scrapeado agente: Robert Madurga Domínguez
Scrapeado agente: Golden Managers
Scrapeado agente: Futgen Talents Agency
Scrapeado agente: Footballmanager10
Scrapeado agente: Soccer Dreams
Scrapeado agente: FUTBOL21 AGENCY
Scrapeado agente: JAPAN SPORTS PROMOTION Co.,LTD.
Scrapeado agente: Can Arikboga - CA-Sportsmanagement GmbH

Procesando batch 27 de URLs
Scrapeado agente: N-360 Agency
Scrapeado agente: Delasport
Scrapeado agente: Duxae Sports
Scrapeado agente: GO FOOTBALL
Scrapeado agente: Wesport Football
Scrapeado agente: SBE Management AG
Scrapeado agente: LIN GROUP
Scrapeado agente: Players Factory
Scrapeado agente: DOUBLED
Scrapeado agente: TGT

Procesando batch 28 de URLs
Scrapeado agente: Diamond Sports Management
Scrapeado agente: TRIPLE MATCH
Scrapeado agente: Growler Sports
Scrapeado agente: YSI Football
Scrapeado agente: Muy Manero
Scrapeado agente: SPORTS ACTION
Scrapeado agente: AAmanagers
Scrapeado agente: Grand Stand
Scrapeado agente: EUROPEAN FOOTBALL JMC AGENCY 2020
Scrapeado agente: Noble Sports Agency S.L

Procesando batch 29 de URLs
Scrapeado agente: TENGOALSPORT
Scrapeado agente: SHOW ME EMOTION
Scrapeado agente: Tibet Sports 360
Scrapeado agente: galvez y oria sport agency
Scrapeado agente: Aspire Management
Scrapeado agente: Cervantes Law & Sports
Scrapeado agente: First Players Agency SL
Scrapeado agente: 442LEGAL
Scrapeado agente: CSA FOOTBALL GROUP
Scrapeado agente: JEP Sports Management

Procesando batch 30 de URLs
Scrapeado agente: AFROSPORT
Scrapeado agente: Score Futbol
Scrapeado agente: MFC SPORTMANAGEMENT
Scrapeado agente: CT10 management Srl
Scrapeado agente: Simpre LLC
Scrapeado agente: Representar Mejor
Scrapeado agente: IMEDIASOCCER
Scrapeado agente: Global Football Management
Scrapeado agente: VV Consulting
Scrapeado agente: Aimsport

Procesando batch 31 de URLs
Scrapeado agente: TopDeals Management
Scrapeado agente: Elite FGC Agency
Scrapeado agente: GUZ&GUAL FA
Scrapeado agente: Only Football
Scrapeado agente: Zanise Sports & Entertainment
Scrapeado agente: Marcelo Tejera
Scrapeado agente: Proeleven S.A.
Scrapeado agente: Optima Sports & Entertainment S.L.
Scrapeado agente: WAKAI SPORTS
Scrapeado agente: Carlos Leite Sports

Procesando batch 32 de URLs
Scrapeado agente: Casado Sport Management
Scrapeado agente: YOUR WAY SPORT
Scrapeado agente: Global Players S.A.
Scrapeado agente: SportsMaxi Management
Scrapeado agente: Next Level 360 Sports Management
Scrapeado agente: Bpoint
Scrapeado agente: LB SPORTS COMPANY LDA
Scrapeado agente: Rubén López Bueno
Scrapeado agente: Football Evolution Agency
Scrapeado agente: Oneteam Marketing Deportivo SL

Procesando batch 33 de URLs
Scrapeado agente: MIV GESTFUT
Scrapeado agente: FUTBOL TALENTS BUSINESS
Scrapeado agente: MAD Football Group
Scrapeado agente: BYPARGENTINA
Scrapeado agente: Rodman Soccer Agency
Scrapeado agente: Greco Group Ltd.
Scrapeado agente: Metromedia Sport, S.L.
Scrapeado agente: Glory Group Ltd.
Scrapeado agente: LeaderS
Scrapeado agente: IBERSPORT

Procesando batch 34 de URLs
Scrapeado agente: RAS11 Sports Consulting
Scrapeado agente: Cros Sports Management
Scrapeado agente: Torwart Management
Scrapeado agente: Soccer Sport International
Scrapeado agente: Black Diamonds Sports Management
Scrapeado agente: MADRID SOCCER REVOLUTION SL
Scrapeado agente: Adrian Lucan
Scrapeado agente: Intermedia Sports Management
Scrapeado agente: PROACTIVE SPORT MANAGEMENT
Scrapeado agente: BE ONE STAR

Procesando batch 35 de URLs
Scrapeado agente: Gaetano Montalbano

-------------------------------------------------------------------------------------------------
Scrapeados 351 agentes.
-------------------------------------------------------------------------------------------------

-------------------------------------------------------------------------------------------------
Estadísticas de scraping
-------------------------------------------------------------------------------------------------

Páginas únicas scrapeadas: 351

Asyncio semaphore: 10

Tamaño del chunk: 10

Páginas fallidas: 0

-------------------------------------------------------------------------------------------------
Reintento 1
-------------------------------------------------------------------------------------------------

-------------------------------------------------------------------------------------------------
Reintento 2
-------------------------------------------------------------------------------------------------

-------------------------------------------------------------------------------------------------
Reintento 3
-------------------------------------------------------------------------------------------------

-------------------------------------------------------------------------------------------------
Reintento 4
-------------------------------------------------------------------------------------------------

-------------------------------------------------------------------------------------------------
Reintento 5
-------------------------------------------------------------------------------------------------

-------------------------------------------------------------------------------------------------
Reintento 6
-------------------------------------------------------------------------------------------------

-------------------------------------------------------------------------------------------------
Reintento 7
-------------------------------------------------------------------------------------------------

-------------------------------------------------------------------------------------------------
Fichero JSON
-------------------------------------------------------------------------------------------------
Fichero creado: c:\Users\alexl\OneDrive - Universidade de Santiago de Compostela\TFG\Scraping\extraccion\representantes\resultados\datos_representantes.json

Tiempo total de ejecución: 9 minutos y 41.06 segundos
